[0.595s] DEBUG:colcon:Command line arguments: ['/usr/bin/colcon', 'build', '--packages-select', 'agv_controller', '--symlink-install']
[0.595s] DEBUG:colcon:Parsed command line arguments: Namespace(log_base=None, log_level=None, verb_name='build', build_base='build', install_base='install', merge_install=False, symlink_install=True, test_result_base=None, continue_on_error=False, executor='parallel', parallel_workers=4, event_handlers=None, ignore_user_meta=False, metas=['./colcon.meta'], base_paths=['.'], packages_ignore=None, packages_ignore_regex=None, paths=None, packages_up_to=None, packages_up_to_regex=None, packages_above=None, packages_above_and_dependencies=None, packages_above_depth=None, packages_select_by_dep=None, packages_skip_by_dep=None, packages_skip_up_to=None, packages_select_build_failed=False, packages_skip_build_finished=False, packages_select_test_failures=False, packages_skip_test_passed=False, packages_select=['agv_controller'], packages_skip=None, packages_select_regex=None, packages_skip_regex=None, packages_start=None, packages_end=None, allow_overriding=[], cmake_args=None, cmake_target=None, cmake_target_skip_unavailable=False, cmake_clean_cache=False, cmake_clean_first=False, cmake_force_configure=False, ament_cmake_args=None, catkin_cmake_args=None, catkin_skip_building_tests=False, verb_parser=<colcon_defaults.argument_parser.defaults.DefaultArgumentsDecorator object at 0xffff96fe3430>, verb_extension=<colcon_core.verb.build.BuildVerb object at 0xffff97128940>, main=<bound method BuildVerb.main of <colcon_core.verb.build.BuildVerb object at 0xffff97128940>>)
[1.733s] Level 1:colcon.colcon_core.package_discovery:discover_packages(colcon_meta) check parameters
[1.734s] Level 1:colcon.colcon_core.package_discovery:discover_packages(recursive) check parameters
[1.734s] Level 1:colcon.colcon_core.package_discovery:discover_packages(ignore) check parameters
[1.734s] Level 1:colcon.colcon_core.package_discovery:discover_packages(path) check parameters
[1.734s] Level 1:colcon.colcon_core.package_discovery:discover_packages(colcon_meta) discover
[1.734s] Level 1:colcon.colcon_core.package_discovery:discover_packages(recursive) discover
[1.735s] INFO:colcon.colcon_core.package_discovery:Crawling recursively for packages in '/home/dinhsieu/turtlebot3_pi_ws'
[1.736s] Level 1:colcon.colcon_core.package_identification:_identify(.) by extensions ['ignore', 'ignore_ament_install']
[1.736s] Level 1:colcon.colcon_core.package_identification:_identify(.) by extension 'ignore'
[1.736s] Level 1:colcon.colcon_core.package_identification:_identify(.) by extension 'ignore_ament_install'
[1.737s] Level 1:colcon.colcon_core.package_identification:_identify(.) by extensions ['colcon_pkg']
[1.737s] Level 1:colcon.colcon_core.package_identification:_identify(.) by extension 'colcon_pkg'
[1.737s] Level 1:colcon.colcon_core.package_identification:_identify(.) by extensions ['colcon_meta']
[1.737s] Level 1:colcon.colcon_core.package_identification:_identify(.) by extension 'colcon_meta'
[1.737s] Level 1:colcon.colcon_core.package_identification:_identify(.) by extensions ['ros']
[1.738s] Level 1:colcon.colcon_core.package_identification:_identify(.) by extension 'ros'
[1.923s] Level 1:colcon.colcon_core.package_identification:_identify(.) by extensions ['cmake', 'python']
[1.923s] Level 1:colcon.colcon_core.package_identification:_identify(.) by extension 'cmake'
[1.924s] Level 1:colcon.colcon_core.package_identification:_identify(.) by extension 'python'
[1.924s] Level 1:colcon.colcon_core.package_identification:_identify(.) by extensions ['python_setup_py']
[1.924s] Level 1:colcon.colcon_core.package_identification:_identify(.) by extension 'python_setup_py'
[1.925s] Level 1:colcon.colcon_core.package_identification:_identify(build) by extensions ['ignore', 'ignore_ament_install']
[1.925s] Level 1:colcon.colcon_core.package_identification:_identify(build) by extension 'ignore'
[1.925s] Level 1:colcon.colcon_core.package_identification:_identify(build) ignored
[1.926s] Level 1:colcon.colcon_core.package_identification:_identify(install) by extensions ['ignore', 'ignore_ament_install']
[1.926s] Level 1:colcon.colcon_core.package_identification:_identify(install) by extension 'ignore'
[1.927s] Level 1:colcon.colcon_core.package_identification:_identify(install) ignored
[1.929s] Level 1:colcon.colcon_core.package_identification:_identify(log) by extensions ['ignore', 'ignore_ament_install']
[1.929s] Level 1:colcon.colcon_core.package_identification:_identify(log) by extension 'ignore'
[1.929s] Level 1:colcon.colcon_core.package_identification:_identify(log) ignored
[1.930s] Level 1:colcon.colcon_core.package_identification:_identify(square_test_data) by extensions ['ignore', 'ignore_ament_install']
[1.930s] Level 1:colcon.colcon_core.package_identification:_identify(square_test_data) by extension 'ignore'
[1.930s] Level 1:colcon.colcon_core.package_identification:_identify(square_test_data) by extension 'ignore_ament_install'
[1.930s] Level 1:colcon.colcon_core.package_identification:_identify(square_test_data) by extensions ['colcon_pkg']
[1.931s] Level 1:colcon.colcon_core.package_identification:_identify(square_test_data) by extension 'colcon_pkg'
[1.931s] Level 1:colcon.colcon_core.package_identification:_identify(square_test_data) by extensions ['colcon_meta']
[1.931s] Level 1:colcon.colcon_core.package_identification:_identify(square_test_data) by extension 'colcon_meta'
[1.931s] Level 1:colcon.colcon_core.package_identification:_identify(square_test_data) by extensions ['ros']
[1.931s] Level 1:colcon.colcon_core.package_identification:_identify(square_test_data) by extension 'ros'
[1.932s] Level 1:colcon.colcon_core.package_identification:_identify(square_test_data) by extensions ['cmake', 'python']
[1.932s] Level 1:colcon.colcon_core.package_identification:_identify(square_test_data) by extension 'cmake'
[1.932s] Level 1:colcon.colcon_core.package_identification:_identify(square_test_data) by extension 'python'
[1.932s] Level 1:colcon.colcon_core.package_identification:_identify(square_test_data) by extensions ['python_setup_py']
[1.932s] Level 1:colcon.colcon_core.package_identification:_identify(square_test_data) by extension 'python_setup_py'
[1.933s] Level 1:colcon.colcon_core.package_identification:_identify(src) by extensions ['ignore', 'ignore_ament_install']
[1.933s] Level 1:colcon.colcon_core.package_identification:_identify(src) by extension 'ignore'
[1.933s] Level 1:colcon.colcon_core.package_identification:_identify(src) by extension 'ignore_ament_install'
[1.934s] Level 1:colcon.colcon_core.package_identification:_identify(src) by extensions ['colcon_pkg']
[1.934s] Level 1:colcon.colcon_core.package_identification:_identify(src) by extension 'colcon_pkg'
[1.934s] Level 1:colcon.colcon_core.package_identification:_identify(src) by extensions ['colcon_meta']
[1.934s] Level 1:colcon.colcon_core.package_identification:_identify(src) by extension 'colcon_meta'
[1.934s] Level 1:colcon.colcon_core.package_identification:_identify(src) by extensions ['ros']
[1.934s] Level 1:colcon.colcon_core.package_identification:_identify(src) by extension 'ros'
[1.935s] Level 1:colcon.colcon_core.package_identification:_identify(src) by extensions ['cmake', 'python']
[1.935s] Level 1:colcon.colcon_core.package_identification:_identify(src) by extension 'cmake'
[1.935s] Level 1:colcon.colcon_core.package_identification:_identify(src) by extension 'python'
[1.935s] Level 1:colcon.colcon_core.package_identification:_identify(src) by extensions ['python_setup_py']
[1.935s] Level 1:colcon.colcon_core.package_identification:_identify(src) by extension 'python_setup_py'
[1.936s] Level 1:colcon.colcon_core.package_identification:_identify(src/GUI) by extensions ['ignore', 'ignore_ament_install']
[1.936s] Level 1:colcon.colcon_core.package_identification:_identify(src/GUI) by extension 'ignore'
[1.936s] Level 1:colcon.colcon_core.package_identification:_identify(src/GUI) by extension 'ignore_ament_install'
[1.937s] Level 1:colcon.colcon_core.package_identification:_identify(src/GUI) by extensions ['colcon_pkg']
[1.937s] Level 1:colcon.colcon_core.package_identification:_identify(src/GUI) by extension 'colcon_pkg'
[1.937s] Level 1:colcon.colcon_core.package_identification:_identify(src/GUI) by extensions ['colcon_meta']
[1.937s] Level 1:colcon.colcon_core.package_identification:_identify(src/GUI) by extension 'colcon_meta'
[1.937s] Level 1:colcon.colcon_core.package_identification:_identify(src/GUI) by extensions ['ros']
[1.938s] Level 1:colcon.colcon_core.package_identification:_identify(src/GUI) by extension 'ros'
[1.938s] Level 1:colcon.colcon_core.package_identification:_identify(src/GUI) by extensions ['cmake', 'python']
[1.938s] Level 1:colcon.colcon_core.package_identification:_identify(src/GUI) by extension 'cmake'
[1.938s] Level 1:colcon.colcon_core.package_identification:_identify(src/GUI) by extension 'python'
[1.938s] Level 1:colcon.colcon_core.package_identification:_identify(src/GUI) by extensions ['python_setup_py']
[1.939s] Level 1:colcon.colcon_core.package_identification:_identify(src/GUI) by extension 'python_setup_py'
[1.939s] Level 1:colcon.colcon_core.package_identification:_identify(src/agv_controller) by extensions ['ignore', 'ignore_ament_install']
[1.939s] Level 1:colcon.colcon_core.package_identification:_identify(src/agv_controller) by extension 'ignore'
[1.940s] Level 1:colcon.colcon_core.package_identification:_identify(src/agv_controller) by extension 'ignore_ament_install'
[1.940s] Level 1:colcon.colcon_core.package_identification:_identify(src/agv_controller) by extensions ['colcon_pkg']
[1.940s] Level 1:colcon.colcon_core.package_identification:_identify(src/agv_controller) by extension 'colcon_pkg'
[1.940s] Level 1:colcon.colcon_core.package_identification:_identify(src/agv_controller) by extensions ['colcon_meta']
[1.940s] Level 1:colcon.colcon_core.package_identification:_identify(src/agv_controller) by extension 'colcon_meta'
[1.941s] Level 1:colcon.colcon_core.package_identification:_identify(src/agv_controller) by extensions ['ros']
[1.941s] Level 1:colcon.colcon_core.package_identification:_identify(src/agv_controller) by extension 'ros'
[1.964s] DEBUG:colcon.colcon_core.package_identification:Package 'src/agv_controller' with type 'ros.ament_python' and name 'agv_controller'
[1.965s] Level 1:colcon.colcon_core.package_identification:_identify(src/hls_lfcd_lds_driver) by extensions ['ignore', 'ignore_ament_install']
[1.966s] Level 1:colcon.colcon_core.package_identification:_identify(src/hls_lfcd_lds_driver) by extension 'ignore'
[1.966s] Level 1:colcon.colcon_core.package_identification:_identify(src/hls_lfcd_lds_driver) by extension 'ignore_ament_install'
[1.966s] Level 1:colcon.colcon_core.package_identification:_identify(src/hls_lfcd_lds_driver) by extensions ['colcon_pkg']
[1.966s] Level 1:colcon.colcon_core.package_identification:_identify(src/hls_lfcd_lds_driver) by extension 'colcon_pkg'
[1.967s] Level 1:colcon.colcon_core.package_identification:_identify(src/hls_lfcd_lds_driver) by extensions ['colcon_meta']
[1.967s] Level 1:colcon.colcon_core.package_identification:_identify(src/hls_lfcd_lds_driver) by extension 'colcon_meta'
[1.967s] Level 1:colcon.colcon_core.package_identification:_identify(src/hls_lfcd_lds_driver) by extensions ['ros']
[1.967s] Level 1:colcon.colcon_core.package_identification:_identify(src/hls_lfcd_lds_driver) by extension 'ros'
[1.974s] DEBUG:colcon.colcon_core.package_identification:Package 'src/hls_lfcd_lds_driver' with type 'ros.ament_cmake' and name 'hls_lfcd_lds_driver'
[1.974s] Level 1:colcon.colcon_core.package_discovery:discover_packages(recursive) using defaults
[1.974s] Level 1:colcon.colcon_core.package_discovery:discover_packages(ignore) discover
[1.975s] Level 1:colcon.colcon_core.package_discovery:discover_packages(ignore) using defaults
[1.975s] Level 1:colcon.colcon_core.package_discovery:discover_packages(path) discover
[1.975s] Level 1:colcon.colcon_core.package_discovery:discover_packages(path) using defaults
[2.123s] INFO:colcon.colcon_core.package_selection:Skipping not selected package 'hls_lfcd_lds_driver' in 'src/hls_lfcd_lds_driver'
[2.127s] Level 1:colcon.colcon_core.package_discovery:discover_packages(prefix_path) check parameters
[2.127s] Level 1:colcon.colcon_core.package_discovery:discover_packages(prefix_path) discover
[2.140s] DEBUG:colcon.colcon_installed_package_information.package_discovery:Found 2 installed packages in /home/dinhsieu/turtlebot3_pi_ws/install
[2.150s] DEBUG:colcon.colcon_installed_package_information.package_discovery:Found 260 installed packages in /opt/ros/humble
[2.156s] Level 1:colcon.colcon_core.package_discovery:discover_packages(prefix_path) using defaults
[2.318s] Level 5:colcon.colcon_core.verb:set package 'agv_controller' build argument 'cmake_args' from command line to 'None'
[2.318s] Level 5:colcon.colcon_core.verb:set package 'agv_controller' build argument 'cmake_target' from command line to 'None'
[2.318s] Level 5:colcon.colcon_core.verb:set package 'agv_controller' build argument 'cmake_target_skip_unavailable' from command line to 'False'
[2.319s] Level 5:colcon.colcon_core.verb:set package 'agv_controller' build argument 'cmake_clean_cache' from command line to 'False'
[2.319s] Level 5:colcon.colcon_core.verb:set package 'agv_controller' build argument 'cmake_clean_first' from command line to 'False'
[2.319s] Level 5:colcon.colcon_core.verb:set package 'agv_controller' build argument 'cmake_force_configure' from command line to 'False'
[2.319s] Level 5:colcon.colcon_core.verb:set package 'agv_controller' build argument 'ament_cmake_args' from command line to 'None'
[2.319s] Level 5:colcon.colcon_core.verb:set package 'agv_controller' build argument 'catkin_cmake_args' from command line to 'None'
[2.319s] Level 5:colcon.colcon_core.verb:set package 'agv_controller' build argument 'catkin_skip_building_tests' from command line to 'False'
[2.319s] DEBUG:colcon.colcon_core.verb:Building package 'agv_controller' with the following arguments: {'ament_cmake_args': None, 'build_base': '/home/dinhsieu/turtlebot3_pi_ws/build/agv_controller', 'catkin_cmake_args': None, 'catkin_skip_building_tests': False, 'cmake_args': None, 'cmake_clean_cache': False, 'cmake_clean_first': False, 'cmake_force_configure': False, 'cmake_target': None, 'cmake_target_skip_unavailable': False, 'install_base': '/home/dinhsieu/turtlebot3_pi_ws/install/agv_controller', 'merge_install': False, 'path': '/home/dinhsieu/turtlebot3_pi_ws/src/agv_controller', 'symlink_install': True, 'test_result_base': None}
[2.320s] INFO:colcon.colcon_core.executor:Executing jobs using 'parallel' executor
[2.323s] DEBUG:colcon.colcon_parallel_executor.executor.parallel:run_until_complete
[2.324s] INFO:colcon.colcon_ros.task.ament_python.build:Building ROS package in '/home/dinhsieu/turtlebot3_pi_ws/src/agv_controller' with build type 'ament_python'
[2.325s] Level 1:colcon.colcon_core.shell:create_environment_hook('agv_controller', 'ament_prefix_path')
[2.343s] INFO:colcon.colcon_core.plugin_system:Skipping extension 'colcon_core.shell.bat': Not used on non-Windows systems
[2.345s] INFO:colcon.colcon_core.shell:Creating environment hook '/home/dinhsieu/turtlebot3_pi_ws/install/agv_controller/share/agv_controller/hook/ament_prefix_path.ps1'
[2.349s] INFO:colcon.colcon_core.shell:Creating environment descriptor '/home/dinhsieu/turtlebot3_pi_ws/install/agv_controller/share/agv_controller/hook/ament_prefix_path.dsv'
[2.355s] INFO:colcon.colcon_core.shell:Creating environment hook '/home/dinhsieu/turtlebot3_pi_ws/install/agv_controller/share/agv_controller/hook/ament_prefix_path.sh'
[2.360s] INFO:colcon.colcon_core.shell:Skip shell extension 'powershell' for command environment: Not usable outside of PowerShell
[2.361s] DEBUG:colcon.colcon_core.shell:Skip shell extension 'dsv' for command environment
[3.539s] INFO:colcon.colcon_core.task.python.build:Building Python package in '/home/dinhsieu/turtlebot3_pi_ws/src/agv_controller'
[3.540s] INFO:colcon.colcon_core.shell:Skip shell extension 'powershell' for command environment: Not usable outside of PowerShell
[3.540s] DEBUG:colcon.colcon_core.shell:Skip shell extension 'dsv' for command environment
[5.757s] DEBUG:colcon.colcon_core.event_handler.log_command:Invoking command in '/home/dinhsieu/turtlebot3_pi_ws/build/agv_controller': PYTHONPATH=/home/dinhsieu/turtlebot3_pi_ws/build/agv_controller/prefix_override:/usr/lib/python3/dist-packages/colcon_core/task/python/colcon_distutils_commands:/home/dinhsieu/turtlebot3_pi_ws/install/agv_controller/lib/python3.10/site-packages:${PYTHONPATH} /usr/bin/python3 -W ignore:setup.py install is deprecated -W ignore:easy_install command is deprecated setup.py develop --editable --build-directory /home/dinhsieu/turtlebot3_pi_ws/build/agv_controller/build --no-deps symlink_data
[7.777s] Level 1:colcon.colcon_core.shell:create_environment_hook('agv_controller', 'pythonpath_develop')
[7.778s] INFO:colcon.colcon_core.shell:Creating environment hook '/home/dinhsieu/turtlebot3_pi_ws/build/agv_controller/share/agv_controller/hook/pythonpath_develop.ps1'
[7.779s] DEBUG:colcon.colcon_core.event_handler.log_command:Invoked command in '/home/dinhsieu/turtlebot3_pi_ws/build/agv_controller' returned '0': PYTHONPATH=/home/dinhsieu/turtlebot3_pi_ws/build/agv_controller/prefix_override:/usr/lib/python3/dist-packages/colcon_core/task/python/colcon_distutils_commands:/home/dinhsieu/turtlebot3_pi_ws/install/agv_controller/lib/python3.10/site-packages:${PYTHONPATH} /usr/bin/python3 -W ignore:setup.py install is deprecated -W ignore:easy_install command is deprecated setup.py develop --editable --build-directory /home/dinhsieu/turtlebot3_pi_ws/build/agv_controller/build --no-deps symlink_data
[7.781s] INFO:colcon.colcon_core.shell:Creating environment descriptor '/home/dinhsieu/turtlebot3_pi_ws/build/agv_controller/share/agv_controller/hook/pythonpath_develop.dsv'
[7.784s] INFO:colcon.colcon_core.shell:Creating environment hook '/home/dinhsieu/turtlebot3_pi_ws/build/agv_controller/share/agv_controller/hook/pythonpath_develop.sh'
[7.807s] Level 1:colcon.colcon_core.environment:checking '/home/dinhsieu/turtlebot3_pi_ws/install/agv_controller' for CMake module files
[7.810s] Level 1:colcon.colcon_core.environment:checking '/home/dinhsieu/turtlebot3_pi_ws/install/agv_controller' for CMake config files
[7.814s] Level 1:colcon.colcon_core.environment:checking '/home/dinhsieu/turtlebot3_pi_ws/install/agv_controller/lib'
[7.815s] Level 1:colcon.colcon_core.environment:checking '/home/dinhsieu/turtlebot3_pi_ws/install/agv_controller/bin'
[7.815s] Level 1:colcon.colcon_core.environment:checking '/home/dinhsieu/turtlebot3_pi_ws/install/agv_controller/lib/pkgconfig/agv_controller.pc'
[7.817s] Level 1:colcon.colcon_core.environment:checking '/home/dinhsieu/turtlebot3_pi_ws/install/agv_controller/lib/python3.10/site-packages'
[7.817s] Level 1:colcon.colcon_core.shell:create_environment_hook('agv_controller', 'pythonpath')
[7.818s] INFO:colcon.colcon_core.shell:Creating environment hook '/home/dinhsieu/turtlebot3_pi_ws/install/agv_controller/share/agv_controller/hook/pythonpath.ps1'
[7.820s] INFO:colcon.colcon_core.shell:Creating environment descriptor '/home/dinhsieu/turtlebot3_pi_ws/install/agv_controller/share/agv_controller/hook/pythonpath.dsv'
[7.822s] INFO:colcon.colcon_core.shell:Creating environment hook '/home/dinhsieu/turtlebot3_pi_ws/install/agv_controller/share/agv_controller/hook/pythonpath.sh'
[7.825s] Level 1:colcon.colcon_core.environment:checking '/home/dinhsieu/turtlebot3_pi_ws/install/agv_controller/bin'
[7.826s] Level 1:colcon.colcon_core.environment:create_environment_scripts_only(agv_controller)
[7.827s] INFO:colcon.colcon_core.shell:Creating package script '/home/dinhsieu/turtlebot3_pi_ws/install/agv_controller/share/agv_controller/package.ps1'
[7.833s] INFO:colcon.colcon_core.shell:Creating package descriptor '/home/dinhsieu/turtlebot3_pi_ws/install/agv_controller/share/agv_controller/package.dsv'
[7.837s] INFO:colcon.colcon_core.shell:Creating package script '/home/dinhsieu/turtlebot3_pi_ws/install/agv_controller/share/agv_controller/package.sh'
[7.841s] INFO:colcon.colcon_core.shell:Creating package script '/home/dinhsieu/turtlebot3_pi_ws/install/agv_controller/share/agv_controller/package.bash'
[7.846s] INFO:colcon.colcon_core.shell:Creating package script '/home/dinhsieu/turtlebot3_pi_ws/install/agv_controller/share/agv_controller/package.zsh'
[7.852s] Level 1:colcon.colcon_core.environment:create_file_with_runtime_dependencies(/home/dinhsieu/turtlebot3_pi_ws/install/agv_controller/share/colcon-core/packages/agv_controller)
[7.854s] DEBUG:colcon.colcon_parallel_executor.executor.parallel:closing loop
[7.858s] DEBUG:colcon.colcon_parallel_executor.executor.parallel:loop closed
[7.858s] DEBUG:colcon.colcon_parallel_executor.executor.parallel:run_until_complete finished with '0'
[7.859s] DEBUG:colcon.colcon_core.event_reactor:joining thread
[7.885s] INFO:colcon.colcon_core.plugin_system:Skipping extension 'colcon_notification.desktop_notification.notify_send': Could not find 'notify-send'
[7.886s] INFO:colcon.colcon_core.plugin_system:Skipping extension 'colcon_notification.desktop_notification.terminal_notifier': Not used on non-Darwin systems
[7.886s] INFO:colcon.colcon_core.plugin_system:Skipping extension 'colcon_notification.desktop_notification.win32': Not used on non-Windows systems
[7.886s] INFO:colcon.colcon_notification.desktop_notification:Sending desktop notification using 'notify2'
[7.920s] DEBUG:colcon.colcon_notification.desktop_notification.notify2:Failed to initialize notify2: org.freedesktop.DBus.Error.ServiceUnknown: The name org.freedesktop.Notifications was not provided by any .service files
[7.921s] DEBUG:colcon.colcon_core.event_reactor:joined thread
[7.923s] INFO:colcon.colcon_core.shell:Creating prefix script '/home/dinhsieu/turtlebot3_pi_ws/install/local_setup.ps1'
[7.930s] INFO:colcon.colcon_core.shell:Creating prefix util module '/home/dinhsieu/turtlebot3_pi_ws/install/_local_setup_util_ps1.py'
[7.940s] INFO:colcon.colcon_core.shell:Creating prefix chain script '/home/dinhsieu/turtlebot3_pi_ws/install/setup.ps1'
[7.963s] INFO:colcon.colcon_core.shell:Creating prefix script '/home/dinhsieu/turtlebot3_pi_ws/install/local_setup.sh'
[7.986s] INFO:colcon.colcon_core.shell:Creating prefix util module '/home/dinhsieu/turtlebot3_pi_ws/install/_local_setup_util_sh.py'
[7.991s] INFO:colcon.colcon_core.shell:Creating prefix chain script '/home/dinhsieu/turtlebot3_pi_ws/install/setup.sh'
[8.001s] INFO:colcon.colcon_core.shell:Creating prefix script '/home/dinhsieu/turtlebot3_pi_ws/install/local_setup.bash'
[8.006s] INFO:colcon.colcon_core.shell:Creating prefix chain script '/home/dinhsieu/turtlebot3_pi_ws/install/setup.bash'
[8.012s] INFO:colcon.colcon_core.shell:Creating prefix script '/home/dinhsieu/turtlebot3_pi_ws/install/local_setup.zsh'
[8.016s] INFO:colcon.colcon_core.shell:Creating prefix chain script '/home/dinhsieu/turtlebot3_pi_ws/install/setup.zsh'
