[1.161s] Invoking command in '/home/dinhsieu/turtlebot3_pi_ws/build/hls_lfcd_lds_driver': CMAKE_PREFIX_PATH=${CMAKE_PREFIX_PATH}:/home/dinhsieu/turtlebot3_pi_ws/install/agv_controller:/opt/ros/humble /usr/bin/cmake --build /home/dinhsieu/turtlebot3_pi_ws/build/hls_lfcd_lds_driver -- -j4 -l4
[1.540s] [100%] Built target hlds_laser_publisher
[1.583s] Invoked command in '/home/dinhsieu/turtlebot3_pi_ws/build/hls_lfcd_lds_driver' returned '0': CMAKE_PREFIX_PATH=${CMAKE_PREFIX_PATH}:/home/dinhsieu/turtlebot3_pi_ws/install/agv_controller:/opt/ros/humble /usr/bin/cmake --build /home/dinhsieu/turtlebot3_pi_ws/build/hls_lfcd_lds_driver -- -j4 -l4
[1.627s] Invoking command in '/home/dinhsieu/turtlebot3_pi_ws/build/hls_lfcd_lds_driver': CMAKE_PREFIX_PATH=${CMAKE_PREFIX_PATH}:/home/dinhsieu/turtlebot3_pi_ws/install/agv_controller:/opt/ros/humble /usr/bin/cmake --install /home/dinhsieu/turtlebot3_pi_ws/build/hls_lfcd_lds_driver
[1.654s] -- Install configuration: ""
[1.661s] -- Execute custom install script
[1.666s] -- Up-to-date symlink: /home/dinhsieu/turtlebot3_pi_ws/install/hls_lfcd_lds_driver/share/hls_lfcd_lds_driver/launch/hlds_laser.launch.py
[1.668s] -- Up-to-date symlink: /home/dinhsieu/turtlebot3_pi_ws/install/hls_lfcd_lds_driver/share/hls_lfcd_lds_driver/launch/view_hlds_laser.launch.py
[1.670s] -- Up-to-date symlink: /home/dinhsieu/turtlebot3_pi_ws/install/hls_lfcd_lds_driver/share/hls_lfcd_lds_driver/rviz/hlds_laser.rviz
[1.672s] -- Up-to-date symlink: /home/dinhsieu/turtlebot3_pi_ws/install/hls_lfcd_lds_driver/lib/hls_lfcd_lds_driver/hlds_laser_publisher
[1.673s] -- Up-to-date symlink: /home/dinhsieu/turtlebot3_pi_ws/install/hls_lfcd_lds_driver/share/ament_index/resource_index/package_run_dependencies/hls_lfcd_lds_driver
[1.675s] -- Up-to-date symlink: /home/dinhsieu/turtlebot3_pi_ws/install/hls_lfcd_lds_driver/share/ament_index/resource_index/parent_prefix_path/hls_lfcd_lds_driver
[1.676s] -- Up-to-date symlink: /home/dinhsieu/turtlebot3_pi_ws/install/hls_lfcd_lds_driver/share/hls_lfcd_lds_driver/environment/ament_prefix_path.sh
[1.678s] -- Up-to-date symlink: /home/dinhsieu/turtlebot3_pi_ws/install/hls_lfcd_lds_driver/share/hls_lfcd_lds_driver/environment/ament_prefix_path.dsv
[1.679s] -- Up-to-date symlink: /home/dinhsieu/turtlebot3_pi_ws/install/hls_lfcd_lds_driver/share/hls_lfcd_lds_driver/environment/path.sh
[1.681s] -- Up-to-date symlink: /home/dinhsieu/turtlebot3_pi_ws/install/hls_lfcd_lds_driver/share/hls_lfcd_lds_driver/environment/path.dsv
[1.682s] -- Up-to-date symlink: /home/dinhsieu/turtlebot3_pi_ws/install/hls_lfcd_lds_driver/share/hls_lfcd_lds_driver/local_setup.bash
[1.683s] -- Up-to-date symlink: /home/dinhsieu/turtlebot3_pi_ws/install/hls_lfcd_lds_driver/share/hls_lfcd_lds_driver/local_setup.sh
[1.685s] -- Up-to-date symlink: /home/dinhsieu/turtlebot3_pi_ws/install/hls_lfcd_lds_driver/share/hls_lfcd_lds_driver/local_setup.zsh
[1.686s] -- Up-to-date symlink: /home/dinhsieu/turtlebot3_pi_ws/install/hls_lfcd_lds_driver/share/hls_lfcd_lds_driver/local_setup.dsv
[1.687s] -- Symlinking: /home/dinhsieu/turtlebot3_pi_ws/install/hls_lfcd_lds_driver/share/hls_lfcd_lds_driver/package.dsv
[1.722s] -- Up-to-date symlink: /home/dinhsieu/turtlebot3_pi_ws/install/hls_lfcd_lds_driver/share/ament_index/resource_index/packages/hls_lfcd_lds_driver
[1.724s] -- Up-to-date symlink: /home/dinhsieu/turtlebot3_pi_ws/install/hls_lfcd_lds_driver/share/hls_lfcd_lds_driver/cmake/ament_cmake_export_dependencies-extras.cmake
[1.725s] -- Up-to-date symlink: /home/dinhsieu/turtlebot3_pi_ws/install/hls_lfcd_lds_driver/share/hls_lfcd_lds_driver/cmake/ament_cmake_export_include_directories-extras.cmake
[1.726s] -- Up-to-date symlink: /home/dinhsieu/turtlebot3_pi_ws/install/hls_lfcd_lds_driver/share/hls_lfcd_lds_driver/cmake/hls_lfcd_lds_driverConfig.cmake
[1.727s] -- Up-to-date symlink: /home/dinhsieu/turtlebot3_pi_ws/install/hls_lfcd_lds_driver/share/hls_lfcd_lds_driver/cmake/hls_lfcd_lds_driverConfig-version.cmake
[1.728s] -- Up-to-date symlink: /home/dinhsieu/turtlebot3_pi_ws/install/hls_lfcd_lds_driver/share/hls_lfcd_lds_driver/package.xml
[1.735s] Invoked command in '/home/dinhsieu/turtlebot3_pi_ws/build/hls_lfcd_lds_driver' returned '0': CMAKE_PREFIX_PATH=${CMAKE_PREFIX_PATH}:/home/dinhsieu/turtlebot3_pi_ws/install/agv_controller:/opt/ros/humble /usr/bin/cmake --install /home/dinhsieu/turtlebot3_pi_ws/build/hls_lfcd_lds_driver
