[1.194s] Invoking command in '/home/dinhsieu/turtlebot3_pi_ws/build/hls_lfcd_lds_driver': CMAKE_PREFIX_PATH=${CMAKE_PREFIX_PATH}:/home/dinhsieu/turtlebot3_pi_ws/install/agv_controller:/opt/ros/humble /usr/bin/cmake /home/dinhsieu/turtlebot3_pi_ws/src/hls_lfcd_lds_driver -DCMAKE_INSTALL_PREFIX=/home/dinhsieu/turtlebot3_pi_ws/install/hls_lfcd_lds_driver
[1.248s] -- Found ament_cmake: 1.3.12 (/opt/ros/humble/share/ament_cmake/cmake)
[1.865s] -- Override CMake install command with custom implementation using symlinks instead of copying resources
[1.904s] -- Found rclcpp: 16.0.17 (/opt/ros/humble/share/rclcpp/cmake)
[2.077s] -- Found rosidl_generator_c: 3.1.8 (/opt/ros/humble/share/rosidl_generator_c/cmake)
[2.089s] -- Found rosidl_adapter: 3.1.8 (/opt/ros/humble/share/rosidl_adapter/cmake)
[2.117s] -- Found rosidl_generator_cpp: 3.1.8 (/opt/ros/humble/share/rosidl_generator_cpp/cmake)
[2.159s] -- Using all available rosidl_typesupport_c: rosidl_typesupport_fastrtps_c;rosidl_typesupport_introspection_c
[2.216s] -- Using all available rosidl_typesupport_cpp: rosidl_typesupport_fastrtps_cpp;rosidl_typesupport_introspection_cpp
[2.383s] -- Found rmw_implementation_cmake: 6.1.2 (/opt/ros/humble/share/rmw_implementation_cmake/cmake)
[2.393s] -- Found rmw_cyclonedds_cpp: 1.3.4 (/opt/ros/humble/share/rmw_cyclonedds_cpp/cmake)
[2.498s] -- Using RMW implementation 'rmw_cyclonedds_cpp' as default
[2.736s] -- Found sensor_msgs: 4.9.0 (/opt/ros/humble/share/sensor_msgs/cmake)
[3.433s] -- Configuring done
[3.502s] -- Generating done
[3.522s] -- Build files have been written to: /home/dinhsieu/turtlebot3_pi_ws/build/hls_lfcd_lds_driver
[3.543s] Invoked command in '/home/dinhsieu/turtlebot3_pi_ws/build/hls_lfcd_lds_driver' returned '0': CMAKE_PREFIX_PATH=${CMAKE_PREFIX_PATH}:/home/dinhsieu/turtlebot3_pi_ws/install/agv_controller:/opt/ros/humble /usr/bin/cmake /home/dinhsieu/turtlebot3_pi_ws/src/hls_lfcd_lds_driver -DCMAKE_INSTALL_PREFIX=/home/dinhsieu/turtlebot3_pi_ws/install/hls_lfcd_lds_driver
[3.554s] Invoking command in '/home/dinhsieu/turtlebot3_pi_ws/build/hls_lfcd_lds_driver': CMAKE_PREFIX_PATH=${CMAKE_PREFIX_PATH}:/home/dinhsieu/turtlebot3_pi_ws/install/agv_controller:/opt/ros/humble /usr/bin/cmake --build /home/dinhsieu/turtlebot3_pi_ws/build/hls_lfcd_lds_driver -- -j4 -l4
[3.726s] [35m[1mConsolidate compiler generated dependencies of target hlds_laser_publisher[0m
[3.909s] [100%] Built target hlds_laser_publisher
[3.951s] Invoked command in '/home/dinhsieu/turtlebot3_pi_ws/build/hls_lfcd_lds_driver' returned '0': CMAKE_PREFIX_PATH=${CMAKE_PREFIX_PATH}:/home/dinhsieu/turtlebot3_pi_ws/install/agv_controller:/opt/ros/humble /usr/bin/cmake --build /home/dinhsieu/turtlebot3_pi_ws/build/hls_lfcd_lds_driver -- -j4 -l4
[3.994s] Invoking command in '/home/dinhsieu/turtlebot3_pi_ws/build/hls_lfcd_lds_driver': CMAKE_PREFIX_PATH=${CMAKE_PREFIX_PATH}:/home/dinhsieu/turtlebot3_pi_ws/install/agv_controller:/opt/ros/humble /usr/bin/cmake --install /home/dinhsieu/turtlebot3_pi_ws/build/hls_lfcd_lds_driver
[4.021s] -- Install configuration: ""
[4.033s] -- Execute custom install script
[4.035s] -- Up-to-date symlink: /home/dinhsieu/turtlebot3_pi_ws/install/hls_lfcd_lds_driver/share/hls_lfcd_lds_driver/launch/hlds_laser.launch.py
[4.036s] -- Up-to-date symlink: /home/dinhsieu/turtlebot3_pi_ws/install/hls_lfcd_lds_driver/share/hls_lfcd_lds_driver/launch/view_hlds_laser.launch.py
[4.038s] -- Up-to-date symlink: /home/dinhsieu/turtlebot3_pi_ws/install/hls_lfcd_lds_driver/share/hls_lfcd_lds_driver/rviz/hlds_laser.rviz
[4.039s] -- Up-to-date symlink: /home/dinhsieu/turtlebot3_pi_ws/install/hls_lfcd_lds_driver/lib/hls_lfcd_lds_driver/hlds_laser_publisher
[4.041s] -- Up-to-date symlink: /home/dinhsieu/turtlebot3_pi_ws/install/hls_lfcd_lds_driver/share/ament_index/resource_index/package_run_dependencies/hls_lfcd_lds_driver
[4.042s] -- Up-to-date symlink: /home/dinhsieu/turtlebot3_pi_ws/install/hls_lfcd_lds_driver/share/ament_index/resource_index/parent_prefix_path/hls_lfcd_lds_driver
[4.044s] -- Up-to-date symlink: /home/dinhsieu/turtlebot3_pi_ws/install/hls_lfcd_lds_driver/share/hls_lfcd_lds_driver/environment/ament_prefix_path.sh
[4.045s] -- Up-to-date symlink: /home/dinhsieu/turtlebot3_pi_ws/install/hls_lfcd_lds_driver/share/hls_lfcd_lds_driver/environment/ament_prefix_path.dsv
[4.046s] -- Up-to-date symlink: /home/dinhsieu/turtlebot3_pi_ws/install/hls_lfcd_lds_driver/share/hls_lfcd_lds_driver/environment/path.sh
[4.047s] -- Up-to-date symlink: /home/dinhsieu/turtlebot3_pi_ws/install/hls_lfcd_lds_driver/share/hls_lfcd_lds_driver/environment/path.dsv
[4.048s] -- Up-to-date symlink: /home/dinhsieu/turtlebot3_pi_ws/install/hls_lfcd_lds_driver/share/hls_lfcd_lds_driver/local_setup.bash
[4.049s] -- Up-to-date symlink: /home/dinhsieu/turtlebot3_pi_ws/install/hls_lfcd_lds_driver/share/hls_lfcd_lds_driver/local_setup.sh
[4.050s] -- Up-to-date symlink: /home/dinhsieu/turtlebot3_pi_ws/install/hls_lfcd_lds_driver/share/hls_lfcd_lds_driver/local_setup.zsh
[4.051s] -- Up-to-date symlink: /home/dinhsieu/turtlebot3_pi_ws/install/hls_lfcd_lds_driver/share/hls_lfcd_lds_driver/local_setup.dsv
[4.052s] -- Symlinking: /home/dinhsieu/turtlebot3_pi_ws/install/hls_lfcd_lds_driver/share/hls_lfcd_lds_driver/package.dsv
[4.089s] -- Up-to-date symlink: /home/dinhsieu/turtlebot3_pi_ws/install/hls_lfcd_lds_driver/share/ament_index/resource_index/packages/hls_lfcd_lds_driver
[4.090s] -- Up-to-date symlink: /home/dinhsieu/turtlebot3_pi_ws/install/hls_lfcd_lds_driver/share/hls_lfcd_lds_driver/cmake/ament_cmake_export_dependencies-extras.cmake
[4.092s] -- Up-to-date symlink: /home/dinhsieu/turtlebot3_pi_ws/install/hls_lfcd_lds_driver/share/hls_lfcd_lds_driver/cmake/ament_cmake_export_include_directories-extras.cmake
[4.093s] -- Up-to-date symlink: /home/dinhsieu/turtlebot3_pi_ws/install/hls_lfcd_lds_driver/share/hls_lfcd_lds_driver/cmake/hls_lfcd_lds_driverConfig.cmake
[4.094s] -- Up-to-date symlink: /home/dinhsieu/turtlebot3_pi_ws/install/hls_lfcd_lds_driver/share/hls_lfcd_lds_driver/cmake/hls_lfcd_lds_driverConfig-version.cmake
[4.094s] -- Up-to-date symlink: /home/dinhsieu/turtlebot3_pi_ws/install/hls_lfcd_lds_driver/share/hls_lfcd_lds_driver/package.xml
[4.101s] Invoked command in '/home/dinhsieu/turtlebot3_pi_ws/build/hls_lfcd_lds_driver' returned '0': CMAKE_PREFIX_PATH=${CMAKE_PREFIX_PATH}:/home/dinhsieu/turtlebot3_pi_ws/install/agv_controller:/opt/ros/humble /usr/bin/cmake --install /home/dinhsieu/turtlebot3_pi_ws/build/hls_lfcd_lds_driver
