[1.203s] Invoking command in '/home/dinhsieu/turtlebot3_pi_ws/build/hls_lfcd_lds_driver': CMAKE_PREFIX_PATH=${CMAKE_PREFIX_PATH}:/home/dinhsieu/turtlebot3_pi_ws/install/agv_controller:/opt/ros/humble /usr/bin/cmake --build /home/dinhsieu/turtlebot3_pi_ws/build/hls_lfcd_lds_driver -- -j4 -l4
[1.477s] [100%] Built target hlds_laser_publisher
[1.522s] Invoked command in '/home/dinhsieu/turtlebot3_pi_ws/build/hls_lfcd_lds_driver' returned '0': CMAKE_PREFIX_PATH=${CMAKE_PREFIX_PATH}:/home/dinhsieu/turtlebot3_pi_ws/install/agv_controller:/opt/ros/humble /usr/bin/cmake --build /home/dinhsieu/turtlebot3_pi_ws/build/hls_lfcd_lds_driver -- -j4 -l4
[1.563s] Invoking command in '/home/dinhsieu/turtlebot3_pi_ws/build/hls_lfcd_lds_driver': CMAKE_PREFIX_PATH=${CMAKE_PREFIX_PATH}:/home/dinhsieu/turtlebot3_pi_ws/install/agv_controller:/opt/ros/humble /usr/bin/cmake --install /home/dinhsieu/turtlebot3_pi_ws/build/hls_lfcd_lds_driver
[1.588s] -- Install configuration: ""
[1.591s] -- Execute custom install script
[1.593s] -- Up-to-date symlink: /home/dinhsieu/turtlebot3_pi_ws/install/hls_lfcd_lds_driver/share/hls_lfcd_lds_driver/launch/hlds_laser.launch.py
[1.594s] -- Up-to-date symlink: /home/dinhsieu/turtlebot3_pi_ws/install/hls_lfcd_lds_driver/share/hls_lfcd_lds_driver/launch/view_hlds_laser.launch.py
[1.597s] -- Up-to-date symlink: /home/dinhsieu/turtlebot3_pi_ws/install/hls_lfcd_lds_driver/share/hls_lfcd_lds_driver/rviz/hlds_laser.rviz
[1.599s] -- Up-to-date symlink: /home/dinhsieu/turtlebot3_pi_ws/install/hls_lfcd_lds_driver/lib/hls_lfcd_lds_driver/hlds_laser_publisher
[1.599s] -- Up-to-date symlink: /home/dinhsieu/turtlebot3_pi_ws/install/hls_lfcd_lds_driver/share/ament_index/resource_index/package_run_dependencies/hls_lfcd_lds_driver
[1.602s] -- Up-to-date symlink: /home/dinhsieu/turtlebot3_pi_ws/install/hls_lfcd_lds_driver/share/ament_index/resource_index/parent_prefix_path/hls_lfcd_lds_driver
[1.603s] -- Up-to-date symlink: /home/dinhsieu/turtlebot3_pi_ws/install/hls_lfcd_lds_driver/share/hls_lfcd_lds_driver/environment/ament_prefix_path.sh
[1.603s] -- Up-to-date symlink: /home/dinhsieu/turtlebot3_pi_ws/install/hls_lfcd_lds_driver/share/hls_lfcd_lds_driver/environment/ament_prefix_path.dsv
[1.607s] -- Up-to-date symlink: /home/dinhsieu/turtlebot3_pi_ws/install/hls_lfcd_lds_driver/share/hls_lfcd_lds_driver/environment/path.sh
[1.609s] -- Up-to-date symlink: /home/dinhsieu/turtlebot3_pi_ws/install/hls_lfcd_lds_driver/share/hls_lfcd_lds_driver/environment/path.dsv
[1.611s] -- Up-to-date symlink: /home/dinhsieu/turtlebot3_pi_ws/install/hls_lfcd_lds_driver/share/hls_lfcd_lds_driver/local_setup.bash
[1.613s] -- Up-to-date symlink: /home/dinhsieu/turtlebot3_pi_ws/install/hls_lfcd_lds_driver/share/hls_lfcd_lds_driver/local_setup.sh
[1.614s] -- Up-to-date symlink: /home/dinhsieu/turtlebot3_pi_ws/install/hls_lfcd_lds_driver/share/hls_lfcd_lds_driver/local_setup.zsh
[1.614s] -- Up-to-date symlink: /home/dinhsieu/turtlebot3_pi_ws/install/hls_lfcd_lds_driver/share/hls_lfcd_lds_driver/local_setup.dsv
[1.614s] -- Symlinking: /home/dinhsieu/turtlebot3_pi_ws/install/hls_lfcd_lds_driver/share/hls_lfcd_lds_driver/package.dsv
[1.646s] -- Up-to-date symlink: /home/dinhsieu/turtlebot3_pi_ws/install/hls_lfcd_lds_driver/share/ament_index/resource_index/packages/hls_lfcd_lds_driver
[1.647s] -- Up-to-date symlink: /home/dinhsieu/turtlebot3_pi_ws/install/hls_lfcd_lds_driver/share/hls_lfcd_lds_driver/cmake/ament_cmake_export_dependencies-extras.cmake
[1.648s] -- Up-to-date symlink: /home/dinhsieu/turtlebot3_pi_ws/install/hls_lfcd_lds_driver/share/hls_lfcd_lds_driver/cmake/ament_cmake_export_include_directories-extras.cmake
[1.650s] -- Up-to-date symlink: /home/dinhsieu/turtlebot3_pi_ws/install/hls_lfcd_lds_driver/share/hls_lfcd_lds_driver/cmake/hls_lfcd_lds_driverConfig.cmake
[1.651s] -- Up-to-date symlink: /home/dinhsieu/turtlebot3_pi_ws/install/hls_lfcd_lds_driver/share/hls_lfcd_lds_driver/cmake/hls_lfcd_lds_driverConfig-version.cmake
[1.652s] -- Up-to-date symlink: /home/dinhsieu/turtlebot3_pi_ws/install/hls_lfcd_lds_driver/share/hls_lfcd_lds_driver/package.xml
[1.658s] Invoked command in '/home/dinhsieu/turtlebot3_pi_ws/build/hls_lfcd_lds_driver' returned '0': CMAKE_PREFIX_PATH=${CMAKE_PREFIX_PATH}:/home/dinhsieu/turtlebot3_pi_ws/install/agv_controller:/opt/ros/humble /usr/bin/cmake --install /home/dinhsieu/turtlebot3_pi_ws/build/hls_lfcd_lds_driver
