[4.601s] Invoking command in '/home/dinhsieu/turtlebot3_pi_ws/src/agv_controller': PYTHONPATH=/home/dinhsieu/turtlebot3_pi_ws/build/agv_controller/prefix_override:/usr/lib/python3/dist-packages/colcon_core/task/python/colcon_distutils_commands:/home/dinhsieu/turtlebot3_pi_ws/install/agv_controller/lib/python3.10/site-packages:${PYTHONPATH} /usr/bin/python3 -W ignore:setup.py install is deprecated -W ignore:easy_install command is deprecated setup.py egg_info --egg-base ../../build/agv_controller build --build-base /home/dinhsieu/turtlebot3_pi_ws/build/agv_controller/build install --record /home/dinhsieu/turtlebot3_pi_ws/build/agv_controller/install.log --single-version-externally-managed install_data
[6.130s] running egg_info
[6.135s] writing ../../build/agv_controller/agv_controller.egg-info/PKG-INFO
[6.143s] writing dependency_links to ../../build/agv_controller/agv_controller.egg-info/dependency_links.txt
[6.145s] writing entry points to ../../build/agv_controller/agv_controller.egg-info/entry_points.txt
[6.149s] writing requirements to ../../build/agv_controller/agv_controller.egg-info/requires.txt
[6.150s] writing top-level names to ../../build/agv_controller/agv_controller.egg-info/top_level.txt
[6.159s] reading manifest file '../../build/agv_controller/agv_controller.egg-info/SOURCES.txt'
[6.167s] writing manifest file '../../build/agv_controller/agv_controller.egg-info/SOURCES.txt'
[6.171s] running build
[6.172s] running build_py
[6.173s] copying agv_controller/qr_scanner_node.py -> /home/dinhsieu/turtlebot3_pi_ws/build/agv_controller/build/lib/agv_controller
[6.181s] running install
[6.181s] running install_lib
[6.186s] copying /home/dinhsieu/turtlebot3_pi_ws/build/agv_controller/build/lib/agv_controller/qr_scanner_node.py -> /home/dinhsieu/turtlebot3_pi_ws/install/agv_controller/lib/python3.10/site-packages/agv_controller
[6.193s] byte-compiling /home/dinhsieu/turtlebot3_pi_ws/install/agv_controller/lib/python3.10/site-packages/agv_controller/qr_scanner_node.py to qr_scanner_node.cpython-310.pyc
[6.196s] running install_data
[6.199s] copying config/my_nav2_params.yaml -> /home/dinhsieu/turtlebot3_pi_ws/install/agv_controller/share/agv_controller/config
[6.200s] running install_egg_info
[6.210s] removing '/home/dinhsieu/turtlebot3_pi_ws/install/agv_controller/lib/python3.10/site-packages/agv_controller-0.0.1-py3.10.egg-info' (and everything under it)
[6.213s] Copying ../../build/agv_controller/agv_controller.egg-info to /home/dinhsieu/turtlebot3_pi_ws/install/agv_controller/lib/python3.10/site-packages/agv_controller-0.0.1-py3.10.egg-info
[6.228s] running install_scripts
[6.332s] Installing diff_drive_controller script to /home/dinhsieu/turtlebot3_pi_ws/install/agv_controller/lib/agv_controller
[6.334s] writing list of installed files to '/home/dinhsieu/turtlebot3_pi_ws/build/agv_controller/install.log'
[6.530s] Invoked command in '/home/dinhsieu/turtlebot3_pi_ws/src/agv_controller' returned '0': PYTHONPATH=/home/dinhsieu/turtlebot3_pi_ws/build/agv_controller/prefix_override:/usr/lib/python3/dist-packages/colcon_core/task/python/colcon_distutils_commands:/home/dinhsieu/turtlebot3_pi_ws/install/agv_controller/lib/python3.10/site-packages:${PYTHONPATH} /usr/bin/python3 -W ignore:setup.py install is deprecated -W ignore:easy_install command is deprecated setup.py egg_info --egg-base ../../build/agv_controller build --build-base /home/dinhsieu/turtlebot3_pi_ws/build/agv_controller/build install --record /home/dinhsieu/turtlebot3_pi_ws/build/agv_controller/install.log --single-version-externally-managed install_data
