[0.920s] DEBUG:colcon:Command line arguments: ['/usr/bin/colcon', 'build', '--packages-select', 'agv_controller']
[0.920s] DEBUG:colcon:Parsed command line arguments: Namespace(log_base=None, log_level=None, verb_name='build', build_base='build', install_base='install', merge_install=False, symlink_install=False, test_result_base=None, continue_on_error=False, executor='parallel', parallel_workers=4, event_handlers=None, ignore_user_meta=False, metas=['./colcon.meta'], base_paths=['.'], packages_ignore=None, packages_ignore_regex=None, paths=None, packages_up_to=None, packages_up_to_regex=None, packages_above=None, packages_above_and_dependencies=None, packages_above_depth=None, packages_select_by_dep=None, packages_skip_by_dep=None, packages_skip_up_to=None, packages_select_build_failed=False, packages_skip_build_finished=False, packages_select_test_failures=False, packages_skip_test_passed=False, packages_select=['agv_controller'], packages_skip=None, packages_select_regex=None, packages_skip_regex=None, packages_start=None, packages_end=None, allow_overriding=[], cmake_args=None, cmake_target=None, cmake_target_skip_unavailable=False, cmake_clean_cache=False, cmake_clean_first=False, cmake_force_configure=False, ament_cmake_args=None, catkin_cmake_args=None, catkin_skip_building_tests=False, verb_parser=<colcon_defaults.argument_parser.defaults.DefaultArgumentsDecorator object at 0xffff96d231f0>, verb_extension=<colcon_core.verb.build.BuildVerb object at 0xffff96e6c700>, main=<bound method BuildVerb.main of <colcon_core.verb.build.BuildVerb object at 0xffff96e6c700>>)
[3.915s] Level 1:colcon.colcon_core.package_discovery:discover_packages(colcon_meta) check parameters
[3.915s] Level 1:colcon.colcon_core.package_discovery:discover_packages(recursive) check parameters
[3.916s] Level 1:colcon.colcon_core.package_discovery:discover_packages(ignore) check parameters
[3.916s] Level 1:colcon.colcon_core.package_discovery:discover_packages(path) check parameters
[3.916s] Level 1:colcon.colcon_core.package_discovery:discover_packages(colcon_meta) discover
[3.917s] Level 1:colcon.colcon_core.package_discovery:discover_packages(recursive) discover
[3.917s] INFO:colcon.colcon_core.package_discovery:Crawling recursively for packages in '/home/dinhsieu/turtlebot3_pi_ws/src/agv_controller/agv_controller'
[3.918s] Level 1:colcon.colcon_core.package_identification:_identify(.) by extensions ['ignore', 'ignore_ament_install']
[3.919s] Level 1:colcon.colcon_core.package_identification:_identify(.) by extension 'ignore'
[3.920s] Level 1:colcon.colcon_core.package_identification:_identify(.) by extension 'ignore_ament_install'
[3.921s] Level 1:colcon.colcon_core.package_identification:_identify(.) by extensions ['colcon_pkg']
[3.921s] Level 1:colcon.colcon_core.package_identification:_identify(.) by extension 'colcon_pkg'
[3.938s] Level 1:colcon.colcon_core.package_identification:_identify(.) by extensions ['colcon_meta']
[3.938s] Level 1:colcon.colcon_core.package_identification:_identify(.) by extension 'colcon_meta'
[3.939s] Level 1:colcon.colcon_core.package_identification:_identify(.) by extensions ['ros']
[3.939s] Level 1:colcon.colcon_core.package_identification:_identify(.) by extension 'ros'
[4.409s] Level 1:colcon.colcon_core.package_identification:_identify(.) by extensions ['cmake', 'python']
[4.409s] Level 1:colcon.colcon_core.package_identification:_identify(.) by extension 'cmake'
[4.410s] Level 1:colcon.colcon_core.package_identification:_identify(.) by extension 'python'
[4.411s] Level 1:colcon.colcon_core.package_identification:_identify(.) by extensions ['python_setup_py']
[4.411s] Level 1:colcon.colcon_core.package_identification:_identify(.) by extension 'python_setup_py'
[4.412s] Level 1:colcon.colcon_core.package_identification:_identify(__pycache__) by extensions ['ignore', 'ignore_ament_install']
[4.413s] Level 1:colcon.colcon_core.package_identification:_identify(__pycache__) by extension 'ignore'
[4.414s] Level 1:colcon.colcon_core.package_identification:_identify(__pycache__) by extension 'ignore_ament_install'
[4.415s] Level 1:colcon.colcon_core.package_identification:_identify(__pycache__) by extensions ['colcon_pkg']
[4.415s] Level 1:colcon.colcon_core.package_identification:_identify(__pycache__) by extension 'colcon_pkg'
[4.416s] Level 1:colcon.colcon_core.package_identification:_identify(__pycache__) by extensions ['colcon_meta']
[4.417s] Level 1:colcon.colcon_core.package_identification:_identify(__pycache__) by extension 'colcon_meta'
[4.417s] Level 1:colcon.colcon_core.package_identification:_identify(__pycache__) by extensions ['ros']
[4.418s] Level 1:colcon.colcon_core.package_identification:_identify(__pycache__) by extension 'ros'
[4.419s] Level 1:colcon.colcon_core.package_identification:_identify(__pycache__) by extensions ['cmake', 'python']
[4.419s] Level 1:colcon.colcon_core.package_identification:_identify(__pycache__) by extension 'cmake'
[4.420s] Level 1:colcon.colcon_core.package_identification:_identify(__pycache__) by extension 'python'
[4.420s] Level 1:colcon.colcon_core.package_identification:_identify(__pycache__) by extensions ['python_setup_py']
[4.421s] Level 1:colcon.colcon_core.package_identification:_identify(__pycache__) by extension 'python_setup_py'
[4.422s] Level 1:colcon.colcon_core.package_identification:_identify(build) by extensions ['ignore', 'ignore_ament_install']
[4.423s] Level 1:colcon.colcon_core.package_identification:_identify(build) by extension 'ignore'
[4.423s] Level 1:colcon.colcon_core.package_identification:_identify(build) ignored
[4.425s] Level 1:colcon.colcon_core.package_identification:_identify(install) by extensions ['ignore', 'ignore_ament_install']
[4.426s] Level 1:colcon.colcon_core.package_identification:_identify(install) by extension 'ignore'
[4.427s] Level 1:colcon.colcon_core.package_identification:_identify(install) ignored
[4.428s] Level 1:colcon.colcon_core.package_identification:_identify(log) by extensions ['ignore', 'ignore_ament_install']
[4.429s] Level 1:colcon.colcon_core.package_identification:_identify(log) by extension 'ignore'
[4.429s] Level 1:colcon.colcon_core.package_identification:_identify(log) ignored
[4.430s] Level 1:colcon.colcon_core.package_discovery:discover_packages(recursive) using defaults
[4.430s] Level 1:colcon.colcon_core.package_discovery:discover_packages(ignore) discover
[4.431s] Level 1:colcon.colcon_core.package_discovery:discover_packages(ignore) using defaults
[4.431s] Level 1:colcon.colcon_core.package_discovery:discover_packages(path) discover
[4.432s] Level 1:colcon.colcon_core.package_discovery:discover_packages(path) using defaults
[4.433s] WARNING:colcon.colcon_core.package_selection:ignoring unknown package 'agv_controller' in --packages-select
[4.821s] Level 1:colcon.colcon_core.package_discovery:discover_packages(prefix_path) check parameters
[4.822s] Level 1:colcon.colcon_core.package_discovery:discover_packages(prefix_path) discover
[4.869s] DEBUG:colcon.colcon_installed_package_information.package_discovery:Found 2 installed packages in /home/dinhsieu/turtlebot3_pi_ws/install
[4.891s] DEBUG:colcon.colcon_installed_package_information.package_discovery:Found 279 installed packages in /opt/ros/humble
[4.901s] Level 1:colcon.colcon_core.package_discovery:discover_packages(prefix_path) using defaults
[5.266s] INFO:colcon.colcon_core.executor:Executing jobs using 'parallel' executor
[5.271s] DEBUG:colcon.colcon_parallel_executor.executor.parallel:run_until_complete
[5.272s] DEBUG:colcon.colcon_parallel_executor.executor.parallel:closing loop
[5.273s] DEBUG:colcon.colcon_parallel_executor.executor.parallel:loop closed
[5.273s] DEBUG:colcon.colcon_parallel_executor.executor.parallel:run_until_complete finished with '0'
[5.274s] DEBUG:colcon.colcon_core.event_reactor:joining thread
[5.384s] INFO:colcon.colcon_core.plugin_system:Skipping extension 'colcon_notification.desktop_notification.notify_send': Could not find 'notify-send'
[5.385s] INFO:colcon.colcon_core.plugin_system:Skipping extension 'colcon_notification.desktop_notification.terminal_notifier': Not used on non-Darwin systems
[5.386s] INFO:colcon.colcon_core.plugin_system:Skipping extension 'colcon_notification.desktop_notification.win32': Not used on non-Windows systems
[5.387s] INFO:colcon.colcon_notification.desktop_notification:Sending desktop notification using 'notify2'
[5.509s] DEBUG:colcon.colcon_notification.desktop_notification.notify2:Failed to initialize notify2: org.freedesktop.DBus.Error.ServiceUnknown: The name org.freedesktop.Notifications was not provided by any .service files
[5.510s] DEBUG:colcon.colcon_core.event_reactor:joined thread
[5.569s] INFO:colcon.colcon_core.plugin_system:Skipping extension 'colcon_core.shell.bat': Not used on non-Windows systems
[5.575s] INFO:colcon.colcon_core.shell:Creating prefix script '/home/dinhsieu/turtlebot3_pi_ws/src/agv_controller/agv_controller/install/local_setup.ps1'
[5.616s] INFO:colcon.colcon_core.shell:Creating prefix util module '/home/dinhsieu/turtlebot3_pi_ws/src/agv_controller/agv_controller/install/_local_setup_util_ps1.py'
[5.685s] INFO:colcon.colcon_core.shell:Creating prefix chain script '/home/dinhsieu/turtlebot3_pi_ws/src/agv_controller/agv_controller/install/setup.ps1'
[5.731s] INFO:colcon.colcon_core.shell:Creating prefix script '/home/dinhsieu/turtlebot3_pi_ws/src/agv_controller/agv_controller/install/local_setup.sh'
[5.744s] INFO:colcon.colcon_core.shell:Creating prefix util module '/home/dinhsieu/turtlebot3_pi_ws/src/agv_controller/agv_controller/install/_local_setup_util_sh.py'
[5.806s] INFO:colcon.colcon_core.shell:Creating prefix chain script '/home/dinhsieu/turtlebot3_pi_ws/src/agv_controller/agv_controller/install/setup.sh'
[5.858s] INFO:colcon.colcon_core.shell:Creating prefix script '/home/dinhsieu/turtlebot3_pi_ws/src/agv_controller/agv_controller/install/local_setup.bash'
[5.870s] INFO:colcon.colcon_core.shell:Creating prefix chain script '/home/dinhsieu/turtlebot3_pi_ws/src/agv_controller/agv_controller/install/setup.bash'
[5.883s] INFO:colcon.colcon_core.shell:Creating prefix script '/home/dinhsieu/turtlebot3_pi_ws/src/agv_controller/agv_controller/install/local_setup.zsh'
[5.891s] INFO:colcon.colcon_core.shell:Creating prefix chain script '/home/dinhsieu/turtlebot3_pi_ws/src/agv_controller/agv_controller/install/setup.zsh'
