/home/dinhsieu/turtlebot3_pi_ws/install/agv_controller/lib/python3.10/site-packages/agv_controller/linear_test.py
/home/dinhsieu/turtlebot3_pi_ws/install/agv_controller/lib/python3.10/site-packages/agv_controller/__init__.py
/home/dinhsieu/turtlebot3_pi_ws/install/agv_controller/lib/python3.10/site-packages/agv_controller/qr_scanner_node.py
/home/dinhsieu/turtlebot3_pi_ws/install/agv_controller/lib/python3.10/site-packages/agv_controller/diff_drive_controller.py
/home/dinhsieu/turtlebot3_pi_ws/install/agv_controller/lib/python3.10/site-packages/agv_controller/square_test.py
/home/dinhsieu/turtlebot3_pi_ws/install/agv_controller/lib/python3.10/site-packages/agv_controller/draw_and_follow.py
/home/dinhsieu/turtlebot3_pi_ws/install/agv_controller/lib/python3.10/site-packages/agv_controller/__pycache__/linear_test.cpython-310.pyc
/home/dinhsieu/turtlebot3_pi_ws/install/agv_controller/lib/python3.10/site-packages/agv_controller/__pycache__/__init__.cpython-310.pyc
/home/dinhsieu/turtlebot3_pi_ws/install/agv_controller/lib/python3.10/site-packages/agv_controller/__pycache__/qr_scanner_node.cpython-310.pyc
/home/dinhsieu/turtlebot3_pi_ws/install/agv_controller/lib/python3.10/site-packages/agv_controller/__pycache__/diff_drive_controller.cpython-310.pyc
/home/dinhsieu/turtlebot3_pi_ws/install/agv_controller/lib/python3.10/site-packages/agv_controller/__pycache__/square_test.cpython-310.pyc
/home/dinhsieu/turtlebot3_pi_ws/install/agv_controller/lib/python3.10/site-packages/agv_controller/__pycache__/draw_and_follow.cpython-310.pyc
/home/dinhsieu/turtlebot3_pi_ws/install/agv_controller/share/ament_index/resource_index/packages/agv_controller
/home/dinhsieu/turtlebot3_pi_ws/install/agv_controller/share/agv_controller/package.xml
/home/dinhsieu/turtlebot3_pi_ws/install/agv_controller/share/agv_controller/launch/handheld_slam.launch.py
/home/dinhsieu/turtlebot3_pi_ws/install/agv_controller/share/agv_controller/launch/nav2_custom.launch.py
/home/dinhsieu/turtlebot3_pi_ws/install/agv_controller/share/agv_controller/config/ekf.yaml
/home/dinhsieu/turtlebot3_pi_ws/install/agv_controller/share/agv_controller/config/slam_handheld.yaml
/home/dinhsieu/turtlebot3_pi_ws/install/agv_controller/share/agv_controller/config/my_nav2_params.yaml
/home/dinhsieu/turtlebot3_pi_ws/install/agv_controller/lib/python3.10/site-packages/agv_controller-0.0.1-py3.10.egg-info/PKG-INFO
/home/dinhsieu/turtlebot3_pi_ws/install/agv_controller/lib/python3.10/site-packages/agv_controller-0.0.1-py3.10.egg-info/top_level.txt
/home/dinhsieu/turtlebot3_pi_ws/install/agv_controller/lib/python3.10/site-packages/agv_controller-0.0.1-py3.10.egg-info/SOURCES.txt
/home/dinhsieu/turtlebot3_pi_ws/install/agv_controller/lib/python3.10/site-packages/agv_controller-0.0.1-py3.10.egg-info/entry_points.txt
/home/dinhsieu/turtlebot3_pi_ws/install/agv_controller/lib/python3.10/site-packages/agv_controller-0.0.1-py3.10.egg-info/requires.txt
/home/dinhsieu/turtlebot3_pi_ws/install/agv_controller/lib/python3.10/site-packages/agv_controller-0.0.1-py3.10.egg-info/dependency_links.txt
/home/dinhsieu/turtlebot3_pi_ws/install/agv_controller/lib/python3.10/site-packages/agv_controller-0.0.1-py3.10.egg-info/zip-safe
/home/dinhsieu/turtlebot3_pi_ws/install/agv_controller/lib/agv_controller/diff_drive_controller
