[2.919s] Invoking command in '/home/dinhsieu/turtlebot3_pi_ws/src/agv_controller': PYTHONPATH=/home/dinhsieu/turtlebot3_pi_ws/build/agv_controller/prefix_override:/usr/lib/python3/dist-packages/colcon_core/task/python/colcon_distutils_commands:/home/dinhsieu/turtlebot3_pi_ws/install/agv_controller/lib/python3.10/site-packages:${PYTHONPATH} /usr/bin/python3 -W ignore:setup.py install is deprecated -W ignore:easy_install command is deprecated setup.py egg_info --egg-base ../../build/agv_controller build --build-base /home/dinhsieu/turtlebot3_pi_ws/build/agv_controller/build install --record /home/dinhsieu/turtlebot3_pi_ws/build/agv_controller/install.log --single-version-externally-managed install_data
[4.189s] running egg_info
[4.192s] creating ../../build/agv_controller/agv_controller.egg-info
[4.193s] writing ../../build/agv_controller/agv_controller.egg-info/PKG-INFO
[4.195s] writing dependency_links to ../../build/agv_controller/agv_controller.egg-info/dependency_links.txt
[4.197s] writing entry points to ../../build/agv_controller/agv_controller.egg-info/entry_points.txt
[4.198s] writing requirements to ../../build/agv_controller/agv_controller.egg-info/requires.txt
[4.199s] writing top-level names to ../../build/agv_controller/agv_controller.egg-info/top_level.txt
[4.201s] writing manifest file '../../build/agv_controller/agv_controller.egg-info/SOURCES.txt'
[4.209s] reading manifest file '../../build/agv_controller/agv_controller.egg-info/SOURCES.txt'
[4.212s] writing manifest file '../../build/agv_controller/agv_controller.egg-info/SOURCES.txt'
[4.214s] running build
[4.214s] running build_py
[4.215s] creating /home/dinhsieu/turtlebot3_pi_ws/build/agv_controller/build
[4.216s] creating /home/dinhsieu/turtlebot3_pi_ws/build/agv_controller/build/lib
[4.216s] creating /home/dinhsieu/turtlebot3_pi_ws/build/agv_controller/build/lib/agv_controller
[4.217s] copying agv_controller/__init__.py -> /home/dinhsieu/turtlebot3_pi_ws/build/agv_controller/build/lib/agv_controller
[4.219s] copying agv_controller/diff_drive_controller.py -> /home/dinhsieu/turtlebot3_pi_ws/build/agv_controller/build/lib/agv_controller
[4.221s] running install
[4.222s] running install_lib
[4.226s] creating /home/dinhsieu/turtlebot3_pi_ws/install/agv_controller/lib/python3.10/site-packages/agv_controller
[4.228s] copying /home/dinhsieu/turtlebot3_pi_ws/build/agv_controller/build/lib/agv_controller/__init__.py -> /home/dinhsieu/turtlebot3_pi_ws/install/agv_controller/lib/python3.10/site-packages/agv_controller
[4.229s] copying /home/dinhsieu/turtlebot3_pi_ws/build/agv_controller/build/lib/agv_controller/diff_drive_controller.py -> /home/dinhsieu/turtlebot3_pi_ws/install/agv_controller/lib/python3.10/site-packages/agv_controller
[4.232s] byte-compiling /home/dinhsieu/turtlebot3_pi_ws/install/agv_controller/lib/python3.10/site-packages/agv_controller/__init__.py to __init__.cpython-310.pyc
[4.234s] byte-compiling /home/dinhsieu/turtlebot3_pi_ws/install/agv_controller/lib/python3.10/site-packages/agv_controller/diff_drive_controller.py to diff_drive_controller.cpython-310.pyc
[4.242s] running install_data
[4.243s] creating /home/dinhsieu/turtlebot3_pi_ws/install/agv_controller/share/ament_index
[4.243s] creating /home/dinhsieu/turtlebot3_pi_ws/install/agv_controller/share/ament_index/resource_index
[4.244s] creating /home/dinhsieu/turtlebot3_pi_ws/install/agv_controller/share/ament_index/resource_index/packages
[4.244s] copying resource/agv_controller -> /home/dinhsieu/turtlebot3_pi_ws/install/agv_controller/share/ament_index/resource_index/packages
[4.245s] copying package.xml -> /home/dinhsieu/turtlebot3_pi_ws/install/agv_controller/share/agv_controller
[4.245s] creating /home/dinhsieu/turtlebot3_pi_ws/install/agv_controller/share/agv_controller/launch
[4.246s] copying launch/handheld_slam.launch.py -> /home/dinhsieu/turtlebot3_pi_ws/install/agv_controller/share/agv_controller/launch
[4.248s] creating /home/dinhsieu/turtlebot3_pi_ws/install/agv_controller/share/agv_controller/config
[4.249s] copying config/slam_handheld.yaml -> /home/dinhsieu/turtlebot3_pi_ws/install/agv_controller/share/agv_controller/config
[4.253s] running install_egg_info
[4.264s] Copying ../../build/agv_controller/agv_controller.egg-info to /home/dinhsieu/turtlebot3_pi_ws/install/agv_controller/lib/python3.10/site-packages/agv_controller-0.0.1-py3.10.egg-info
[4.271s] running install_scripts
[4.359s] Installing diff_drive_controller script to /home/dinhsieu/turtlebot3_pi_ws/install/agv_controller/lib/agv_controller
[4.362s] writing list of installed files to '/home/dinhsieu/turtlebot3_pi_ws/build/agv_controller/install.log'
[4.515s] Invoked command in '/home/dinhsieu/turtlebot3_pi_ws/src/agv_controller' returned '0': PYTHONPATH=/home/dinhsieu/turtlebot3_pi_ws/build/agv_controller/prefix_override:/usr/lib/python3/dist-packages/colcon_core/task/python/colcon_distutils_commands:/home/dinhsieu/turtlebot3_pi_ws/install/agv_controller/lib/python3.10/site-packages:${PYTHONPATH} /usr/bin/python3 -W ignore:setup.py install is deprecated -W ignore:easy_install command is deprecated setup.py egg_info --egg-base ../../build/agv_controller build --build-base /home/dinhsieu/turtlebot3_pi_ws/build/agv_controller/build install --record /home/dinhsieu/turtlebot3_pi_ws/build/agv_controller/install.log --single-version-externally-managed install_data
