[2.208s] Invoking command in '/home/dinhsieu/turtlebot3_pi_ws/build/hls_lfcd_lds_driver': CMAKE_PREFIX_PATH=${CMAKE_PREFIX_PATH}:/home/dinhsieu/turtlebot3_pi_ws/install/agv_controller:/opt/ros/humble /usr/bin/cmake --build /home/dinhsieu/turtlebot3_pi_ws/build/hls_lfcd_lds_driver -- -j4 -l4
[2.716s] [100%] Built target hlds_laser_publisher
[2.816s] Invoked command in '/home/dinhsieu/turtlebot3_pi_ws/build/hls_lfcd_lds_driver' returned '0': CMAKE_PREFIX_PATH=${CMAKE_PREFIX_PATH}:/home/dinhsieu/turtlebot3_pi_ws/install/agv_controller:/opt/ros/humble /usr/bin/cmake --build /home/dinhsieu/turtlebot3_pi_ws/build/hls_lfcd_lds_driver -- -j4 -l4
[2.914s] Invoking command in '/home/dinhsieu/turtlebot3_pi_ws/build/hls_lfcd_lds_driver': CMAKE_PREFIX_PATH=${CMAKE_PREFIX_PATH}:/home/dinhsieu/turtlebot3_pi_ws/install/agv_controller:/opt/ros/humble /usr/bin/cmake --install /home/dinhsieu/turtlebot3_pi_ws/build/hls_lfcd_lds_driver
[2.982s] -- Install configuration: ""
[2.984s] -- Execute custom install script
[2.988s] -- Up-to-date symlink: /home/dinhsieu/turtlebot3_pi_ws/install/hls_lfcd_lds_driver/share/hls_lfcd_lds_driver/launch/hlds_laser.launch.py
[2.994s] -- Up-to-date symlink: /home/dinhsieu/turtlebot3_pi_ws/install/hls_lfcd_lds_driver/share/hls_lfcd_lds_driver/launch/view_hlds_laser.launch.py
[2.996s] -- Up-to-date symlink: /home/dinhsieu/turtlebot3_pi_ws/install/hls_lfcd_lds_driver/share/hls_lfcd_lds_driver/rviz/hlds_laser.rviz
[2.998s] -- Up-to-date symlink: /home/dinhsieu/turtlebot3_pi_ws/install/hls_lfcd_lds_driver/lib/hls_lfcd_lds_driver/hlds_laser_publisher
[3.000s] -- Up-to-date symlink: /home/dinhsieu/turtlebot3_pi_ws/install/hls_lfcd_lds_driver/share/ament_index/resource_index/package_run_dependencies/hls_lfcd_lds_driver
[3.001s] -- Up-to-date symlink: /home/dinhsieu/turtlebot3_pi_ws/install/hls_lfcd_lds_driver/share/ament_index/resource_index/parent_prefix_path/hls_lfcd_lds_driver
[3.003s] -- Up-to-date symlink: /home/dinhsieu/turtlebot3_pi_ws/install/hls_lfcd_lds_driver/share/hls_lfcd_lds_driver/environment/ament_prefix_path.sh
[3.004s] -- Up-to-date symlink: /home/dinhsieu/turtlebot3_pi_ws/install/hls_lfcd_lds_driver/share/hls_lfcd_lds_driver/environment/ament_prefix_path.dsv
[3.005s] -- Up-to-date symlink: /home/dinhsieu/turtlebot3_pi_ws/install/hls_lfcd_lds_driver/share/hls_lfcd_lds_driver/environment/path.sh
[3.007s] -- Up-to-date symlink: /home/dinhsieu/turtlebot3_pi_ws/install/hls_lfcd_lds_driver/share/hls_lfcd_lds_driver/environment/path.dsv
[3.008s] -- Up-to-date symlink: /home/dinhsieu/turtlebot3_pi_ws/install/hls_lfcd_lds_driver/share/hls_lfcd_lds_driver/local_setup.bash
[3.009s] -- Up-to-date symlink: /home/dinhsieu/turtlebot3_pi_ws/install/hls_lfcd_lds_driver/share/hls_lfcd_lds_driver/local_setup.sh
[3.010s] -- Up-to-date symlink: /home/dinhsieu/turtlebot3_pi_ws/install/hls_lfcd_lds_driver/share/hls_lfcd_lds_driver/local_setup.zsh
[3.011s] -- Up-to-date symlink: /home/dinhsieu/turtlebot3_pi_ws/install/hls_lfcd_lds_driver/share/hls_lfcd_lds_driver/local_setup.dsv
[3.012s] -- Symlinking: /home/dinhsieu/turtlebot3_pi_ws/install/hls_lfcd_lds_driver/share/hls_lfcd_lds_driver/package.dsv
[3.053s] -- Up-to-date symlink: /home/dinhsieu/turtlebot3_pi_ws/install/hls_lfcd_lds_driver/share/ament_index/resource_index/packages/hls_lfcd_lds_driver
[3.055s] -- Up-to-date symlink: /home/dinhsieu/turtlebot3_pi_ws/install/hls_lfcd_lds_driver/share/hls_lfcd_lds_driver/cmake/ament_cmake_export_dependencies-extras.cmake
[3.056s] -- Up-to-date symlink: /home/dinhsieu/turtlebot3_pi_ws/install/hls_lfcd_lds_driver/share/hls_lfcd_lds_driver/cmake/ament_cmake_export_include_directories-extras.cmake
[3.058s] -- Up-to-date symlink: /home/dinhsieu/turtlebot3_pi_ws/install/hls_lfcd_lds_driver/share/hls_lfcd_lds_driver/cmake/hls_lfcd_lds_driverConfig.cmake
[3.059s] -- Up-to-date symlink: /home/dinhsieu/turtlebot3_pi_ws/install/hls_lfcd_lds_driver/share/hls_lfcd_lds_driver/cmake/hls_lfcd_lds_driverConfig-version.cmake
[3.060s] -- Up-to-date symlink: /home/dinhsieu/turtlebot3_pi_ws/install/hls_lfcd_lds_driver/share/hls_lfcd_lds_driver/package.xml
[3.072s] Invoked command in '/home/dinhsieu/turtlebot3_pi_ws/build/hls_lfcd_lds_driver' returned '0': CMAKE_PREFIX_PATH=${CMAKE_PREFIX_PATH}:/home/dinhsieu/turtlebot3_pi_ws/install/agv_controller:/opt/ros/humble /usr/bin/cmake --install /home/dinhsieu/turtlebot3_pi_ws/build/hls_lfcd_lds_driver
