[0.636s] DEBUG:colcon:Command line arguments: ['/usr/bin/colcon', 'build', '--packages-select', 'agv_controller']
[0.637s] DEBUG:colcon:Parsed command line arguments: Namespace(log_base=None, log_level=None, verb_name='build', build_base='build', install_base='install', merge_install=False, symlink_install=False, test_result_base=None, continue_on_error=False, executor='parallel', parallel_workers=4, event_handlers=None, ignore_user_meta=False, metas=['./colcon.meta'], base_paths=['.'], packages_ignore=None, packages_ignore_regex=None, paths=None, packages_up_to=None, packages_up_to_regex=None, packages_above=None, packages_above_and_dependencies=None, packages_above_depth=None, packages_select_by_dep=None, packages_skip_by_dep=None, packages_skip_up_to=None, packages_select_build_failed=False, packages_skip_build_finished=False, packages_select_test_failures=False, packages_skip_test_passed=False, packages_select=['agv_controller'], packages_skip=None, packages_select_regex=None, packages_skip_regex=None, packages_start=None, packages_end=None, allow_overriding=[], cmake_args=None, cmake_target=None, cmake_target_skip_unavailable=False, cmake_clean_cache=False, cmake_clean_first=False, cmake_force_configure=False, ament_cmake_args=None, catkin_cmake_args=None, catkin_skip_building_tests=False, verb_parser=<colcon_defaults.argument_parser.defaults.DefaultArgumentsDecorator object at 0xffff88163130>, verb_extension=<colcon_core.verb.build.BuildVerb object at 0xffff882ac640>, main=<bound method BuildVerb.main of <colcon_core.verb.build.BuildVerb object at 0xffff882ac640>>)
[1.878s] Level 1:colcon.colcon_core.package_discovery:discover_packages(colcon_meta) check parameters
[1.878s] Level 1:colcon.colcon_core.package_discovery:discover_packages(recursive) check parameters
[1.879s] Level 1:colcon.colcon_core.package_discovery:discover_packages(ignore) check parameters
[1.879s] Level 1:colcon.colcon_core.package_discovery:discover_packages(path) check parameters
[1.879s] Level 1:colcon.colcon_core.package_discovery:discover_packages(colcon_meta) discover
[1.879s] Level 1:colcon.colcon_core.package_discovery:discover_packages(recursive) discover
[1.880s] INFO:colcon.colcon_core.package_discovery:Crawling recursively for packages in '/home/dinhsieu/turtlebot3_pi_ws'
[1.880s] Level 1:colcon.colcon_core.package_identification:_identify(.) by extensions ['ignore', 'ignore_ament_install']
[1.881s] Level 1:colcon.colcon_core.package_identification:_identify(.) by extension 'ignore'
[1.881s] Level 1:colcon.colcon_core.package_identification:_identify(.) by extension 'ignore_ament_install'
[1.882s] Level 1:colcon.colcon_core.package_identification:_identify(.) by extensions ['colcon_pkg']
[1.882s] Level 1:colcon.colcon_core.package_identification:_identify(.) by extension 'colcon_pkg'
[1.882s] Level 1:colcon.colcon_core.package_identification:_identify(.) by extensions ['colcon_meta']
[1.882s] Level 1:colcon.colcon_core.package_identification:_identify(.) by extension 'colcon_meta'
[1.883s] Level 1:colcon.colcon_core.package_identification:_identify(.) by extensions ['ros']
[1.883s] Level 1:colcon.colcon_core.package_identification:_identify(.) by extension 'ros'
[2.072s] Level 1:colcon.colcon_core.package_identification:_identify(.) by extensions ['cmake', 'python']
[2.073s] Level 1:colcon.colcon_core.package_identification:_identify(.) by extension 'cmake'
[2.074s] Level 1:colcon.colcon_core.package_identification:_identify(.) by extension 'python'
[2.074s] Level 1:colcon.colcon_core.package_identification:_identify(.) by extensions ['python_setup_py']
[2.075s] Level 1:colcon.colcon_core.package_identification:_identify(.) by extension 'python_setup_py'
[2.075s] Level 1:colcon.colcon_core.package_identification:_identify(build) by extensions ['ignore', 'ignore_ament_install']
[2.076s] Level 1:colcon.colcon_core.package_identification:_identify(build) by extension 'ignore'
[2.076s] Level 1:colcon.colcon_core.package_identification:_identify(build) ignored
[2.077s] Level 1:colcon.colcon_core.package_identification:_identify(install) by extensions ['ignore', 'ignore_ament_install']
[2.078s] Level 1:colcon.colcon_core.package_identification:_identify(install) by extension 'ignore'
[2.078s] Level 1:colcon.colcon_core.package_identification:_identify(install) ignored
[2.081s] Level 1:colcon.colcon_core.package_identification:_identify(log) by extensions ['ignore', 'ignore_ament_install']
[2.081s] Level 1:colcon.colcon_core.package_identification:_identify(log) by extension 'ignore'
[2.081s] Level 1:colcon.colcon_core.package_identification:_identify(log) ignored
[2.082s] Level 1:colcon.colcon_core.package_identification:_identify(src) by extensions ['ignore', 'ignore_ament_install']
[2.082s] Level 1:colcon.colcon_core.package_identification:_identify(src) by extension 'ignore'
[2.082s] Level 1:colcon.colcon_core.package_identification:_identify(src) by extension 'ignore_ament_install'
[2.083s] Level 1:colcon.colcon_core.package_identification:_identify(src) by extensions ['colcon_pkg']
[2.083s] Level 1:colcon.colcon_core.package_identification:_identify(src) by extension 'colcon_pkg'
[2.083s] Level 1:colcon.colcon_core.package_identification:_identify(src) by extensions ['colcon_meta']
[2.083s] Level 1:colcon.colcon_core.package_identification:_identify(src) by extension 'colcon_meta'
[2.083s] Level 1:colcon.colcon_core.package_identification:_identify(src) by extensions ['ros']
[2.084s] Level 1:colcon.colcon_core.package_identification:_identify(src) by extension 'ros'
[2.084s] Level 1:colcon.colcon_core.package_identification:_identify(src) by extensions ['cmake', 'python']
[2.084s] Level 1:colcon.colcon_core.package_identification:_identify(src) by extension 'cmake'
[2.084s] Level 1:colcon.colcon_core.package_identification:_identify(src) by extension 'python'
[2.084s] Level 1:colcon.colcon_core.package_identification:_identify(src) by extensions ['python_setup_py']
[2.085s] Level 1:colcon.colcon_core.package_identification:_identify(src) by extension 'python_setup_py'
[2.085s] Level 1:colcon.colcon_core.package_identification:_identify(src/GUI) by extensions ['ignore', 'ignore_ament_install']
[2.085s] Level 1:colcon.colcon_core.package_identification:_identify(src/GUI) by extension 'ignore'
[2.086s] Level 1:colcon.colcon_core.package_identification:_identify(src/GUI) by extension 'ignore_ament_install'
[2.086s] Level 1:colcon.colcon_core.package_identification:_identify(src/GUI) by extensions ['colcon_pkg']
[2.086s] Level 1:colcon.colcon_core.package_identification:_identify(src/GUI) by extension 'colcon_pkg'
[2.086s] Level 1:colcon.colcon_core.package_identification:_identify(src/GUI) by extensions ['colcon_meta']
[2.086s] Level 1:colcon.colcon_core.package_identification:_identify(src/GUI) by extension 'colcon_meta'
[2.087s] Level 1:colcon.colcon_core.package_identification:_identify(src/GUI) by extensions ['ros']
[2.087s] Level 1:colcon.colcon_core.package_identification:_identify(src/GUI) by extension 'ros'
[2.087s] Level 1:colcon.colcon_core.package_identification:_identify(src/GUI) by extensions ['cmake', 'python']
[2.087s] Level 1:colcon.colcon_core.package_identification:_identify(src/GUI) by extension 'cmake'
[2.087s] Level 1:colcon.colcon_core.package_identification:_identify(src/GUI) by extension 'python'
[2.088s] Level 1:colcon.colcon_core.package_identification:_identify(src/GUI) by extensions ['python_setup_py']
[2.088s] Level 1:colcon.colcon_core.package_identification:_identify(src/GUI) by extension 'python_setup_py'
[2.088s] Level 1:colcon.colcon_core.package_identification:_identify(src/agv_controller) by extensions ['ignore', 'ignore_ament_install']
[2.089s] Level 1:colcon.colcon_core.package_identification:_identify(src/agv_controller) by extension 'ignore'
[2.089s] Level 1:colcon.colcon_core.package_identification:_identify(src/agv_controller) by extension 'ignore_ament_install'
[2.089s] Level 1:colcon.colcon_core.package_identification:_identify(src/agv_controller) by extensions ['colcon_pkg']
[2.090s] Level 1:colcon.colcon_core.package_identification:_identify(src/agv_controller) by extension 'colcon_pkg'
[2.090s] Level 1:colcon.colcon_core.package_identification:_identify(src/agv_controller) by extensions ['colcon_meta']
[2.090s] Level 1:colcon.colcon_core.package_identification:_identify(src/agv_controller) by extension 'colcon_meta'
[2.090s] Level 1:colcon.colcon_core.package_identification:_identify(src/agv_controller) by extensions ['ros']
[2.090s] Level 1:colcon.colcon_core.package_identification:_identify(src/agv_controller) by extension 'ros'
[2.150s] DEBUG:colcon.colcon_core.package_identification:Package 'src/agv_controller' with type 'ros.ament_python' and name 'agv_controller'
[2.151s] Level 1:colcon.colcon_core.package_identification:_identify(src/hls_lfcd_lds_driver) by extensions ['ignore', 'ignore_ament_install']
[2.152s] Level 1:colcon.colcon_core.package_identification:_identify(src/hls_lfcd_lds_driver) by extension 'ignore'
[2.152s] Level 1:colcon.colcon_core.package_identification:_identify(src/hls_lfcd_lds_driver) by extension 'ignore_ament_install'
[2.153s] Level 1:colcon.colcon_core.package_identification:_identify(src/hls_lfcd_lds_driver) by extensions ['colcon_pkg']
[2.153s] Level 1:colcon.colcon_core.package_identification:_identify(src/hls_lfcd_lds_driver) by extension 'colcon_pkg'
[2.153s] Level 1:colcon.colcon_core.package_identification:_identify(src/hls_lfcd_lds_driver) by extensions ['colcon_meta']
[2.153s] Level 1:colcon.colcon_core.package_identification:_identify(src/hls_lfcd_lds_driver) by extension 'colcon_meta'
[2.154s] Level 1:colcon.colcon_core.package_identification:_identify(src/hls_lfcd_lds_driver) by extensions ['ros']
[2.154s] Level 1:colcon.colcon_core.package_identification:_identify(src/hls_lfcd_lds_driver) by extension 'ros'
[2.161s] DEBUG:colcon.colcon_core.package_identification:Package 'src/hls_lfcd_lds_driver' with type 'ros.ament_cmake' and name 'hls_lfcd_lds_driver'
[2.162s] Level 1:colcon.colcon_core.package_identification:_identify(src/web_dashboard) by extensions ['ignore', 'ignore_ament_install']
[2.162s] Level 1:colcon.colcon_core.package_identification:_identify(src/web_dashboard) by extension 'ignore'
[2.163s] Level 1:colcon.colcon_core.package_identification:_identify(src/web_dashboard) by extension 'ignore_ament_install'
[2.163s] Level 1:colcon.colcon_core.package_identification:_identify(src/web_dashboard) by extensions ['colcon_pkg']
[2.164s] Level 1:colcon.colcon_core.package_identification:_identify(src/web_dashboard) by extension 'colcon_pkg'
[2.164s] Level 1:colcon.colcon_core.package_identification:_identify(src/web_dashboard) by extensions ['colcon_meta']
[2.164s] Level 1:colcon.colcon_core.package_identification:_identify(src/web_dashboard) by extension 'colcon_meta'
[2.165s] Level 1:colcon.colcon_core.package_identification:_identify(src/web_dashboard) by extensions ['ros']
[2.165s] Level 1:colcon.colcon_core.package_identification:_identify(src/web_dashboard) by extension 'ros'
[2.166s] Level 1:colcon.colcon_core.package_identification:_identify(src/web_dashboard) by extensions ['cmake', 'python']
[2.166s] Level 1:colcon.colcon_core.package_identification:_identify(src/web_dashboard) by extension 'cmake'
[2.167s] Level 1:colcon.colcon_core.package_identification:_identify(src/web_dashboard) by extension 'python'
[2.167s] Level 1:colcon.colcon_core.package_identification:_identify(src/web_dashboard) by extensions ['python_setup_py']
[2.167s] Level 1:colcon.colcon_core.package_identification:_identify(src/web_dashboard) by extension 'python_setup_py'
[2.168s] Level 1:colcon.colcon_core.package_discovery:discover_packages(recursive) using defaults
[2.168s] Level 1:colcon.colcon_core.package_discovery:discover_packages(ignore) discover
[2.168s] Level 1:colcon.colcon_core.package_discovery:discover_packages(ignore) using defaults
[2.168s] Level 1:colcon.colcon_core.package_discovery:discover_packages(path) discover
[2.168s] Level 1:colcon.colcon_core.package_discovery:discover_packages(path) using defaults
[2.284s] INFO:colcon.colcon_core.package_selection:Skipping not selected package 'hls_lfcd_lds_driver' in 'src/hls_lfcd_lds_driver'
[2.287s] Level 1:colcon.colcon_core.package_discovery:discover_packages(prefix_path) check parameters
[2.287s] Level 1:colcon.colcon_core.package_discovery:discover_packages(prefix_path) discover
[2.304s] DEBUG:colcon.colcon_installed_package_information.package_discovery:Found 2 installed packages in /home/dinhsieu/turtlebot3_pi_ws/install
[2.313s] DEBUG:colcon.colcon_installed_package_information.package_discovery:Found 270 installed packages in /opt/ros/humble
[2.321s] Level 1:colcon.colcon_core.package_discovery:discover_packages(prefix_path) using defaults
[2.528s] Level 5:colcon.colcon_core.verb:set package 'agv_controller' build argument 'cmake_args' from command line to 'None'
[2.528s] Level 5:colcon.colcon_core.verb:set package 'agv_controller' build argument 'cmake_target' from command line to 'None'
[2.529s] Level 5:colcon.colcon_core.verb:set package 'agv_controller' build argument 'cmake_target_skip_unavailable' from command line to 'False'
[2.529s] Level 5:colcon.colcon_core.verb:set package 'agv_controller' build argument 'cmake_clean_cache' from command line to 'False'
[2.529s] Level 5:colcon.colcon_core.verb:set package 'agv_controller' build argument 'cmake_clean_first' from command line to 'False'
[2.529s] Level 5:colcon.colcon_core.verb:set package 'agv_controller' build argument 'cmake_force_configure' from command line to 'False'
[2.529s] Level 5:colcon.colcon_core.verb:set package 'agv_controller' build argument 'ament_cmake_args' from command line to 'None'
[2.530s] Level 5:colcon.colcon_core.verb:set package 'agv_controller' build argument 'catkin_cmake_args' from command line to 'None'
[2.530s] Level 5:colcon.colcon_core.verb:set package 'agv_controller' build argument 'catkin_skip_building_tests' from command line to 'False'
[2.530s] DEBUG:colcon.colcon_core.verb:Building package 'agv_controller' with the following arguments: {'ament_cmake_args': None, 'build_base': '/home/dinhsieu/turtlebot3_pi_ws/build/agv_controller', 'catkin_cmake_args': None, 'catkin_skip_building_tests': False, 'cmake_args': None, 'cmake_clean_cache': False, 'cmake_clean_first': False, 'cmake_force_configure': False, 'cmake_target': None, 'cmake_target_skip_unavailable': False, 'install_base': '/home/dinhsieu/turtlebot3_pi_ws/install/agv_controller', 'merge_install': False, 'path': '/home/dinhsieu/turtlebot3_pi_ws/src/agv_controller', 'symlink_install': False, 'test_result_base': None}
[2.531s] INFO:colcon.colcon_core.executor:Executing jobs using 'parallel' executor
[2.535s] DEBUG:colcon.colcon_parallel_executor.executor.parallel:run_until_complete
[2.536s] INFO:colcon.colcon_ros.task.ament_python.build:Building ROS package in '/home/dinhsieu/turtlebot3_pi_ws/src/agv_controller' with build type 'ament_python'
[2.537s] Level 1:colcon.colcon_core.shell:create_environment_hook('agv_controller', 'ament_prefix_path')
[2.557s] INFO:colcon.colcon_core.plugin_system:Skipping extension 'colcon_core.shell.bat': Not used on non-Windows systems
[2.558s] INFO:colcon.colcon_core.shell:Creating environment hook '/home/dinhsieu/turtlebot3_pi_ws/install/agv_controller/share/agv_controller/hook/ament_prefix_path.ps1'
[2.563s] INFO:colcon.colcon_core.shell:Creating environment descriptor '/home/dinhsieu/turtlebot3_pi_ws/install/agv_controller/share/agv_controller/hook/ament_prefix_path.dsv'
[2.569s] INFO:colcon.colcon_core.shell:Creating environment hook '/home/dinhsieu/turtlebot3_pi_ws/install/agv_controller/share/agv_controller/hook/ament_prefix_path.sh'
[2.575s] INFO:colcon.colcon_core.shell:Skip shell extension 'powershell' for command environment: Not usable outside of PowerShell
[2.575s] DEBUG:colcon.colcon_core.shell:Skip shell extension 'dsv' for command environment
[3.867s] INFO:colcon.colcon_core.task.python.build:Building Python package in '/home/dinhsieu/turtlebot3_pi_ws/src/agv_controller'
[3.868s] INFO:colcon.colcon_core.shell:Skip shell extension 'powershell' for command environment: Not usable outside of PowerShell
[3.868s] DEBUG:colcon.colcon_core.shell:Skip shell extension 'dsv' for command environment
[5.860s] DEBUG:colcon.colcon_core.event_handler.log_command:Invoking command in '/home/dinhsieu/turtlebot3_pi_ws/src/agv_controller': PYTHONPATH=/home/dinhsieu/turtlebot3_pi_ws/build/agv_controller/prefix_override:/usr/lib/python3/dist-packages/colcon_core/task/python/colcon_distutils_commands:/home/dinhsieu/turtlebot3_pi_ws/install/agv_controller/lib/python3.10/site-packages:${PYTHONPATH} /usr/bin/python3 -W ignore:setup.py install is deprecated -W ignore:easy_install command is deprecated setup.py egg_info --egg-base ../../build/agv_controller build --build-base /home/dinhsieu/turtlebot3_pi_ws/build/agv_controller/build install --record /home/dinhsieu/turtlebot3_pi_ws/build/agv_controller/install.log --single-version-externally-managed install_data
[7.236s] DEBUG:colcon.colcon_core.event_handler.log_command:Invoked command in '/home/dinhsieu/turtlebot3_pi_ws/src/agv_controller' returned '0': PYTHONPATH=/home/dinhsieu/turtlebot3_pi_ws/build/agv_controller/prefix_override:/usr/lib/python3/dist-packages/colcon_core/task/python/colcon_distutils_commands:/home/dinhsieu/turtlebot3_pi_ws/install/agv_controller/lib/python3.10/site-packages:${PYTHONPATH} /usr/bin/python3 -W ignore:setup.py install is deprecated -W ignore:easy_install command is deprecated setup.py egg_info --egg-base ../../build/agv_controller build --build-base /home/dinhsieu/turtlebot3_pi_ws/build/agv_controller/build install --record /home/dinhsieu/turtlebot3_pi_ws/build/agv_controller/install.log --single-version-externally-managed install_data
[7.260s] Level 1:colcon.colcon_core.environment:checking '/home/dinhsieu/turtlebot3_pi_ws/install/agv_controller' for CMake module files
[7.263s] Level 1:colcon.colcon_core.environment:checking '/home/dinhsieu/turtlebot3_pi_ws/install/agv_controller' for CMake config files
[7.269s] Level 1:colcon.colcon_core.environment:checking '/home/dinhsieu/turtlebot3_pi_ws/install/agv_controller/lib'
[7.271s] Level 1:colcon.colcon_core.environment:checking '/home/dinhsieu/turtlebot3_pi_ws/install/agv_controller/bin'
[7.272s] Level 1:colcon.colcon_core.environment:checking '/home/dinhsieu/turtlebot3_pi_ws/install/agv_controller/lib/pkgconfig/agv_controller.pc'
[7.275s] Level 1:colcon.colcon_core.environment:checking '/home/dinhsieu/turtlebot3_pi_ws/install/agv_controller/lib/python3.10/site-packages'
[7.277s] Level 1:colcon.colcon_core.shell:create_environment_hook('agv_controller', 'pythonpath')
[7.280s] INFO:colcon.colcon_core.shell:Creating environment hook '/home/dinhsieu/turtlebot3_pi_ws/install/agv_controller/share/agv_controller/hook/pythonpath.ps1'
[7.286s] INFO:colcon.colcon_core.shell:Creating environment descriptor '/home/dinhsieu/turtlebot3_pi_ws/install/agv_controller/share/agv_controller/hook/pythonpath.dsv'
[7.293s] INFO:colcon.colcon_core.shell:Creating environment hook '/home/dinhsieu/turtlebot3_pi_ws/install/agv_controller/share/agv_controller/hook/pythonpath.sh'
[7.299s] Level 1:colcon.colcon_core.environment:checking '/home/dinhsieu/turtlebot3_pi_ws/install/agv_controller/bin'
[7.301s] Level 1:colcon.colcon_core.environment:create_environment_scripts_only(agv_controller)
[7.305s] INFO:colcon.colcon_core.shell:Creating package script '/home/dinhsieu/turtlebot3_pi_ws/install/agv_controller/share/agv_controller/package.ps1'
[7.314s] INFO:colcon.colcon_core.shell:Creating package descriptor '/home/dinhsieu/turtlebot3_pi_ws/install/agv_controller/share/agv_controller/package.dsv'
[7.320s] INFO:colcon.colcon_core.shell:Creating package script '/home/dinhsieu/turtlebot3_pi_ws/install/agv_controller/share/agv_controller/package.sh'
[7.325s] INFO:colcon.colcon_core.shell:Creating package script '/home/dinhsieu/turtlebot3_pi_ws/install/agv_controller/share/agv_controller/package.bash'
[7.333s] INFO:colcon.colcon_core.shell:Creating package script '/home/dinhsieu/turtlebot3_pi_ws/install/agv_controller/share/agv_controller/package.zsh'
[7.339s] Level 1:colcon.colcon_core.environment:create_file_with_runtime_dependencies(/home/dinhsieu/turtlebot3_pi_ws/install/agv_controller/share/colcon-core/packages/agv_controller)
[7.342s] DEBUG:colcon.colcon_parallel_executor.executor.parallel:closing loop
[7.343s] DEBUG:colcon.colcon_parallel_executor.executor.parallel:loop closed
[7.343s] DEBUG:colcon.colcon_parallel_executor.executor.parallel:run_until_complete finished with '0'
[7.344s] DEBUG:colcon.colcon_core.event_reactor:joining thread
[7.381s] INFO:colcon.colcon_core.plugin_system:Skipping extension 'colcon_notification.desktop_notification.notify_send': Could not find 'notify-send'
[7.382s] INFO:colcon.colcon_core.plugin_system:Skipping extension 'colcon_notification.desktop_notification.terminal_notifier': Not used on non-Darwin systems
[7.383s] INFO:colcon.colcon_core.plugin_system:Skipping extension 'colcon_notification.desktop_notification.win32': Not used on non-Windows systems
[7.384s] INFO:colcon.colcon_notification.desktop_notification:Sending desktop notification using 'notify2'
[7.390s] DEBUG:colcon.colcon_notification.desktop_notification.notify2:Failed to initialize notify2: org.freedesktop.DBus.Error.ServiceUnknown: The name org.freedesktop.Notifications was not provided by any .service files
[7.391s] DEBUG:colcon.colcon_core.event_reactor:joined thread
[7.393s] INFO:colcon.colcon_core.shell:Creating prefix script '/home/dinhsieu/turtlebot3_pi_ws/install/local_setup.ps1'
[7.403s] INFO:colcon.colcon_core.shell:Creating prefix util module '/home/dinhsieu/turtlebot3_pi_ws/install/_local_setup_util_ps1.py'
[7.414s] INFO:colcon.colcon_core.shell:Creating prefix chain script '/home/dinhsieu/turtlebot3_pi_ws/install/setup.ps1'
[7.423s] INFO:colcon.colcon_core.shell:Creating prefix script '/home/dinhsieu/turtlebot3_pi_ws/install/local_setup.sh'
[7.441s] INFO:colcon.colcon_core.shell:Creating prefix util module '/home/dinhsieu/turtlebot3_pi_ws/install/_local_setup_util_sh.py'
[7.444s] INFO:colcon.colcon_core.shell:Creating prefix chain script '/home/dinhsieu/turtlebot3_pi_ws/install/setup.sh'
[7.455s] INFO:colcon.colcon_core.shell:Creating prefix script '/home/dinhsieu/turtlebot3_pi_ws/install/local_setup.bash'
[7.461s] INFO:colcon.colcon_core.shell:Creating prefix chain script '/home/dinhsieu/turtlebot3_pi_ws/install/setup.bash'
[7.469s] INFO:colcon.colcon_core.shell:Creating prefix script '/home/dinhsieu/turtlebot3_pi_ws/install/local_setup.zsh'
[7.478s] INFO:colcon.colcon_core.shell:Creating prefix chain script '/home/dinhsieu/turtlebot3_pi_ws/install/setup.zsh'
