running egg_info
writing ../../build/agv_controller/agv_controller.egg-info/PKG-INFO
writing dependency_links to ../../build/agv_controller/agv_controller.egg-info/dependency_links.txt
writing entry points to ../../build/agv_controller/agv_controller.egg-info/entry_points.txt
writing requirements to ../../build/agv_controller/agv_controller.egg-info/requires.txt
writing top-level names to ../../build/agv_controller/agv_controller.egg-info/top_level.txt
reading manifest file '../../build/agv_controller/agv_controller.egg-info/SOURCES.txt'
writing manifest file '../../build/agv_controller/agv_controller.egg-info/SOURCES.txt'
running build
running build_py
running install
running install_lib
running install_data
copying config/slam_handheld.yaml -> /home/dinhsieu/turtlebot3_pi_ws/install/agv_controller/share/agv_controller/config
running install_egg_info
removing '/home/dinhsieu/turtlebot3_pi_ws/install/agv_controller/lib/python3.10/site-packages/agv_controller-0.0.1-py3.10.egg-info' (and everything under it)
Copying ../../build/agv_controller/agv_controller.egg-info to /home/dinhsieu/turtlebot3_pi_ws/install/agv_controller/lib/python3.10/site-packages/agv_controller-0.0.1-py3.10.egg-info
running install_scripts
Installing diff_drive_controller script to /home/dinhsieu/turtlebot3_pi_ws/install/agv_controller/lib/agv_controller
writing list of installed files to '/home/dinhsieu/turtlebot3_pi_ws/build/agv_controller/install.log'
