[2.853s] Invoking command in '/home/dinhsieu/turtlebot3_pi_ws/src/agv_controller': PYTHONPATH=/home/dinhsieu/turtlebot3_pi_ws/build/agv_controller/prefix_override:/usr/lib/python3/dist-packages/colcon_core/task/python/colcon_distutils_commands:/home/dinhsieu/turtlebot3_pi_ws/install/agv_controller/lib/python3.10/site-packages:${PYTHONPATH} /usr/bin/python3 -W ignore:setup.py install is deprecated -W ignore:easy_install command is deprecated setup.py egg_info --egg-base ../../build/agv_controller build --build-base /home/dinhsieu/turtlebot3_pi_ws/build/agv_controller/build install --record /home/dinhsieu/turtlebot3_pi_ws/build/agv_controller/install.log --single-version-externally-managed install_data
[3.936s] running egg_info
[3.939s] writing ../../build/agv_controller/agv_controller.egg-info/PKG-INFO
[3.940s] writing dependency_links to ../../build/agv_controller/agv_controller.egg-info/dependency_links.txt
[3.941s] writing entry points to ../../build/agv_controller/agv_controller.egg-info/entry_points.txt
[3.941s] writing requirements to ../../build/agv_controller/agv_controller.egg-info/requires.txt
[3.942s] writing top-level names to ../../build/agv_controller/agv_controller.egg-info/top_level.txt
[3.951s] reading manifest file '../../build/agv_controller/agv_controller.egg-info/SOURCES.txt'
[3.955s] writing manifest file '../../build/agv_controller/agv_controller.egg-info/SOURCES.txt'
[3.956s] running build
[3.956s] running build_py
[3.959s] running install
[3.960s] running install_lib
[3.967s] running install_data
[3.968s] copying config/my_nav2_params.yaml -> /home/dinhsieu/turtlebot3_pi_ws/install/agv_controller/share/agv_controller/config
[3.969s] running install_egg_info
[3.977s] removing '/home/dinhsieu/turtlebot3_pi_ws/install/agv_controller/lib/python3.10/site-packages/agv_controller-0.0.1-py3.10.egg-info' (and everything under it)
[3.979s] Copying ../../build/agv_controller/agv_controller.egg-info to /home/dinhsieu/turtlebot3_pi_ws/install/agv_controller/lib/python3.10/site-packages/agv_controller-0.0.1-py3.10.egg-info
[3.985s] running install_scripts
[4.067s] Installing diff_drive_controller script to /home/dinhsieu/turtlebot3_pi_ws/install/agv_controller/lib/agv_controller
[4.069s] writing list of installed files to '/home/dinhsieu/turtlebot3_pi_ws/build/agv_controller/install.log'
[4.187s] Invoked command in '/home/dinhsieu/turtlebot3_pi_ws/src/agv_controller' returned '0': PYTHONPATH=/home/dinhsieu/turtlebot3_pi_ws/build/agv_controller/prefix_override:/usr/lib/python3/dist-packages/colcon_core/task/python/colcon_distutils_commands:/home/dinhsieu/turtlebot3_pi_ws/install/agv_controller/lib/python3.10/site-packages:${PYTHONPATH} /usr/bin/python3 -W ignore:setup.py install is deprecated -W ignore:easy_install command is deprecated setup.py egg_info --egg-base ../../build/agv_controller build --build-base /home/dinhsieu/turtlebot3_pi_ws/build/agv_controller/build install --record /home/dinhsieu/turtlebot3_pi_ws/build/agv_controller/install.log --single-version-externally-managed install_data
