[1.223s] Invoking command in '/home/dinhsieu/turtlebot3_pi_ws/build/hls_lfcd_lds_driver': CMAKE_PREFIX_PATH=${CMAKE_PREFIX_PATH}:/home/dinhsieu/turtlebot3_pi_ws/install/agv_controller:/opt/ros/humble /usr/bin/cmake --build /home/dinhsieu/turtlebot3_pi_ws/build/hls_lfcd_lds_driver -- -j4 -l4
[1.512s] [100%] Built target hlds_laser_publisher
[1.556s] Invoked command in '/home/dinhsieu/turtlebot3_pi_ws/build/hls_lfcd_lds_driver' returned '0': CMAKE_PREFIX_PATH=${CMAKE_PREFIX_PATH}:/home/dinhsieu/turtlebot3_pi_ws/install/agv_controller:/opt/ros/humble /usr/bin/cmake --build /home/dinhsieu/turtlebot3_pi_ws/build/hls_lfcd_lds_driver -- -j4 -l4
[1.598s] Invoking command in '/home/dinhsieu/turtlebot3_pi_ws/build/hls_lfcd_lds_driver': CMAKE_PREFIX_PATH=${CMAKE_PREFIX_PATH}:/home/dinhsieu/turtlebot3_pi_ws/install/agv_controller:/opt/ros/humble /usr/bin/cmake --install /home/dinhsieu/turtlebot3_pi_ws/build/hls_lfcd_lds_driver
[1.627s] -- Install configuration: ""
[1.629s] -- Execute custom install script
[1.631s] -- Up-to-date symlink: /home/dinhsieu/turtlebot3_pi_ws/install/hls_lfcd_lds_driver/share/hls_lfcd_lds_driver/launch/hlds_laser.launch.py
[1.632s] -- Up-to-date symlink: /home/dinhsieu/turtlebot3_pi_ws/install/hls_lfcd_lds_driver/share/hls_lfcd_lds_driver/launch/view_hlds_laser.launch.py
[1.634s] -- Up-to-date symlink: /home/dinhsieu/turtlebot3_pi_ws/install/hls_lfcd_lds_driver/share/hls_lfcd_lds_driver/rviz/hlds_laser.rviz
[1.635s] -- Up-to-date symlink: /home/dinhsieu/turtlebot3_pi_ws/install/hls_lfcd_lds_driver/lib/hls_lfcd_lds_driver/hlds_laser_publisher
[1.637s] -- Up-to-date symlink: /home/dinhsieu/turtlebot3_pi_ws/install/hls_lfcd_lds_driver/share/ament_index/resource_index/package_run_dependencies/hls_lfcd_lds_driver
[1.638s] -- Up-to-date symlink: /home/dinhsieu/turtlebot3_pi_ws/install/hls_lfcd_lds_driver/share/ament_index/resource_index/parent_prefix_path/hls_lfcd_lds_driver
[1.640s] -- Up-to-date symlink: /home/dinhsieu/turtlebot3_pi_ws/install/hls_lfcd_lds_driver/share/hls_lfcd_lds_driver/environment/ament_prefix_path.sh
[1.641s] -- Up-to-date symlink: /home/dinhsieu/turtlebot3_pi_ws/install/hls_lfcd_lds_driver/share/hls_lfcd_lds_driver/environment/ament_prefix_path.dsv
[1.643s] -- Up-to-date symlink: /home/dinhsieu/turtlebot3_pi_ws/install/hls_lfcd_lds_driver/share/hls_lfcd_lds_driver/environment/path.sh
[1.645s] -- Up-to-date symlink: /home/dinhsieu/turtlebot3_pi_ws/install/hls_lfcd_lds_driver/share/hls_lfcd_lds_driver/environment/path.dsv
[1.646s] -- Up-to-date symlink: /home/dinhsieu/turtlebot3_pi_ws/install/hls_lfcd_lds_driver/share/hls_lfcd_lds_driver/local_setup.bash
[1.648s] -- Up-to-date symlink: /home/dinhsieu/turtlebot3_pi_ws/install/hls_lfcd_lds_driver/share/hls_lfcd_lds_driver/local_setup.sh
[1.651s] -- Up-to-date symlink: /home/dinhsieu/turtlebot3_pi_ws/install/hls_lfcd_lds_driver/share/hls_lfcd_lds_driver/local_setup.zsh
[1.652s] -- Up-to-date symlink: /home/dinhsieu/turtlebot3_pi_ws/install/hls_lfcd_lds_driver/share/hls_lfcd_lds_driver/local_setup.dsv
[1.652s] -- Symlinking: /home/dinhsieu/turtlebot3_pi_ws/install/hls_lfcd_lds_driver/share/hls_lfcd_lds_driver/package.dsv
[1.685s] -- Up-to-date symlink: /home/dinhsieu/turtlebot3_pi_ws/install/hls_lfcd_lds_driver/share/ament_index/resource_index/packages/hls_lfcd_lds_driver
[1.686s] -- Up-to-date symlink: /home/dinhsieu/turtlebot3_pi_ws/install/hls_lfcd_lds_driver/share/hls_lfcd_lds_driver/cmake/ament_cmake_export_dependencies-extras.cmake
[1.687s] -- Up-to-date symlink: /home/dinhsieu/turtlebot3_pi_ws/install/hls_lfcd_lds_driver/share/hls_lfcd_lds_driver/cmake/ament_cmake_export_include_directories-extras.cmake
[1.688s] -- Up-to-date symlink: /home/dinhsieu/turtlebot3_pi_ws/install/hls_lfcd_lds_driver/share/hls_lfcd_lds_driver/cmake/hls_lfcd_lds_driverConfig.cmake
[1.689s] -- Up-to-date symlink: /home/dinhsieu/turtlebot3_pi_ws/install/hls_lfcd_lds_driver/share/hls_lfcd_lds_driver/cmake/hls_lfcd_lds_driverConfig-version.cmake
[1.690s] -- Up-to-date symlink: /home/dinhsieu/turtlebot3_pi_ws/install/hls_lfcd_lds_driver/share/hls_lfcd_lds_driver/package.xml
[1.696s] Invoked command in '/home/dinhsieu/turtlebot3_pi_ws/build/hls_lfcd_lds_driver' returned '0': CMAKE_PREFIX_PATH=${CMAKE_PREFIX_PATH}:/home/dinhsieu/turtlebot3_pi_ws/install/agv_controller:/opt/ros/humble /usr/bin/cmake --install /home/dinhsieu/turtlebot3_pi_ws/build/hls_lfcd_lds_driver
