[3.022s] Invoking command in '/home/dinhsieu/turtlebot3_pi_ws/build/agv_controller': PYTHONPATH=/home/dinhsieu/turtlebot3_pi_ws/build/agv_controller/prefix_override:/usr/lib/python3/dist-packages/colcon_core/task/python/colcon_distutils_commands:/home/dinhsieu/turtlebot3_pi_ws/install/agv_controller/lib/python3.10/site-packages:${PYTHONPATH} /usr/bin/python3 -W ignore:setup.py install is deprecated -W ignore:easy_install command is deprecated setup.py develop --uninstall --editable --build-directory /home/dinhsieu/turtlebot3_pi_ws/build/agv_controller/build
[4.463s] running develop
[5.169s] Removing /home/dinhsieu/turtlebot3_pi_ws/install/agv_controller/lib/python3.10/site-packages/agv-controller.egg-link (link to .)
[5.296s] Invoked command in '/home/dinhsieu/turtlebot3_pi_ws/build/agv_controller' returned '0': PYTHONPATH=/home/dinhsieu/turtlebot3_pi_ws/build/agv_controller/prefix_override:/usr/lib/python3/dist-packages/colcon_core/task/python/colcon_distutils_commands:/home/dinhsieu/turtlebot3_pi_ws/install/agv_controller/lib/python3.10/site-packages:${PYTHONPATH} /usr/bin/python3 -W ignore:setup.py install is deprecated -W ignore:easy_install command is deprecated setup.py develop --uninstall --editable --build-directory /home/dinhsieu/turtlebot3_pi_ws/build/agv_controller/build
[5.306s] Invoking command in '/home/dinhsieu/turtlebot3_pi_ws/src/agv_controller': PYTHONPATH=/home/dinhsieu/turtlebot3_pi_ws/build/agv_controller/prefix_override:/usr/lib/python3/dist-packages/colcon_core/task/python/colcon_distutils_commands:/home/dinhsieu/turtlebot3_pi_ws/install/agv_controller/lib/python3.10/site-packages:${PYTHONPATH} /usr/bin/python3 -W ignore:setup.py install is deprecated -W ignore:easy_install command is deprecated setup.py egg_info --egg-base ../../build/agv_controller build --build-base /home/dinhsieu/turtlebot3_pi_ws/build/agv_controller/build install --record /home/dinhsieu/turtlebot3_pi_ws/build/agv_controller/install.log --single-version-externally-managed install_data --force
[6.333s] running egg_info
[6.336s] writing ../../build/agv_controller/agv_controller.egg-info/PKG-INFO
[6.337s] writing dependency_links to ../../build/agv_controller/agv_controller.egg-info/dependency_links.txt
[6.338s] writing entry points to ../../build/agv_controller/agv_controller.egg-info/entry_points.txt
[6.339s] writing requirements to ../../build/agv_controller/agv_controller.egg-info/requires.txt
[6.339s] writing top-level names to ../../build/agv_controller/agv_controller.egg-info/top_level.txt
[6.348s] reading manifest file '../../build/agv_controller/agv_controller.egg-info/SOURCES.txt'
[6.352s] writing manifest file '../../build/agv_controller/agv_controller.egg-info/SOURCES.txt'
[6.353s] running build
[6.354s] running build_py
[6.355s] running install
[6.356s] running install_lib
[6.359s] creating /home/dinhsieu/turtlebot3_pi_ws/install/agv_controller/lib/python3.10/site-packages/agv_controller
[6.360s] copying /home/dinhsieu/turtlebot3_pi_ws/build/agv_controller/build/lib/agv_controller/__init__.py -> /home/dinhsieu/turtlebot3_pi_ws/install/agv_controller/lib/python3.10/site-packages/agv_controller
[6.360s] copying /home/dinhsieu/turtlebot3_pi_ws/build/agv_controller/build/lib/agv_controller/diff_drive_controller.py -> /home/dinhsieu/turtlebot3_pi_ws/install/agv_controller/lib/python3.10/site-packages/agv_controller
[6.363s] byte-compiling /home/dinhsieu/turtlebot3_pi_ws/install/agv_controller/lib/python3.10/site-packages/agv_controller/__init__.py to __init__.cpython-310.pyc
[6.365s] byte-compiling /home/dinhsieu/turtlebot3_pi_ws/install/agv_controller/lib/python3.10/site-packages/agv_controller/diff_drive_controller.py to diff_drive_controller.cpython-310.pyc
[6.373s] running install_data
[6.373s] copying resource/agv_controller -> /home/dinhsieu/turtlebot3_pi_ws/install/agv_controller/share/ament_index/resource_index/packages
[6.374s] copying package.xml -> /home/dinhsieu/turtlebot3_pi_ws/install/agv_controller/share/agv_controller
[6.375s] copying launch/handheld_slam.launch.py -> /home/dinhsieu/turtlebot3_pi_ws/install/agv_controller/share/agv_controller/launch
[6.375s] copying launch/nav2_custom.launch.py -> /home/dinhsieu/turtlebot3_pi_ws/install/agv_controller/share/agv_controller/launch
[6.376s] copying config/slam_handheld.yaml -> /home/dinhsieu/turtlebot3_pi_ws/install/agv_controller/share/agv_controller/config
[6.377s] copying config/my_nav2_params.yaml -> /home/dinhsieu/turtlebot3_pi_ws/install/agv_controller/share/agv_controller/config
[6.378s] running install_egg_info
[6.386s] Copying ../../build/agv_controller/agv_controller.egg-info to /home/dinhsieu/turtlebot3_pi_ws/install/agv_controller/lib/python3.10/site-packages/agv_controller-0.0.1-py3.10.egg-info
[6.395s] running install_scripts
[6.476s] Installing diff_drive_controller script to /home/dinhsieu/turtlebot3_pi_ws/install/agv_controller/lib/agv_controller
[6.477s] writing list of installed files to '/home/dinhsieu/turtlebot3_pi_ws/build/agv_controller/install.log'
[6.593s] Invoked command in '/home/dinhsieu/turtlebot3_pi_ws/src/agv_controller' returned '0': PYTHONPATH=/home/dinhsieu/turtlebot3_pi_ws/build/agv_controller/prefix_override:/usr/lib/python3/dist-packages/colcon_core/task/python/colcon_distutils_commands:/home/dinhsieu/turtlebot3_pi_ws/install/agv_controller/lib/python3.10/site-packages:${PYTHONPATH} /usr/bin/python3 -W ignore:setup.py install is deprecated -W ignore:easy_install command is deprecated setup.py egg_info --egg-base ../../build/agv_controller build --build-base /home/dinhsieu/turtlebot3_pi_ws/build/agv_controller/build install --record /home/dinhsieu/turtlebot3_pi_ws/build/agv_controller/install.log --single-version-externally-managed install_data --force
