[3.831s] Invoking command in '/home/dinhsieu/turtlebot3_pi_ws/build/agv_controller': PYTHONPATH=/home/dinhsieu/turtlebot3_pi_ws/build/agv_controller/prefix_override:/usr/lib/python3/dist-packages/colcon_core/task/python/colcon_distutils_commands:/home/dinhsieu/turtlebot3_pi_ws/install/agv_controller/lib/python3.10/site-packages:${PYTHONPATH} /usr/bin/python3 -W ignore:setup.py install is deprecated -W ignore:easy_install command is deprecated setup.py develop --editable --build-directory /home/dinhsieu/turtlebot3_pi_ws/build/agv_controller/build --no-deps symlink_data --force
[5.287s] running develop
[6.614s] running egg_info
[6.617s] writing agv_controller.egg-info/PKG-INFO
[6.620s] writing dependency_links to agv_controller.egg-info/dependency_links.txt
[6.621s] writing entry points to agv_controller.egg-info/entry_points.txt
[6.629s] writing requirements to agv_controller.egg-info/requires.txt
[6.630s] writing top-level names to agv_controller.egg-info/top_level.txt
[6.632s] reading manifest file 'agv_controller.egg-info/SOURCES.txt'
[6.638s] writing manifest file 'agv_controller.egg-info/SOURCES.txt'
[6.648s] running build_ext
[6.650s] Creating /home/dinhsieu/turtlebot3_pi_ws/install/agv_controller/lib/python3.10/site-packages/agv-controller.egg-link (link to .)
[6.655s] Installing diff_drive_controller script to /home/dinhsieu/turtlebot3_pi_ws/install/agv_controller/lib/agv_controller
[6.658s] 
[6.658s] Installed /home/dinhsieu/turtlebot3_pi_ws/build/agv_controller
[6.663s] running symlink_data
[6.663s] symbolically linking /home/dinhsieu/turtlebot3_pi_ws/build/agv_controller/resource/agv_controller -> /home/dinhsieu/turtlebot3_pi_ws/install/agv_controller/share/ament_index/resource_index/packages
[6.669s] symbolically linking /home/dinhsieu/turtlebot3_pi_ws/build/agv_controller/package.xml -> /home/dinhsieu/turtlebot3_pi_ws/install/agv_controller/share/agv_controller
[6.683s] symbolically linking /home/dinhsieu/turtlebot3_pi_ws/build/agv_controller/launch/handheld_slam.launch.py -> /home/dinhsieu/turtlebot3_pi_ws/install/agv_controller/share/agv_controller/launch
[6.687s] symbolically linking /home/dinhsieu/turtlebot3_pi_ws/build/agv_controller/launch/nav2_custom.launch.py -> /home/dinhsieu/turtlebot3_pi_ws/install/agv_controller/share/agv_controller/launch
[6.695s] symbolically linking /home/dinhsieu/turtlebot3_pi_ws/build/agv_controller/config/slam_handheld.yaml -> /home/dinhsieu/turtlebot3_pi_ws/install/agv_controller/share/agv_controller/config
[6.710s] symbolically linking /home/dinhsieu/turtlebot3_pi_ws/build/agv_controller/config/my_nav2_params.yaml -> /home/dinhsieu/turtlebot3_pi_ws/install/agv_controller/share/agv_controller/config
[6.872s] Invoked command in '/home/dinhsieu/turtlebot3_pi_ws/build/agv_controller' returned '0': PYTHONPATH=/home/dinhsieu/turtlebot3_pi_ws/build/agv_controller/prefix_override:/usr/lib/python3/dist-packages/colcon_core/task/python/colcon_distutils_commands:/home/dinhsieu/turtlebot3_pi_ws/install/agv_controller/lib/python3.10/site-packages:${PYTHONPATH} /usr/bin/python3 -W ignore:setup.py install is deprecated -W ignore:easy_install command is deprecated setup.py develop --editable --build-directory /home/dinhsieu/turtlebot3_pi_ws/build/agv_controller/build --no-deps symlink_data --force
