[0.600s] DEBUG:colcon:Command line arguments: ['/usr/bin/colcon', 'build', '--packages-select', 'agv_controller', '--symlink-install']
[0.601s] DEBUG:colcon:Parsed command line arguments: Namespace(log_base=None, log_level=None, verb_name='build', build_base='build', install_base='install', merge_install=False, symlink_install=True, test_result_base=None, continue_on_error=False, executor='parallel', parallel_workers=4, event_handlers=None, ignore_user_meta=False, metas=['./colcon.meta'], base_paths=['.'], packages_ignore=None, packages_ignore_regex=None, paths=None, packages_up_to=None, packages_up_to_regex=None, packages_above=None, packages_above_and_dependencies=None, packages_above_depth=None, packages_select_by_dep=None, packages_skip_by_dep=None, packages_skip_up_to=None, packages_select_build_failed=False, packages_skip_build_finished=False, packages_select_test_failures=False, packages_skip_test_passed=False, packages_select=['agv_controller'], packages_skip=None, packages_select_regex=None, packages_skip_regex=None, packages_start=None, packages_end=None, allow_overriding=[], cmake_args=None, cmake_target=None, cmake_target_skip_unavailable=False, cmake_clean_cache=False, cmake_clean_first=False, cmake_force_configure=False, ament_cmake_args=None, catkin_cmake_args=None, catkin_skip_building_tests=False, verb_parser=<colcon_defaults.argument_parser.defaults.DefaultArgumentsDecorator object at 0xffff998e3340>, verb_extension=<colcon_core.verb.build.BuildVerb object at 0xffff99a2c850>, main=<bound method BuildVerb.main of <colcon_core.verb.build.BuildVerb object at 0xffff99a2c850>>)
[1.751s] Level 1:colcon.colcon_core.package_discovery:discover_packages(colcon_meta) check parameters
[1.752s] Level 1:colcon.colcon_core.package_discovery:discover_packages(recursive) check parameters
[1.752s] Level 1:colcon.colcon_core.package_discovery:discover_packages(ignore) check parameters
[1.752s] Level 1:colcon.colcon_core.package_discovery:discover_packages(path) check parameters
[1.752s] Level 1:colcon.colcon_core.package_discovery:discover_packages(colcon_meta) discover
[1.753s] Level 1:colcon.colcon_core.package_discovery:discover_packages(recursive) discover
[1.753s] INFO:colcon.colcon_core.package_discovery:Crawling recursively for packages in '/home/dinhsieu/turtlebot3_pi_ws'
[1.754s] Level 1:colcon.colcon_core.package_identification:_identify(.) by extensions ['ignore', 'ignore_ament_install']
[1.754s] Level 1:colcon.colcon_core.package_identification:_identify(.) by extension 'ignore'
[1.754s] Level 1:colcon.colcon_core.package_identification:_identify(.) by extension 'ignore_ament_install'
[1.755s] Level 1:colcon.colcon_core.package_identification:_identify(.) by extensions ['colcon_pkg']
[1.755s] Level 1:colcon.colcon_core.package_identification:_identify(.) by extension 'colcon_pkg'
[1.755s] Level 1:colcon.colcon_core.package_identification:_identify(.) by extensions ['colcon_meta']
[1.755s] Level 1:colcon.colcon_core.package_identification:_identify(.) by extension 'colcon_meta'
[1.756s] Level 1:colcon.colcon_core.package_identification:_identify(.) by extensions ['ros']
[1.756s] Level 1:colcon.colcon_core.package_identification:_identify(.) by extension 'ros'
[1.953s] Level 1:colcon.colcon_core.package_identification:_identify(.) by extensions ['cmake', 'python']
[1.953s] Level 1:colcon.colcon_core.package_identification:_identify(.) by extension 'cmake'
[1.954s] Level 1:colcon.colcon_core.package_identification:_identify(.) by extension 'python'
[1.954s] Level 1:colcon.colcon_core.package_identification:_identify(.) by extensions ['python_setup_py']
[1.955s] Level 1:colcon.colcon_core.package_identification:_identify(.) by extension 'python_setup_py'
[1.955s] Level 1:colcon.colcon_core.package_identification:_identify(build) by extensions ['ignore', 'ignore_ament_install']
[1.956s] Level 1:colcon.colcon_core.package_identification:_identify(build) by extension 'ignore'
[1.956s] Level 1:colcon.colcon_core.package_identification:_identify(build) ignored
[1.957s] Level 1:colcon.colcon_core.package_identification:_identify(install) by extensions ['ignore', 'ignore_ament_install']
[1.957s] Level 1:colcon.colcon_core.package_identification:_identify(install) by extension 'ignore'
[1.958s] Level 1:colcon.colcon_core.package_identification:_identify(install) ignored
[1.960s] Level 1:colcon.colcon_core.package_identification:_identify(log) by extensions ['ignore', 'ignore_ament_install']
[1.961s] Level 1:colcon.colcon_core.package_identification:_identify(log) by extension 'ignore'
[1.961s] Level 1:colcon.colcon_core.package_identification:_identify(log) ignored
[1.962s] Level 1:colcon.colcon_core.package_identification:_identify(src) by extensions ['ignore', 'ignore_ament_install']
[1.962s] Level 1:colcon.colcon_core.package_identification:_identify(src) by extension 'ignore'
[1.963s] Level 1:colcon.colcon_core.package_identification:_identify(src) by extension 'ignore_ament_install'
[1.963s] Level 1:colcon.colcon_core.package_identification:_identify(src) by extensions ['colcon_pkg']
[1.964s] Level 1:colcon.colcon_core.package_identification:_identify(src) by extension 'colcon_pkg'
[1.964s] Level 1:colcon.colcon_core.package_identification:_identify(src) by extensions ['colcon_meta']
[1.964s] Level 1:colcon.colcon_core.package_identification:_identify(src) by extension 'colcon_meta'
[1.965s] Level 1:colcon.colcon_core.package_identification:_identify(src) by extensions ['ros']
[1.965s] Level 1:colcon.colcon_core.package_identification:_identify(src) by extension 'ros'
[1.965s] Level 1:colcon.colcon_core.package_identification:_identify(src) by extensions ['cmake', 'python']
[1.966s] Level 1:colcon.colcon_core.package_identification:_identify(src) by extension 'cmake'
[1.966s] Level 1:colcon.colcon_core.package_identification:_identify(src) by extension 'python'
[1.966s] Level 1:colcon.colcon_core.package_identification:_identify(src) by extensions ['python_setup_py']
[1.966s] Level 1:colcon.colcon_core.package_identification:_identify(src) by extension 'python_setup_py'
[1.967s] Level 1:colcon.colcon_core.package_identification:_identify(src/GUI) by extensions ['ignore', 'ignore_ament_install']
[1.967s] Level 1:colcon.colcon_core.package_identification:_identify(src/GUI) by extension 'ignore'
[1.968s] Level 1:colcon.colcon_core.package_identification:_identify(src/GUI) by extension 'ignore_ament_install'
[1.969s] Level 1:colcon.colcon_core.package_identification:_identify(src/GUI) by extensions ['colcon_pkg']
[1.969s] Level 1:colcon.colcon_core.package_identification:_identify(src/GUI) by extension 'colcon_pkg'
[1.970s] Level 1:colcon.colcon_core.package_identification:_identify(src/GUI) by extensions ['colcon_meta']
[1.970s] Level 1:colcon.colcon_core.package_identification:_identify(src/GUI) by extension 'colcon_meta'
[1.970s] Level 1:colcon.colcon_core.package_identification:_identify(src/GUI) by extensions ['ros']
[1.970s] Level 1:colcon.colcon_core.package_identification:_identify(src/GUI) by extension 'ros'
[1.971s] Level 1:colcon.colcon_core.package_identification:_identify(src/GUI) by extensions ['cmake', 'python']
[1.971s] Level 1:colcon.colcon_core.package_identification:_identify(src/GUI) by extension 'cmake'
[1.972s] Level 1:colcon.colcon_core.package_identification:_identify(src/GUI) by extension 'python'
[1.972s] Level 1:colcon.colcon_core.package_identification:_identify(src/GUI) by extensions ['python_setup_py']
[1.972s] Level 1:colcon.colcon_core.package_identification:_identify(src/GUI) by extension 'python_setup_py'
[1.973s] Level 1:colcon.colcon_core.package_identification:_identify(src/agv_controller) by extensions ['ignore', 'ignore_ament_install']
[1.974s] Level 1:colcon.colcon_core.package_identification:_identify(src/agv_controller) by extension 'ignore'
[1.974s] Level 1:colcon.colcon_core.package_identification:_identify(src/agv_controller) by extension 'ignore_ament_install'
[1.975s] Level 1:colcon.colcon_core.package_identification:_identify(src/agv_controller) by extensions ['colcon_pkg']
[1.975s] Level 1:colcon.colcon_core.package_identification:_identify(src/agv_controller) by extension 'colcon_pkg'
[1.976s] Level 1:colcon.colcon_core.package_identification:_identify(src/agv_controller) by extensions ['colcon_meta']
[1.976s] Level 1:colcon.colcon_core.package_identification:_identify(src/agv_controller) by extension 'colcon_meta'
[1.977s] Level 1:colcon.colcon_core.package_identification:_identify(src/agv_controller) by extensions ['ros']
[1.977s] Level 1:colcon.colcon_core.package_identification:_identify(src/agv_controller) by extension 'ros'
[1.996s] DEBUG:colcon.colcon_core.package_identification:Package 'src/agv_controller' with type 'ros.ament_python' and name 'agv_controller'
[1.997s] Level 1:colcon.colcon_core.package_identification:_identify(src/hls_lfcd_lds_driver) by extensions ['ignore', 'ignore_ament_install']
[1.998s] Level 1:colcon.colcon_core.package_identification:_identify(src/hls_lfcd_lds_driver) by extension 'ignore'
[1.998s] Level 1:colcon.colcon_core.package_identification:_identify(src/hls_lfcd_lds_driver) by extension 'ignore_ament_install'
[1.998s] Level 1:colcon.colcon_core.package_identification:_identify(src/hls_lfcd_lds_driver) by extensions ['colcon_pkg']
[1.998s] Level 1:colcon.colcon_core.package_identification:_identify(src/hls_lfcd_lds_driver) by extension 'colcon_pkg'
[1.999s] Level 1:colcon.colcon_core.package_identification:_identify(src/hls_lfcd_lds_driver) by extensions ['colcon_meta']
[1.999s] Level 1:colcon.colcon_core.package_identification:_identify(src/hls_lfcd_lds_driver) by extension 'colcon_meta'
[1.999s] Level 1:colcon.colcon_core.package_identification:_identify(src/hls_lfcd_lds_driver) by extensions ['ros']
[1.999s] Level 1:colcon.colcon_core.package_identification:_identify(src/hls_lfcd_lds_driver) by extension 'ros'
[2.006s] DEBUG:colcon.colcon_core.package_identification:Package 'src/hls_lfcd_lds_driver' with type 'ros.ament_cmake' and name 'hls_lfcd_lds_driver'
[2.006s] Level 1:colcon.colcon_core.package_discovery:discover_packages(recursive) using defaults
[2.007s] Level 1:colcon.colcon_core.package_discovery:discover_packages(ignore) discover
[2.007s] Level 1:colcon.colcon_core.package_discovery:discover_packages(ignore) using defaults
[2.007s] Level 1:colcon.colcon_core.package_discovery:discover_packages(path) discover
[2.007s] Level 1:colcon.colcon_core.package_discovery:discover_packages(path) using defaults
[2.170s] INFO:colcon.colcon_core.package_selection:Skipping not selected package 'hls_lfcd_lds_driver' in 'src/hls_lfcd_lds_driver'
[2.174s] Level 1:colcon.colcon_core.package_discovery:discover_packages(prefix_path) check parameters
[2.174s] Level 1:colcon.colcon_core.package_discovery:discover_packages(prefix_path) discover
[2.190s] DEBUG:colcon.colcon_installed_package_information.package_discovery:Found 2 installed packages in /home/dinhsieu/turtlebot3_pi_ws/install
[2.200s] DEBUG:colcon.colcon_installed_package_information.package_discovery:Found 260 installed packages in /opt/ros/humble
[2.206s] Level 1:colcon.colcon_core.package_discovery:discover_packages(prefix_path) using defaults
[2.405s] Level 5:colcon.colcon_core.verb:set package 'agv_controller' build argument 'cmake_args' from command line to 'None'
[2.406s] Level 5:colcon.colcon_core.verb:set package 'agv_controller' build argument 'cmake_target' from command line to 'None'
[2.406s] Level 5:colcon.colcon_core.verb:set package 'agv_controller' build argument 'cmake_target_skip_unavailable' from command line to 'False'
[2.406s] Level 5:colcon.colcon_core.verb:set package 'agv_controller' build argument 'cmake_clean_cache' from command line to 'False'
[2.406s] Level 5:colcon.colcon_core.verb:set package 'agv_controller' build argument 'cmake_clean_first' from command line to 'False'
[2.406s] Level 5:colcon.colcon_core.verb:set package 'agv_controller' build argument 'cmake_force_configure' from command line to 'False'
[2.406s] Level 5:colcon.colcon_core.verb:set package 'agv_controller' build argument 'ament_cmake_args' from command line to 'None'
[2.407s] Level 5:colcon.colcon_core.verb:set package 'agv_controller' build argument 'catkin_cmake_args' from command line to 'None'
[2.407s] Level 5:colcon.colcon_core.verb:set package 'agv_controller' build argument 'catkin_skip_building_tests' from command line to 'False'
[2.407s] DEBUG:colcon.colcon_core.verb:Building package 'agv_controller' with the following arguments: {'ament_cmake_args': None, 'build_base': '/home/dinhsieu/turtlebot3_pi_ws/build/agv_controller', 'catkin_cmake_args': None, 'catkin_skip_building_tests': False, 'cmake_args': None, 'cmake_clean_cache': False, 'cmake_clean_first': False, 'cmake_force_configure': False, 'cmake_target': None, 'cmake_target_skip_unavailable': False, 'install_base': '/home/dinhsieu/turtlebot3_pi_ws/install/agv_controller', 'merge_install': False, 'path': '/home/dinhsieu/turtlebot3_pi_ws/src/agv_controller', 'symlink_install': True, 'test_result_base': None}
[2.408s] INFO:colcon.colcon_core.executor:Executing jobs using 'parallel' executor
[2.412s] DEBUG:colcon.colcon_parallel_executor.executor.parallel:run_until_complete
[2.413s] INFO:colcon.colcon_ros.task.ament_python.build:Building ROS package in '/home/dinhsieu/turtlebot3_pi_ws/src/agv_controller' with build type 'ament_python'
[2.414s] Level 1:colcon.colcon_core.shell:create_environment_hook('agv_controller', 'ament_prefix_path')
[2.434s] INFO:colcon.colcon_core.plugin_system:Skipping extension 'colcon_core.shell.bat': Not used on non-Windows systems
[2.436s] INFO:colcon.colcon_core.shell:Creating environment hook '/home/dinhsieu/turtlebot3_pi_ws/install/agv_controller/share/agv_controller/hook/ament_prefix_path.ps1'
[2.440s] INFO:colcon.colcon_core.shell:Creating environment descriptor '/home/dinhsieu/turtlebot3_pi_ws/install/agv_controller/share/agv_controller/hook/ament_prefix_path.dsv'
[2.446s] INFO:colcon.colcon_core.shell:Creating environment hook '/home/dinhsieu/turtlebot3_pi_ws/install/agv_controller/share/agv_controller/hook/ament_prefix_path.sh'
[2.451s] INFO:colcon.colcon_core.shell:Skip shell extension 'powershell' for command environment: Not usable outside of PowerShell
[2.451s] DEBUG:colcon.colcon_core.shell:Skip shell extension 'dsv' for command environment
[3.834s] INFO:colcon.colcon_core.task.python.build:Building Python package in '/home/dinhsieu/turtlebot3_pi_ws/src/agv_controller'
[3.835s] INFO:colcon.colcon_core.shell:Skip shell extension 'powershell' for command environment: Not usable outside of PowerShell
[3.835s] DEBUG:colcon.colcon_core.shell:Skip shell extension 'dsv' for command environment
[5.931s] DEBUG:colcon.colcon_core.event_handler.log_command:Invoking command in '/home/dinhsieu/turtlebot3_pi_ws/build/agv_controller': PYTHONPATH=/home/dinhsieu/turtlebot3_pi_ws/build/agv_controller/prefix_override:/usr/lib/python3/dist-packages/colcon_core/task/python/colcon_distutils_commands:/home/dinhsieu/turtlebot3_pi_ws/install/agv_controller/lib/python3.10/site-packages:${PYTHONPATH} /usr/bin/python3 -W ignore:setup.py install is deprecated -W ignore:easy_install command is deprecated setup.py develop --editable --build-directory /home/dinhsieu/turtlebot3_pi_ws/build/agv_controller/build --no-deps symlink_data
[7.930s] Level 1:colcon.colcon_core.shell:create_environment_hook('agv_controller', 'pythonpath_develop')
[7.931s] INFO:colcon.colcon_core.shell:Creating environment hook '/home/dinhsieu/turtlebot3_pi_ws/build/agv_controller/share/agv_controller/hook/pythonpath_develop.ps1'
[7.933s] DEBUG:colcon.colcon_core.event_handler.log_command:Invoked command in '/home/dinhsieu/turtlebot3_pi_ws/build/agv_controller' returned '0': PYTHONPATH=/home/dinhsieu/turtlebot3_pi_ws/build/agv_controller/prefix_override:/usr/lib/python3/dist-packages/colcon_core/task/python/colcon_distutils_commands:/home/dinhsieu/turtlebot3_pi_ws/install/agv_controller/lib/python3.10/site-packages:${PYTHONPATH} /usr/bin/python3 -W ignore:setup.py install is deprecated -W ignore:easy_install command is deprecated setup.py develop --editable --build-directory /home/dinhsieu/turtlebot3_pi_ws/build/agv_controller/build --no-deps symlink_data
[7.935s] INFO:colcon.colcon_core.shell:Creating environment descriptor '/home/dinhsieu/turtlebot3_pi_ws/build/agv_controller/share/agv_controller/hook/pythonpath_develop.dsv'
[7.937s] INFO:colcon.colcon_core.shell:Creating environment hook '/home/dinhsieu/turtlebot3_pi_ws/build/agv_controller/share/agv_controller/hook/pythonpath_develop.sh'
[7.959s] Level 1:colcon.colcon_core.environment:checking '/home/dinhsieu/turtlebot3_pi_ws/install/agv_controller' for CMake module files
[7.962s] Level 1:colcon.colcon_core.environment:checking '/home/dinhsieu/turtlebot3_pi_ws/install/agv_controller' for CMake config files
[7.967s] Level 1:colcon.colcon_core.environment:checking '/home/dinhsieu/turtlebot3_pi_ws/install/agv_controller/lib'
[7.968s] Level 1:colcon.colcon_core.environment:checking '/home/dinhsieu/turtlebot3_pi_ws/install/agv_controller/bin'
[7.968s] Level 1:colcon.colcon_core.environment:checking '/home/dinhsieu/turtlebot3_pi_ws/install/agv_controller/lib/pkgconfig/agv_controller.pc'
[7.969s] Level 1:colcon.colcon_core.environment:checking '/home/dinhsieu/turtlebot3_pi_ws/install/agv_controller/lib/python3.10/site-packages'
[7.970s] Level 1:colcon.colcon_core.shell:create_environment_hook('agv_controller', 'pythonpath')
[7.971s] INFO:colcon.colcon_core.shell:Creating environment hook '/home/dinhsieu/turtlebot3_pi_ws/install/agv_controller/share/agv_controller/hook/pythonpath.ps1'
[7.973s] INFO:colcon.colcon_core.shell:Creating environment descriptor '/home/dinhsieu/turtlebot3_pi_ws/install/agv_controller/share/agv_controller/hook/pythonpath.dsv'
[7.974s] INFO:colcon.colcon_core.shell:Creating environment hook '/home/dinhsieu/turtlebot3_pi_ws/install/agv_controller/share/agv_controller/hook/pythonpath.sh'
[7.978s] Level 1:colcon.colcon_core.environment:checking '/home/dinhsieu/turtlebot3_pi_ws/install/agv_controller/bin'
[7.978s] Level 1:colcon.colcon_core.environment:create_environment_scripts_only(agv_controller)
[7.980s] INFO:colcon.colcon_core.shell:Creating package script '/home/dinhsieu/turtlebot3_pi_ws/install/agv_controller/share/agv_controller/package.ps1'
[7.984s] INFO:colcon.colcon_core.shell:Creating package descriptor '/home/dinhsieu/turtlebot3_pi_ws/install/agv_controller/share/agv_controller/package.dsv'
[7.988s] INFO:colcon.colcon_core.shell:Creating package script '/home/dinhsieu/turtlebot3_pi_ws/install/agv_controller/share/agv_controller/package.sh'
[7.992s] INFO:colcon.colcon_core.shell:Creating package script '/home/dinhsieu/turtlebot3_pi_ws/install/agv_controller/share/agv_controller/package.bash'
[7.997s] INFO:colcon.colcon_core.shell:Creating package script '/home/dinhsieu/turtlebot3_pi_ws/install/agv_controller/share/agv_controller/package.zsh'
[8.002s] Level 1:colcon.colcon_core.environment:create_file_with_runtime_dependencies(/home/dinhsieu/turtlebot3_pi_ws/install/agv_controller/share/colcon-core/packages/agv_controller)
[8.003s] DEBUG:colcon.colcon_parallel_executor.executor.parallel:closing loop
[8.004s] DEBUG:colcon.colcon_parallel_executor.executor.parallel:loop closed
[8.005s] DEBUG:colcon.colcon_parallel_executor.executor.parallel:run_until_complete finished with '0'
[8.005s] DEBUG:colcon.colcon_core.event_reactor:joining thread
[8.034s] INFO:colcon.colcon_core.plugin_system:Skipping extension 'colcon_notification.desktop_notification.notify_send': Could not find 'notify-send'
[8.034s] INFO:colcon.colcon_core.plugin_system:Skipping extension 'colcon_notification.desktop_notification.terminal_notifier': Not used on non-Darwin systems
[8.035s] INFO:colcon.colcon_core.plugin_system:Skipping extension 'colcon_notification.desktop_notification.win32': Not used on non-Windows systems
[8.035s] INFO:colcon.colcon_notification.desktop_notification:Sending desktop notification using 'notify2'
[8.095s] DEBUG:colcon.colcon_notification.desktop_notification.notify2:Failed to initialize notify2: org.freedesktop.DBus.Error.ServiceUnknown: The name org.freedesktop.Notifications was not provided by any .service files
[8.096s] DEBUG:colcon.colcon_core.event_reactor:joined thread
[8.097s] INFO:colcon.colcon_core.shell:Creating prefix script '/home/dinhsieu/turtlebot3_pi_ws/install/local_setup.ps1'
[8.105s] INFO:colcon.colcon_core.shell:Creating prefix util module '/home/dinhsieu/turtlebot3_pi_ws/install/_local_setup_util_ps1.py'
[8.116s] INFO:colcon.colcon_core.shell:Creating prefix chain script '/home/dinhsieu/turtlebot3_pi_ws/install/setup.ps1'
[8.123s] INFO:colcon.colcon_core.shell:Creating prefix script '/home/dinhsieu/turtlebot3_pi_ws/install/local_setup.sh'
[8.128s] INFO:colcon.colcon_core.shell:Creating prefix util module '/home/dinhsieu/turtlebot3_pi_ws/install/_local_setup_util_sh.py'
[8.131s] INFO:colcon.colcon_core.shell:Creating prefix chain script '/home/dinhsieu/turtlebot3_pi_ws/install/setup.sh'
[8.136s] INFO:colcon.colcon_core.shell:Creating prefix script '/home/dinhsieu/turtlebot3_pi_ws/install/local_setup.bash'
[8.139s] INFO:colcon.colcon_core.shell:Creating prefix chain script '/home/dinhsieu/turtlebot3_pi_ws/install/setup.bash'
[8.144s] INFO:colcon.colcon_core.shell:Creating prefix script '/home/dinhsieu/turtlebot3_pi_ws/install/local_setup.zsh'
[8.148s] INFO:colcon.colcon_core.shell:Creating prefix chain script '/home/dinhsieu/turtlebot3_pi_ws/install/setup.zsh'
