[0.429s] DEBUG:colcon:Command line arguments: ['/usr/bin/colcon', 'build', '--packages-select', 'agv_controller', '--symlink-install']
[0.429s] DEBUG:colcon:Parsed command line arguments: Namespace(log_base=None, log_level=None, verb_name='build', build_base='build', install_base='install', merge_install=False, symlink_install=True, test_result_base=None, continue_on_error=False, executor='parallel', parallel_workers=4, event_handlers=None, ignore_user_meta=False, metas=['./colcon.meta'], base_paths=['.'], packages_ignore=None, packages_ignore_regex=None, paths=None, packages_up_to=None, packages_up_to_regex=None, packages_above=None, packages_above_and_dependencies=None, packages_above_depth=None, packages_select_by_dep=None, packages_skip_by_dep=None, packages_skip_up_to=None, packages_select_build_failed=False, packages_skip_build_finished=False, packages_select_test_failures=False, packages_skip_test_passed=False, packages_select=['agv_controller'], packages_skip=None, packages_select_regex=None, packages_skip_regex=None, packages_start=None, packages_end=None, allow_overriding=[], cmake_args=None, cmake_target=None, cmake_target_skip_unavailable=False, cmake_clean_cache=False, cmake_clean_first=False, cmake_force_configure=False, ament_cmake_args=None, catkin_cmake_args=None, catkin_skip_building_tests=False, verb_parser=<colcon_defaults.argument_parser.defaults.DefaultArgumentsDecorator object at 0xffff980033a0>, verb_extension=<colcon_core.verb.build.BuildVerb object at 0xffff981488b0>, main=<bound method BuildVerb.main of <colcon_core.verb.build.BuildVerb object at 0xffff981488b0>>)
[1.169s] Level 1:colcon.colcon_core.package_discovery:discover_packages(colcon_meta) check parameters
[1.170s] Level 1:colcon.colcon_core.package_discovery:discover_packages(recursive) check parameters
[1.170s] Level 1:colcon.colcon_core.package_discovery:discover_packages(ignore) check parameters
[1.170s] Level 1:colcon.colcon_core.package_discovery:discover_packages(path) check parameters
[1.170s] Level 1:colcon.colcon_core.package_discovery:discover_packages(colcon_meta) discover
[1.171s] Level 1:colcon.colcon_core.package_discovery:discover_packages(recursive) discover
[1.171s] INFO:colcon.colcon_core.package_discovery:Crawling recursively for packages in '/home/dinhsieu/turtlebot3_pi_ws'
[1.172s] Level 1:colcon.colcon_core.package_identification:_identify(.) by extensions ['ignore', 'ignore_ament_install']
[1.172s] Level 1:colcon.colcon_core.package_identification:_identify(.) by extension 'ignore'
[1.173s] Level 1:colcon.colcon_core.package_identification:_identify(.) by extension 'ignore_ament_install'
[1.173s] Level 1:colcon.colcon_core.package_identification:_identify(.) by extensions ['colcon_pkg']
[1.173s] Level 1:colcon.colcon_core.package_identification:_identify(.) by extension 'colcon_pkg'
[1.174s] Level 1:colcon.colcon_core.package_identification:_identify(.) by extensions ['colcon_meta']
[1.174s] Level 1:colcon.colcon_core.package_identification:_identify(.) by extension 'colcon_meta'
[1.174s] Level 1:colcon.colcon_core.package_identification:_identify(.) by extensions ['ros']
[1.174s] Level 1:colcon.colcon_core.package_identification:_identify(.) by extension 'ros'
[1.290s] Level 1:colcon.colcon_core.package_identification:_identify(.) by extensions ['cmake', 'python']
[1.290s] Level 1:colcon.colcon_core.package_identification:_identify(.) by extension 'cmake'
[1.291s] Level 1:colcon.colcon_core.package_identification:_identify(.) by extension 'python'
[1.291s] Level 1:colcon.colcon_core.package_identification:_identify(.) by extensions ['python_setup_py']
[1.291s] Level 1:colcon.colcon_core.package_identification:_identify(.) by extension 'python_setup_py'
[1.292s] Level 1:colcon.colcon_core.package_identification:_identify(build) by extensions ['ignore', 'ignore_ament_install']
[1.292s] Level 1:colcon.colcon_core.package_identification:_identify(build) by extension 'ignore'
[1.292s] Level 1:colcon.colcon_core.package_identification:_identify(build) ignored
[1.293s] Level 1:colcon.colcon_core.package_identification:_identify(install) by extensions ['ignore', 'ignore_ament_install']
[1.293s] Level 1:colcon.colcon_core.package_identification:_identify(install) by extension 'ignore'
[1.293s] Level 1:colcon.colcon_core.package_identification:_identify(install) ignored
[1.295s] Level 1:colcon.colcon_core.package_identification:_identify(log) by extensions ['ignore', 'ignore_ament_install']
[1.296s] Level 1:colcon.colcon_core.package_identification:_identify(log) by extension 'ignore'
[1.296s] Level 1:colcon.colcon_core.package_identification:_identify(log) ignored
[1.296s] Level 1:colcon.colcon_core.package_identification:_identify(src) by extensions ['ignore', 'ignore_ament_install']
[1.297s] Level 1:colcon.colcon_core.package_identification:_identify(src) by extension 'ignore'
[1.297s] Level 1:colcon.colcon_core.package_identification:_identify(src) by extension 'ignore_ament_install'
[1.297s] Level 1:colcon.colcon_core.package_identification:_identify(src) by extensions ['colcon_pkg']
[1.297s] Level 1:colcon.colcon_core.package_identification:_identify(src) by extension 'colcon_pkg'
[1.298s] Level 1:colcon.colcon_core.package_identification:_identify(src) by extensions ['colcon_meta']
[1.298s] Level 1:colcon.colcon_core.package_identification:_identify(src) by extension 'colcon_meta'
[1.298s] Level 1:colcon.colcon_core.package_identification:_identify(src) by extensions ['ros']
[1.298s] Level 1:colcon.colcon_core.package_identification:_identify(src) by extension 'ros'
[1.298s] Level 1:colcon.colcon_core.package_identification:_identify(src) by extensions ['cmake', 'python']
[1.298s] Level 1:colcon.colcon_core.package_identification:_identify(src) by extension 'cmake'
[1.299s] Level 1:colcon.colcon_core.package_identification:_identify(src) by extension 'python'
[1.299s] Level 1:colcon.colcon_core.package_identification:_identify(src) by extensions ['python_setup_py']
[1.299s] Level 1:colcon.colcon_core.package_identification:_identify(src) by extension 'python_setup_py'
[1.299s] Level 1:colcon.colcon_core.package_identification:_identify(src/GUI) by extensions ['ignore', 'ignore_ament_install']
[1.300s] Level 1:colcon.colcon_core.package_identification:_identify(src/GUI) by extension 'ignore'
[1.300s] Level 1:colcon.colcon_core.package_identification:_identify(src/GUI) by extension 'ignore_ament_install'
[1.300s] Level 1:colcon.colcon_core.package_identification:_identify(src/GUI) by extensions ['colcon_pkg']
[1.300s] Level 1:colcon.colcon_core.package_identification:_identify(src/GUI) by extension 'colcon_pkg'
[1.301s] Level 1:colcon.colcon_core.package_identification:_identify(src/GUI) by extensions ['colcon_meta']
[1.301s] Level 1:colcon.colcon_core.package_identification:_identify(src/GUI) by extension 'colcon_meta'
[1.301s] Level 1:colcon.colcon_core.package_identification:_identify(src/GUI) by extensions ['ros']
[1.301s] Level 1:colcon.colcon_core.package_identification:_identify(src/GUI) by extension 'ros'
[1.301s] Level 1:colcon.colcon_core.package_identification:_identify(src/GUI) by extensions ['cmake', 'python']
[1.301s] Level 1:colcon.colcon_core.package_identification:_identify(src/GUI) by extension 'cmake'
[1.302s] Level 1:colcon.colcon_core.package_identification:_identify(src/GUI) by extension 'python'
[1.302s] Level 1:colcon.colcon_core.package_identification:_identify(src/GUI) by extensions ['python_setup_py']
[1.302s] Level 1:colcon.colcon_core.package_identification:_identify(src/GUI) by extension 'python_setup_py'
[1.302s] Level 1:colcon.colcon_core.package_identification:_identify(src/agv_controller) by extensions ['ignore', 'ignore_ament_install']
[1.303s] Level 1:colcon.colcon_core.package_identification:_identify(src/agv_controller) by extension 'ignore'
[1.303s] Level 1:colcon.colcon_core.package_identification:_identify(src/agv_controller) by extension 'ignore_ament_install'
[1.303s] Level 1:colcon.colcon_core.package_identification:_identify(src/agv_controller) by extensions ['colcon_pkg']
[1.303s] Level 1:colcon.colcon_core.package_identification:_identify(src/agv_controller) by extension 'colcon_pkg'
[1.304s] Level 1:colcon.colcon_core.package_identification:_identify(src/agv_controller) by extensions ['colcon_meta']
[1.304s] Level 1:colcon.colcon_core.package_identification:_identify(src/agv_controller) by extension 'colcon_meta'
[1.304s] Level 1:colcon.colcon_core.package_identification:_identify(src/agv_controller) by extensions ['ros']
[1.304s] Level 1:colcon.colcon_core.package_identification:_identify(src/agv_controller) by extension 'ros'
[1.314s] DEBUG:colcon.colcon_core.package_identification:Package 'src/agv_controller' with type 'ros.ament_python' and name 'agv_controller'
[1.315s] Level 1:colcon.colcon_core.package_identification:_identify(src/hls_lfcd_lds_driver) by extensions ['ignore', 'ignore_ament_install']
[1.315s] Level 1:colcon.colcon_core.package_identification:_identify(src/hls_lfcd_lds_driver) by extension 'ignore'
[1.316s] Level 1:colcon.colcon_core.package_identification:_identify(src/hls_lfcd_lds_driver) by extension 'ignore_ament_install'
[1.316s] Level 1:colcon.colcon_core.package_identification:_identify(src/hls_lfcd_lds_driver) by extensions ['colcon_pkg']
[1.316s] Level 1:colcon.colcon_core.package_identification:_identify(src/hls_lfcd_lds_driver) by extension 'colcon_pkg'
[1.316s] Level 1:colcon.colcon_core.package_identification:_identify(src/hls_lfcd_lds_driver) by extensions ['colcon_meta']
[1.316s] Level 1:colcon.colcon_core.package_identification:_identify(src/hls_lfcd_lds_driver) by extension 'colcon_meta'
[1.317s] Level 1:colcon.colcon_core.package_identification:_identify(src/hls_lfcd_lds_driver) by extensions ['ros']
[1.317s] Level 1:colcon.colcon_core.package_identification:_identify(src/hls_lfcd_lds_driver) by extension 'ros'
[1.320s] DEBUG:colcon.colcon_core.package_identification:Package 'src/hls_lfcd_lds_driver' with type 'ros.ament_cmake' and name 'hls_lfcd_lds_driver'
[1.320s] Level 1:colcon.colcon_core.package_discovery:discover_packages(recursive) using defaults
[1.320s] Level 1:colcon.colcon_core.package_discovery:discover_packages(ignore) discover
[1.321s] Level 1:colcon.colcon_core.package_discovery:discover_packages(ignore) using defaults
[1.321s] Level 1:colcon.colcon_core.package_discovery:discover_packages(path) discover
[1.321s] Level 1:colcon.colcon_core.package_discovery:discover_packages(path) using defaults
[1.433s] INFO:colcon.colcon_core.package_selection:Skipping not selected package 'hls_lfcd_lds_driver' in 'src/hls_lfcd_lds_driver'
[1.435s] Level 1:colcon.colcon_core.package_discovery:discover_packages(prefix_path) check parameters
[1.435s] Level 1:colcon.colcon_core.package_discovery:discover_packages(prefix_path) discover
[1.444s] DEBUG:colcon.colcon_installed_package_information.package_discovery:Found 2 installed packages in /home/dinhsieu/turtlebot3_pi_ws/install
[1.453s] DEBUG:colcon.colcon_installed_package_information.package_discovery:Found 260 installed packages in /opt/ros/humble
[1.459s] Level 1:colcon.colcon_core.package_discovery:discover_packages(prefix_path) using defaults
[1.604s] Level 5:colcon.colcon_core.verb:set package 'agv_controller' build argument 'cmake_args' from command line to 'None'
[1.604s] Level 5:colcon.colcon_core.verb:set package 'agv_controller' build argument 'cmake_target' from command line to 'None'
[1.605s] Level 5:colcon.colcon_core.verb:set package 'agv_controller' build argument 'cmake_target_skip_unavailable' from command line to 'False'
[1.605s] Level 5:colcon.colcon_core.verb:set package 'agv_controller' build argument 'cmake_clean_cache' from command line to 'False'
[1.605s] Level 5:colcon.colcon_core.verb:set package 'agv_controller' build argument 'cmake_clean_first' from command line to 'False'
[1.605s] Level 5:colcon.colcon_core.verb:set package 'agv_controller' build argument 'cmake_force_configure' from command line to 'False'
[1.605s] Level 5:colcon.colcon_core.verb:set package 'agv_controller' build argument 'ament_cmake_args' from command line to 'None'
[1.605s] Level 5:colcon.colcon_core.verb:set package 'agv_controller' build argument 'catkin_cmake_args' from command line to 'None'
[1.605s] Level 5:colcon.colcon_core.verb:set package 'agv_controller' build argument 'catkin_skip_building_tests' from command line to 'False'
[1.605s] DEBUG:colcon.colcon_core.verb:Building package 'agv_controller' with the following arguments: {'ament_cmake_args': None, 'build_base': '/home/dinhsieu/turtlebot3_pi_ws/build/agv_controller', 'catkin_cmake_args': None, 'catkin_skip_building_tests': False, 'cmake_args': None, 'cmake_clean_cache': False, 'cmake_clean_first': False, 'cmake_force_configure': False, 'cmake_target': None, 'cmake_target_skip_unavailable': False, 'install_base': '/home/dinhsieu/turtlebot3_pi_ws/install/agv_controller', 'merge_install': False, 'path': '/home/dinhsieu/turtlebot3_pi_ws/src/agv_controller', 'symlink_install': True, 'test_result_base': None}
[1.606s] INFO:colcon.colcon_core.executor:Executing jobs using 'parallel' executor
[1.609s] DEBUG:colcon.colcon_parallel_executor.executor.parallel:run_until_complete
[1.610s] INFO:colcon.colcon_ros.task.ament_python.build:Building ROS package in '/home/dinhsieu/turtlebot3_pi_ws/src/agv_controller' with build type 'ament_python'
[1.611s] Level 1:colcon.colcon_core.shell:create_environment_hook('agv_controller', 'ament_prefix_path')
[1.620s] INFO:colcon.colcon_core.plugin_system:Skipping extension 'colcon_core.shell.bat': Not used on non-Windows systems
[1.621s] INFO:colcon.colcon_core.shell:Creating environment hook '/home/dinhsieu/turtlebot3_pi_ws/install/agv_controller/share/agv_controller/hook/ament_prefix_path.ps1'
[1.624s] INFO:colcon.colcon_core.shell:Creating environment descriptor '/home/dinhsieu/turtlebot3_pi_ws/install/agv_controller/share/agv_controller/hook/ament_prefix_path.dsv'
[1.626s] INFO:colcon.colcon_core.shell:Creating environment hook '/home/dinhsieu/turtlebot3_pi_ws/install/agv_controller/share/agv_controller/hook/ament_prefix_path.sh'
[1.630s] INFO:colcon.colcon_core.shell:Skip shell extension 'powershell' for command environment: Not usable outside of PowerShell
[1.631s] DEBUG:colcon.colcon_core.shell:Skip shell extension 'dsv' for command environment
[2.770s] INFO:colcon.colcon_core.task.python.build:Building Python package in '/home/dinhsieu/turtlebot3_pi_ws/src/agv_controller'
[2.771s] INFO:colcon.colcon_core.shell:Skip shell extension 'powershell' for command environment: Not usable outside of PowerShell
[2.771s] DEBUG:colcon.colcon_core.shell:Skip shell extension 'dsv' for command environment
[4.375s] DEBUG:colcon.colcon_core.event_handler.log_command:Invoking command in '/home/dinhsieu/turtlebot3_pi_ws/build/agv_controller': PYTHONPATH=/home/dinhsieu/turtlebot3_pi_ws/build/agv_controller/prefix_override:/usr/lib/python3/dist-packages/colcon_core/task/python/colcon_distutils_commands:/home/dinhsieu/turtlebot3_pi_ws/install/agv_controller/lib/python3.10/site-packages:${PYTHONPATH} /usr/bin/python3 -W ignore:setup.py install is deprecated -W ignore:easy_install command is deprecated setup.py develop --editable --build-directory /home/dinhsieu/turtlebot3_pi_ws/build/agv_controller/build --no-deps symlink_data
[6.391s] Level 1:colcon.colcon_core.shell:create_environment_hook('agv_controller', 'pythonpath_develop')
[6.392s] INFO:colcon.colcon_core.shell:Creating environment hook '/home/dinhsieu/turtlebot3_pi_ws/build/agv_controller/share/agv_controller/hook/pythonpath_develop.ps1'
[6.394s] DEBUG:colcon.colcon_core.event_handler.log_command:Invoked command in '/home/dinhsieu/turtlebot3_pi_ws/build/agv_controller' returned '0': PYTHONPATH=/home/dinhsieu/turtlebot3_pi_ws/build/agv_controller/prefix_override:/usr/lib/python3/dist-packages/colcon_core/task/python/colcon_distutils_commands:/home/dinhsieu/turtlebot3_pi_ws/install/agv_controller/lib/python3.10/site-packages:${PYTHONPATH} /usr/bin/python3 -W ignore:setup.py install is deprecated -W ignore:easy_install command is deprecated setup.py develop --editable --build-directory /home/dinhsieu/turtlebot3_pi_ws/build/agv_controller/build --no-deps symlink_data
[6.396s] INFO:colcon.colcon_core.shell:Creating environment descriptor '/home/dinhsieu/turtlebot3_pi_ws/build/agv_controller/share/agv_controller/hook/pythonpath_develop.dsv'
[6.397s] INFO:colcon.colcon_core.shell:Creating environment hook '/home/dinhsieu/turtlebot3_pi_ws/build/agv_controller/share/agv_controller/hook/pythonpath_develop.sh'
[6.410s] Level 1:colcon.colcon_core.environment:checking '/home/dinhsieu/turtlebot3_pi_ws/install/agv_controller' for CMake module files
[6.413s] Level 1:colcon.colcon_core.environment:checking '/home/dinhsieu/turtlebot3_pi_ws/install/agv_controller' for CMake config files
[6.418s] Level 1:colcon.colcon_core.environment:checking '/home/dinhsieu/turtlebot3_pi_ws/install/agv_controller/lib'
[6.419s] Level 1:colcon.colcon_core.environment:checking '/home/dinhsieu/turtlebot3_pi_ws/install/agv_controller/bin'
[6.420s] Level 1:colcon.colcon_core.environment:checking '/home/dinhsieu/turtlebot3_pi_ws/install/agv_controller/lib/pkgconfig/agv_controller.pc'
[6.421s] Level 1:colcon.colcon_core.environment:checking '/home/dinhsieu/turtlebot3_pi_ws/install/agv_controller/lib/python3.10/site-packages'
[6.421s] Level 1:colcon.colcon_core.shell:create_environment_hook('agv_controller', 'pythonpath')
[6.422s] INFO:colcon.colcon_core.shell:Creating environment hook '/home/dinhsieu/turtlebot3_pi_ws/install/agv_controller/share/agv_controller/hook/pythonpath.ps1'
[6.425s] INFO:colcon.colcon_core.shell:Creating environment descriptor '/home/dinhsieu/turtlebot3_pi_ws/install/agv_controller/share/agv_controller/hook/pythonpath.dsv'
[6.427s] INFO:colcon.colcon_core.shell:Creating environment hook '/home/dinhsieu/turtlebot3_pi_ws/install/agv_controller/share/agv_controller/hook/pythonpath.sh'
[6.430s] Level 1:colcon.colcon_core.environment:checking '/home/dinhsieu/turtlebot3_pi_ws/install/agv_controller/bin'
[6.431s] Level 1:colcon.colcon_core.environment:create_environment_scripts_only(agv_controller)
[6.432s] INFO:colcon.colcon_core.shell:Creating package script '/home/dinhsieu/turtlebot3_pi_ws/install/agv_controller/share/agv_controller/package.ps1'
[6.436s] INFO:colcon.colcon_core.shell:Creating package descriptor '/home/dinhsieu/turtlebot3_pi_ws/install/agv_controller/share/agv_controller/package.dsv'
[6.439s] INFO:colcon.colcon_core.shell:Creating package script '/home/dinhsieu/turtlebot3_pi_ws/install/agv_controller/share/agv_controller/package.sh'
[6.443s] INFO:colcon.colcon_core.shell:Creating package script '/home/dinhsieu/turtlebot3_pi_ws/install/agv_controller/share/agv_controller/package.bash'
[6.446s] INFO:colcon.colcon_core.shell:Creating package script '/home/dinhsieu/turtlebot3_pi_ws/install/agv_controller/share/agv_controller/package.zsh'
[6.450s] Level 1:colcon.colcon_core.environment:create_file_with_runtime_dependencies(/home/dinhsieu/turtlebot3_pi_ws/install/agv_controller/share/colcon-core/packages/agv_controller)
[6.452s] DEBUG:colcon.colcon_parallel_executor.executor.parallel:closing loop
[6.453s] DEBUG:colcon.colcon_parallel_executor.executor.parallel:loop closed
[6.453s] DEBUG:colcon.colcon_parallel_executor.executor.parallel:run_until_complete finished with '0'
[6.453s] DEBUG:colcon.colcon_core.event_reactor:joining thread
[6.474s] INFO:colcon.colcon_core.plugin_system:Skipping extension 'colcon_notification.desktop_notification.notify_send': Could not find 'notify-send'
[6.474s] INFO:colcon.colcon_core.plugin_system:Skipping extension 'colcon_notification.desktop_notification.terminal_notifier': Not used on non-Darwin systems
[6.475s] INFO:colcon.colcon_core.plugin_system:Skipping extension 'colcon_notification.desktop_notification.win32': Not used on non-Windows systems
[6.475s] INFO:colcon.colcon_notification.desktop_notification:Sending desktop notification using 'notify2'
[6.478s] DEBUG:colcon.colcon_notification.desktop_notification.notify2:Failed to initialize notify2: org.freedesktop.DBus.Error.ServiceUnknown: The name org.freedesktop.Notifications was not provided by any .service files
[6.478s] DEBUG:colcon.colcon_core.event_reactor:joined thread
[6.479s] INFO:colcon.colcon_core.shell:Creating prefix script '/home/dinhsieu/turtlebot3_pi_ws/install/local_setup.ps1'
[6.483s] INFO:colcon.colcon_core.shell:Creating prefix util module '/home/dinhsieu/turtlebot3_pi_ws/install/_local_setup_util_ps1.py'
[6.490s] INFO:colcon.colcon_core.shell:Creating prefix chain script '/home/dinhsieu/turtlebot3_pi_ws/install/setup.ps1'
[6.496s] INFO:colcon.colcon_core.shell:Creating prefix script '/home/dinhsieu/turtlebot3_pi_ws/install/local_setup.sh'
[6.499s] INFO:colcon.colcon_core.shell:Creating prefix util module '/home/dinhsieu/turtlebot3_pi_ws/install/_local_setup_util_sh.py'
[6.502s] INFO:colcon.colcon_core.shell:Creating prefix chain script '/home/dinhsieu/turtlebot3_pi_ws/install/setup.sh'
[6.507s] INFO:colcon.colcon_core.shell:Creating prefix script '/home/dinhsieu/turtlebot3_pi_ws/install/local_setup.bash'
[6.509s] INFO:colcon.colcon_core.shell:Creating prefix chain script '/home/dinhsieu/turtlebot3_pi_ws/install/setup.bash'
[6.514s] INFO:colcon.colcon_core.shell:Creating prefix script '/home/dinhsieu/turtlebot3_pi_ws/install/local_setup.zsh'
[6.517s] INFO:colcon.colcon_core.shell:Creating prefix chain script '/home/dinhsieu/turtlebot3_pi_ws/install/setup.zsh'
