[3.422s] Invoking command in '/home/dinhsieu/turtlebot3_pi_ws/build/agv_controller': PYTHONPATH=/home/dinhsieu/turtlebot3_pi_ws/build/agv_controller/prefix_override:/usr/lib/python3/dist-packages/colcon_core/task/python/colcon_distutils_commands:/home/dinhsieu/turtlebot3_pi_ws/install/agv_controller/lib/python3.10/site-packages:${PYTHONPATH} /usr/bin/python3 -W ignore:setup.py install is deprecated -W ignore:easy_install command is deprecated setup.py develop --editable --build-directory /home/dinhsieu/turtlebot3_pi_ws/build/agv_controller/build --no-deps symlink_data --force
[4.557s] running develop
[5.294s] running egg_info
[5.294s] writing agv_controller.egg-info/PKG-INFO
[5.295s] writing dependency_links to agv_controller.egg-info/dependency_links.txt
[5.296s] writing entry points to agv_controller.egg-info/entry_points.txt
[5.297s] writing requirements to agv_controller.egg-info/requires.txt
[5.298s] writing top-level names to agv_controller.egg-info/top_level.txt
[5.305s] reading manifest file 'agv_controller.egg-info/SOURCES.txt'
[5.312s] writing manifest file 'agv_controller.egg-info/SOURCES.txt'
[5.320s] running build_ext
[5.321s] Creating /home/dinhsieu/turtlebot3_pi_ws/install/agv_controller/lib/python3.10/site-packages/agv-controller.egg-link (link to .)
[5.324s] Installing diff_drive_controller script to /home/dinhsieu/turtlebot3_pi_ws/install/agv_controller/lib/agv_controller
[5.326s] 
[5.326s] Installed /home/dinhsieu/turtlebot3_pi_ws/build/agv_controller
[5.327s] running symlink_data
[5.327s] symbolically linking /home/dinhsieu/turtlebot3_pi_ws/build/agv_controller/resource/agv_controller -> /home/dinhsieu/turtlebot3_pi_ws/install/agv_controller/share/ament_index/resource_index/packages
[5.328s] symbolically linking /home/dinhsieu/turtlebot3_pi_ws/build/agv_controller/package.xml -> /home/dinhsieu/turtlebot3_pi_ws/install/agv_controller/share/agv_controller
[5.328s] symbolically linking /home/dinhsieu/turtlebot3_pi_ws/build/agv_controller/launch/handheld_slam.launch.py -> /home/dinhsieu/turtlebot3_pi_ws/install/agv_controller/share/agv_controller/launch
[5.329s] symbolically linking /home/dinhsieu/turtlebot3_pi_ws/build/agv_controller/launch/nav2_custom.launch.py -> /home/dinhsieu/turtlebot3_pi_ws/install/agv_controller/share/agv_controller/launch
[5.330s] symbolically linking /home/dinhsieu/turtlebot3_pi_ws/build/agv_controller/config/slam_handheld.yaml -> /home/dinhsieu/turtlebot3_pi_ws/install/agv_controller/share/agv_controller/config
[5.331s] symbolically linking /home/dinhsieu/turtlebot3_pi_ws/build/agv_controller/config/my_nav2_params.yaml -> /home/dinhsieu/turtlebot3_pi_ws/install/agv_controller/share/agv_controller/config
[5.482s] Invoked command in '/home/dinhsieu/turtlebot3_pi_ws/build/agv_controller' returned '0': PYTHONPATH=/home/dinhsieu/turtlebot3_pi_ws/build/agv_controller/prefix_override:/usr/lib/python3/dist-packages/colcon_core/task/python/colcon_distutils_commands:/home/dinhsieu/turtlebot3_pi_ws/install/agv_controller/lib/python3.10/site-packages:${PYTHONPATH} /usr/bin/python3 -W ignore:setup.py install is deprecated -W ignore:easy_install command is deprecated setup.py develop --editable --build-directory /home/dinhsieu/turtlebot3_pi_ws/build/agv_controller/build --no-deps symlink_data --force
