[0.429s] DEBUG:colcon:Command line arguments: ['/usr/bin/colcon', 'build', '--packages-select', 'agv_controller', '--symlink-install']
[0.430s] DEBUG:colcon:Parsed command line arguments: Namespace(log_base=None, log_level=None, verb_name='build', build_base='build', install_base='install', merge_install=False, symlink_install=True, test_result_base=None, continue_on_error=False, executor='parallel', parallel_workers=4, event_handlers=None, ignore_user_meta=False, metas=['./colcon.meta'], base_paths=['.'], packages_ignore=None, packages_ignore_regex=None, paths=None, packages_up_to=None, packages_up_to_regex=None, packages_above=None, packages_above_and_dependencies=None, packages_above_depth=None, packages_select_by_dep=None, packages_skip_by_dep=None, packages_skip_up_to=None, packages_select_build_failed=False, packages_skip_build_finished=False, packages_select_test_failures=False, packages_skip_test_passed=False, packages_select=['agv_controller'], packages_skip=None, packages_select_regex=None, packages_skip_regex=None, packages_start=None, packages_end=None, allow_overriding=[], cmake_args=None, cmake_target=None, cmake_target_skip_unavailable=False, cmake_clean_cache=False, cmake_clean_first=False, cmake_force_configure=False, ament_cmake_args=None, catkin_cmake_args=None, catkin_skip_building_tests=False, verb_parser=<colcon_defaults.argument_parser.defaults.DefaultArgumentsDecorator object at 0xffff86c533a0>, verb_extension=<colcon_core.verb.build.BuildVerb object at 0xffff86d988b0>, main=<bound method BuildVerb.main of <colcon_core.verb.build.BuildVerb object at 0xffff86d988b0>>)
[1.159s] Level 1:colcon.colcon_core.package_discovery:discover_packages(colcon_meta) check parameters
[1.160s] Level 1:colcon.colcon_core.package_discovery:discover_packages(recursive) check parameters
[1.160s] Level 1:colcon.colcon_core.package_discovery:discover_packages(ignore) check parameters
[1.160s] Level 1:colcon.colcon_core.package_discovery:discover_packages(path) check parameters
[1.160s] Level 1:colcon.colcon_core.package_discovery:discover_packages(colcon_meta) discover
[1.161s] Level 1:colcon.colcon_core.package_discovery:discover_packages(recursive) discover
[1.161s] INFO:colcon.colcon_core.package_discovery:Crawling recursively for packages in '/home/dinhsieu/turtlebot3_pi_ws'
[1.162s] Level 1:colcon.colcon_core.package_identification:_identify(.) by extensions ['ignore', 'ignore_ament_install']
[1.162s] Level 1:colcon.colcon_core.package_identification:_identify(.) by extension 'ignore'
[1.162s] Level 1:colcon.colcon_core.package_identification:_identify(.) by extension 'ignore_ament_install'
[1.162s] Level 1:colcon.colcon_core.package_identification:_identify(.) by extensions ['colcon_pkg']
[1.163s] Level 1:colcon.colcon_core.package_identification:_identify(.) by extension 'colcon_pkg'
[1.163s] Level 1:colcon.colcon_core.package_identification:_identify(.) by extensions ['colcon_meta']
[1.163s] Level 1:colcon.colcon_core.package_identification:_identify(.) by extension 'colcon_meta'
[1.163s] Level 1:colcon.colcon_core.package_identification:_identify(.) by extensions ['ros']
[1.163s] Level 1:colcon.colcon_core.package_identification:_identify(.) by extension 'ros'
[1.281s] Level 1:colcon.colcon_core.package_identification:_identify(.) by extensions ['cmake', 'python']
[1.281s] Level 1:colcon.colcon_core.package_identification:_identify(.) by extension 'cmake'
[1.281s] Level 1:colcon.colcon_core.package_identification:_identify(.) by extension 'python'
[1.281s] Level 1:colcon.colcon_core.package_identification:_identify(.) by extensions ['python_setup_py']
[1.282s] Level 1:colcon.colcon_core.package_identification:_identify(.) by extension 'python_setup_py'
[1.282s] Level 1:colcon.colcon_core.package_identification:_identify(build) by extensions ['ignore', 'ignore_ament_install']
[1.283s] Level 1:colcon.colcon_core.package_identification:_identify(build) by extension 'ignore'
[1.283s] Level 1:colcon.colcon_core.package_identification:_identify(build) ignored
[1.283s] Level 1:colcon.colcon_core.package_identification:_identify(install) by extensions ['ignore', 'ignore_ament_install']
[1.284s] Level 1:colcon.colcon_core.package_identification:_identify(install) by extension 'ignore'
[1.284s] Level 1:colcon.colcon_core.package_identification:_identify(install) ignored
[1.286s] Level 1:colcon.colcon_core.package_identification:_identify(log) by extensions ['ignore', 'ignore_ament_install']
[1.286s] Level 1:colcon.colcon_core.package_identification:_identify(log) by extension 'ignore'
[1.286s] Level 1:colcon.colcon_core.package_identification:_identify(log) ignored
[1.287s] Level 1:colcon.colcon_core.package_identification:_identify(src) by extensions ['ignore', 'ignore_ament_install']
[1.287s] Level 1:colcon.colcon_core.package_identification:_identify(src) by extension 'ignore'
[1.287s] Level 1:colcon.colcon_core.package_identification:_identify(src) by extension 'ignore_ament_install'
[1.287s] Level 1:colcon.colcon_core.package_identification:_identify(src) by extensions ['colcon_pkg']
[1.288s] Level 1:colcon.colcon_core.package_identification:_identify(src) by extension 'colcon_pkg'
[1.288s] Level 1:colcon.colcon_core.package_identification:_identify(src) by extensions ['colcon_meta']
[1.288s] Level 1:colcon.colcon_core.package_identification:_identify(src) by extension 'colcon_meta'
[1.288s] Level 1:colcon.colcon_core.package_identification:_identify(src) by extensions ['ros']
[1.288s] Level 1:colcon.colcon_core.package_identification:_identify(src) by extension 'ros'
[1.289s] Level 1:colcon.colcon_core.package_identification:_identify(src) by extensions ['cmake', 'python']
[1.289s] Level 1:colcon.colcon_core.package_identification:_identify(src) by extension 'cmake'
[1.289s] Level 1:colcon.colcon_core.package_identification:_identify(src) by extension 'python'
[1.289s] Level 1:colcon.colcon_core.package_identification:_identify(src) by extensions ['python_setup_py']
[1.289s] Level 1:colcon.colcon_core.package_identification:_identify(src) by extension 'python_setup_py'
[1.290s] Level 1:colcon.colcon_core.package_identification:_identify(src/GUI) by extensions ['ignore', 'ignore_ament_install']
[1.290s] Level 1:colcon.colcon_core.package_identification:_identify(src/GUI) by extension 'ignore'
[1.290s] Level 1:colcon.colcon_core.package_identification:_identify(src/GUI) by extension 'ignore_ament_install'
[1.291s] Level 1:colcon.colcon_core.package_identification:_identify(src/GUI) by extensions ['colcon_pkg']
[1.291s] Level 1:colcon.colcon_core.package_identification:_identify(src/GUI) by extension 'colcon_pkg'
[1.291s] Level 1:colcon.colcon_core.package_identification:_identify(src/GUI) by extensions ['colcon_meta']
[1.291s] Level 1:colcon.colcon_core.package_identification:_identify(src/GUI) by extension 'colcon_meta'
[1.291s] Level 1:colcon.colcon_core.package_identification:_identify(src/GUI) by extensions ['ros']
[1.291s] Level 1:colcon.colcon_core.package_identification:_identify(src/GUI) by extension 'ros'
[1.292s] Level 1:colcon.colcon_core.package_identification:_identify(src/GUI) by extensions ['cmake', 'python']
[1.292s] Level 1:colcon.colcon_core.package_identification:_identify(src/GUI) by extension 'cmake'
[1.292s] Level 1:colcon.colcon_core.package_identification:_identify(src/GUI) by extension 'python'
[1.292s] Level 1:colcon.colcon_core.package_identification:_identify(src/GUI) by extensions ['python_setup_py']
[1.292s] Level 1:colcon.colcon_core.package_identification:_identify(src/GUI) by extension 'python_setup_py'
[1.293s] Level 1:colcon.colcon_core.package_identification:_identify(src/agv_controller) by extensions ['ignore', 'ignore_ament_install']
[1.293s] Level 1:colcon.colcon_core.package_identification:_identify(src/agv_controller) by extension 'ignore'
[1.294s] Level 1:colcon.colcon_core.package_identification:_identify(src/agv_controller) by extension 'ignore_ament_install'
[1.294s] Level 1:colcon.colcon_core.package_identification:_identify(src/agv_controller) by extensions ['colcon_pkg']
[1.294s] Level 1:colcon.colcon_core.package_identification:_identify(src/agv_controller) by extension 'colcon_pkg'
[1.294s] Level 1:colcon.colcon_core.package_identification:_identify(src/agv_controller) by extensions ['colcon_meta']
[1.294s] Level 1:colcon.colcon_core.package_identification:_identify(src/agv_controller) by extension 'colcon_meta'
[1.295s] Level 1:colcon.colcon_core.package_identification:_identify(src/agv_controller) by extensions ['ros']
[1.295s] Level 1:colcon.colcon_core.package_identification:_identify(src/agv_controller) by extension 'ros'
[1.305s] DEBUG:colcon.colcon_core.package_identification:Package 'src/agv_controller' with type 'ros.ament_python' and name 'agv_controller'
[1.306s] Level 1:colcon.colcon_core.package_identification:_identify(src/hls_lfcd_lds_driver) by extensions ['ignore', 'ignore_ament_install']
[1.306s] Level 1:colcon.colcon_core.package_identification:_identify(src/hls_lfcd_lds_driver) by extension 'ignore'
[1.306s] Level 1:colcon.colcon_core.package_identification:_identify(src/hls_lfcd_lds_driver) by extension 'ignore_ament_install'
[1.307s] Level 1:colcon.colcon_core.package_identification:_identify(src/hls_lfcd_lds_driver) by extensions ['colcon_pkg']
[1.307s] Level 1:colcon.colcon_core.package_identification:_identify(src/hls_lfcd_lds_driver) by extension 'colcon_pkg'
[1.307s] Level 1:colcon.colcon_core.package_identification:_identify(src/hls_lfcd_lds_driver) by extensions ['colcon_meta']
[1.307s] Level 1:colcon.colcon_core.package_identification:_identify(src/hls_lfcd_lds_driver) by extension 'colcon_meta'
[1.307s] Level 1:colcon.colcon_core.package_identification:_identify(src/hls_lfcd_lds_driver) by extensions ['ros']
[1.307s] Level 1:colcon.colcon_core.package_identification:_identify(src/hls_lfcd_lds_driver) by extension 'ros'
[1.311s] DEBUG:colcon.colcon_core.package_identification:Package 'src/hls_lfcd_lds_driver' with type 'ros.ament_cmake' and name 'hls_lfcd_lds_driver'
[1.311s] Level 1:colcon.colcon_core.package_discovery:discover_packages(recursive) using defaults
[1.311s] Level 1:colcon.colcon_core.package_discovery:discover_packages(ignore) discover
[1.311s] Level 1:colcon.colcon_core.package_discovery:discover_packages(ignore) using defaults
[1.311s] Level 1:colcon.colcon_core.package_discovery:discover_packages(path) discover
[1.312s] Level 1:colcon.colcon_core.package_discovery:discover_packages(path) using defaults
[1.424s] INFO:colcon.colcon_core.package_selection:Skipping not selected package 'hls_lfcd_lds_driver' in 'src/hls_lfcd_lds_driver'
[1.425s] Level 1:colcon.colcon_core.package_discovery:discover_packages(prefix_path) check parameters
[1.426s] Level 1:colcon.colcon_core.package_discovery:discover_packages(prefix_path) discover
[1.438s] DEBUG:colcon.colcon_installed_package_information.package_discovery:Found 2 installed packages in /home/dinhsieu/turtlebot3_pi_ws/install
[1.448s] DEBUG:colcon.colcon_installed_package_information.package_discovery:Found 260 installed packages in /opt/ros/humble
[1.454s] Level 1:colcon.colcon_core.package_discovery:discover_packages(prefix_path) using defaults
[1.608s] Level 5:colcon.colcon_core.verb:set package 'agv_controller' build argument 'cmake_args' from command line to 'None'
[1.609s] Level 5:colcon.colcon_core.verb:set package 'agv_controller' build argument 'cmake_target' from command line to 'None'
[1.609s] Level 5:colcon.colcon_core.verb:set package 'agv_controller' build argument 'cmake_target_skip_unavailable' from command line to 'False'
[1.609s] Level 5:colcon.colcon_core.verb:set package 'agv_controller' build argument 'cmake_clean_cache' from command line to 'False'
[1.609s] Level 5:colcon.colcon_core.verb:set package 'agv_controller' build argument 'cmake_clean_first' from command line to 'False'
[1.609s] Level 5:colcon.colcon_core.verb:set package 'agv_controller' build argument 'cmake_force_configure' from command line to 'False'
[1.609s] Level 5:colcon.colcon_core.verb:set package 'agv_controller' build argument 'ament_cmake_args' from command line to 'None'
[1.609s] Level 5:colcon.colcon_core.verb:set package 'agv_controller' build argument 'catkin_cmake_args' from command line to 'None'
[1.609s] Level 5:colcon.colcon_core.verb:set package 'agv_controller' build argument 'catkin_skip_building_tests' from command line to 'False'
[1.610s] DEBUG:colcon.colcon_core.verb:Building package 'agv_controller' with the following arguments: {'ament_cmake_args': None, 'build_base': '/home/dinhsieu/turtlebot3_pi_ws/build/agv_controller', 'catkin_cmake_args': None, 'catkin_skip_building_tests': False, 'cmake_args': None, 'cmake_clean_cache': False, 'cmake_clean_first': False, 'cmake_force_configure': False, 'cmake_target': None, 'cmake_target_skip_unavailable': False, 'install_base': '/home/dinhsieu/turtlebot3_pi_ws/install/agv_controller', 'merge_install': False, 'path': '/home/dinhsieu/turtlebot3_pi_ws/src/agv_controller', 'symlink_install': True, 'test_result_base': None}
[1.610s] INFO:colcon.colcon_core.executor:Executing jobs using 'parallel' executor
[1.613s] DEBUG:colcon.colcon_parallel_executor.executor.parallel:run_until_complete
[1.614s] INFO:colcon.colcon_ros.task.ament_python.build:Building ROS package in '/home/dinhsieu/turtlebot3_pi_ws/src/agv_controller' with build type 'ament_python'
[1.615s] Level 1:colcon.colcon_core.shell:create_environment_hook('agv_controller', 'ament_prefix_path')
[1.624s] INFO:colcon.colcon_core.plugin_system:Skipping extension 'colcon_core.shell.bat': Not used on non-Windows systems
[1.625s] INFO:colcon.colcon_core.shell:Creating environment hook '/home/dinhsieu/turtlebot3_pi_ws/install/agv_controller/share/agv_controller/hook/ament_prefix_path.ps1'
[1.628s] INFO:colcon.colcon_core.shell:Creating environment descriptor '/home/dinhsieu/turtlebot3_pi_ws/install/agv_controller/share/agv_controller/hook/ament_prefix_path.dsv'
[1.630s] INFO:colcon.colcon_core.shell:Creating environment hook '/home/dinhsieu/turtlebot3_pi_ws/install/agv_controller/share/agv_controller/hook/ament_prefix_path.sh'
[1.634s] INFO:colcon.colcon_core.shell:Skip shell extension 'powershell' for command environment: Not usable outside of PowerShell
[1.635s] DEBUG:colcon.colcon_core.shell:Skip shell extension 'dsv' for command environment
[2.783s] INFO:colcon.colcon_core.task.python.build:Building Python package in '/home/dinhsieu/turtlebot3_pi_ws/src/agv_controller'
[2.784s] INFO:colcon.colcon_core.shell:Skip shell extension 'powershell' for command environment: Not usable outside of PowerShell
[2.784s] DEBUG:colcon.colcon_core.shell:Skip shell extension 'dsv' for command environment
[4.366s] DEBUG:colcon.colcon_core.event_handler.log_command:Invoking command in '/home/dinhsieu/turtlebot3_pi_ws/build/agv_controller': PYTHONPATH=/home/dinhsieu/turtlebot3_pi_ws/build/agv_controller/prefix_override:/usr/lib/python3/dist-packages/colcon_core/task/python/colcon_distutils_commands:/home/dinhsieu/turtlebot3_pi_ws/install/agv_controller/lib/python3.10/site-packages:${PYTHONPATH} /usr/bin/python3 -W ignore:setup.py install is deprecated -W ignore:easy_install command is deprecated setup.py develop --editable --build-directory /home/dinhsieu/turtlebot3_pi_ws/build/agv_controller/build --no-deps symlink_data
[6.359s] Level 1:colcon.colcon_core.shell:create_environment_hook('agv_controller', 'pythonpath_develop')
[6.360s] INFO:colcon.colcon_core.shell:Creating environment hook '/home/dinhsieu/turtlebot3_pi_ws/build/agv_controller/share/agv_controller/hook/pythonpath_develop.ps1'
[6.361s] DEBUG:colcon.colcon_core.event_handler.log_command:Invoked command in '/home/dinhsieu/turtlebot3_pi_ws/build/agv_controller' returned '0': PYTHONPATH=/home/dinhsieu/turtlebot3_pi_ws/build/agv_controller/prefix_override:/usr/lib/python3/dist-packages/colcon_core/task/python/colcon_distutils_commands:/home/dinhsieu/turtlebot3_pi_ws/install/agv_controller/lib/python3.10/site-packages:${PYTHONPATH} /usr/bin/python3 -W ignore:setup.py install is deprecated -W ignore:easy_install command is deprecated setup.py develop --editable --build-directory /home/dinhsieu/turtlebot3_pi_ws/build/agv_controller/build --no-deps symlink_data
[6.363s] INFO:colcon.colcon_core.shell:Creating environment descriptor '/home/dinhsieu/turtlebot3_pi_ws/build/agv_controller/share/agv_controller/hook/pythonpath_develop.dsv'
[6.365s] INFO:colcon.colcon_core.shell:Creating environment hook '/home/dinhsieu/turtlebot3_pi_ws/build/agv_controller/share/agv_controller/hook/pythonpath_develop.sh'
[6.380s] Level 1:colcon.colcon_core.environment:checking '/home/dinhsieu/turtlebot3_pi_ws/install/agv_controller' for CMake module files
[6.383s] Level 1:colcon.colcon_core.environment:checking '/home/dinhsieu/turtlebot3_pi_ws/install/agv_controller' for CMake config files
[6.387s] Level 1:colcon.colcon_core.environment:checking '/home/dinhsieu/turtlebot3_pi_ws/install/agv_controller/lib'
[6.388s] Level 1:colcon.colcon_core.environment:checking '/home/dinhsieu/turtlebot3_pi_ws/install/agv_controller/bin'
[6.388s] Level 1:colcon.colcon_core.environment:checking '/home/dinhsieu/turtlebot3_pi_ws/install/agv_controller/lib/pkgconfig/agv_controller.pc'
[6.389s] Level 1:colcon.colcon_core.environment:checking '/home/dinhsieu/turtlebot3_pi_ws/install/agv_controller/lib/python3.10/site-packages'
[6.389s] Level 1:colcon.colcon_core.shell:create_environment_hook('agv_controller', 'pythonpath')
[6.390s] INFO:colcon.colcon_core.shell:Creating environment hook '/home/dinhsieu/turtlebot3_pi_ws/install/agv_controller/share/agv_controller/hook/pythonpath.ps1'
[6.392s] INFO:colcon.colcon_core.shell:Creating environment descriptor '/home/dinhsieu/turtlebot3_pi_ws/install/agv_controller/share/agv_controller/hook/pythonpath.dsv'
[6.394s] INFO:colcon.colcon_core.shell:Creating environment hook '/home/dinhsieu/turtlebot3_pi_ws/install/agv_controller/share/agv_controller/hook/pythonpath.sh'
[6.397s] Level 1:colcon.colcon_core.environment:checking '/home/dinhsieu/turtlebot3_pi_ws/install/agv_controller/bin'
[6.398s] Level 1:colcon.colcon_core.environment:create_environment_scripts_only(agv_controller)
[6.399s] INFO:colcon.colcon_core.shell:Creating package script '/home/dinhsieu/turtlebot3_pi_ws/install/agv_controller/share/agv_controller/package.ps1'
[6.403s] INFO:colcon.colcon_core.shell:Creating package descriptor '/home/dinhsieu/turtlebot3_pi_ws/install/agv_controller/share/agv_controller/package.dsv'
[6.406s] INFO:colcon.colcon_core.shell:Creating package script '/home/dinhsieu/turtlebot3_pi_ws/install/agv_controller/share/agv_controller/package.sh'
[6.409s] INFO:colcon.colcon_core.shell:Creating package script '/home/dinhsieu/turtlebot3_pi_ws/install/agv_controller/share/agv_controller/package.bash'
[6.412s] INFO:colcon.colcon_core.shell:Creating package script '/home/dinhsieu/turtlebot3_pi_ws/install/agv_controller/share/agv_controller/package.zsh'
[6.416s] Level 1:colcon.colcon_core.environment:create_file_with_runtime_dependencies(/home/dinhsieu/turtlebot3_pi_ws/install/agv_controller/share/colcon-core/packages/agv_controller)
[6.417s] DEBUG:colcon.colcon_parallel_executor.executor.parallel:closing loop
[6.418s] DEBUG:colcon.colcon_parallel_executor.executor.parallel:loop closed
[6.419s] DEBUG:colcon.colcon_parallel_executor.executor.parallel:run_until_complete finished with '0'
[6.419s] DEBUG:colcon.colcon_core.event_reactor:joining thread
[6.446s] INFO:colcon.colcon_core.plugin_system:Skipping extension 'colcon_notification.desktop_notification.notify_send': Could not find 'notify-send'
[6.447s] INFO:colcon.colcon_core.plugin_system:Skipping extension 'colcon_notification.desktop_notification.terminal_notifier': Not used on non-Darwin systems
[6.447s] INFO:colcon.colcon_core.plugin_system:Skipping extension 'colcon_notification.desktop_notification.win32': Not used on non-Windows systems
[6.448s] INFO:colcon.colcon_notification.desktop_notification:Sending desktop notification using 'notify2'
[6.451s] DEBUG:colcon.colcon_notification.desktop_notification.notify2:Failed to initialize notify2: org.freedesktop.DBus.Error.ServiceUnknown: The name org.freedesktop.Notifications was not provided by any .service files
[6.451s] DEBUG:colcon.colcon_core.event_reactor:joined thread
[6.453s] INFO:colcon.colcon_core.shell:Creating prefix script '/home/dinhsieu/turtlebot3_pi_ws/install/local_setup.ps1'
[6.456s] INFO:colcon.colcon_core.shell:Creating prefix util module '/home/dinhsieu/turtlebot3_pi_ws/install/_local_setup_util_ps1.py'
[6.463s] INFO:colcon.colcon_core.shell:Creating prefix chain script '/home/dinhsieu/turtlebot3_pi_ws/install/setup.ps1'
[6.469s] INFO:colcon.colcon_core.shell:Creating prefix script '/home/dinhsieu/turtlebot3_pi_ws/install/local_setup.sh'
[6.472s] INFO:colcon.colcon_core.shell:Creating prefix util module '/home/dinhsieu/turtlebot3_pi_ws/install/_local_setup_util_sh.py'
[6.475s] INFO:colcon.colcon_core.shell:Creating prefix chain script '/home/dinhsieu/turtlebot3_pi_ws/install/setup.sh'
[6.481s] INFO:colcon.colcon_core.shell:Creating prefix script '/home/dinhsieu/turtlebot3_pi_ws/install/local_setup.bash'
[6.485s] INFO:colcon.colcon_core.shell:Creating prefix chain script '/home/dinhsieu/turtlebot3_pi_ws/install/setup.bash'
[6.491s] INFO:colcon.colcon_core.shell:Creating prefix script '/home/dinhsieu/turtlebot3_pi_ws/install/local_setup.zsh'
[6.494s] INFO:colcon.colcon_core.shell:Creating prefix chain script '/home/dinhsieu/turtlebot3_pi_ws/install/setup.zsh'
