[3.481s] Invoking command in '/home/dinhsieu/turtlebot3_pi_ws/src/agv_controller': PYTHONPATH=/home/dinhsieu/turtlebot3_pi_ws/build/agv_controller/prefix_override:/usr/lib/python3/dist-packages/colcon_core/task/python/colcon_distutils_commands:/home/dinhsieu/turtlebot3_pi_ws/install/agv_controller/lib/python3.10/site-packages:${PYTHONPATH} /usr/bin/python3 -W ignore:setup.py install is deprecated -W ignore:easy_install command is deprecated setup.py egg_info --egg-base ../../build/agv_controller build --build-base /home/dinhsieu/turtlebot3_pi_ws/build/agv_controller/build install --record /home/dinhsieu/turtlebot3_pi_ws/build/agv_controller/install.log --single-version-externally-managed install_data
[4.572s] running egg_info
[4.575s] writing ../../build/agv_controller/agv_controller.egg-info/PKG-INFO
[4.576s] writing dependency_links to ../../build/agv_controller/agv_controller.egg-info/dependency_links.txt
[4.578s] writing entry points to ../../build/agv_controller/agv_controller.egg-info/entry_points.txt
[4.578s] writing requirements to ../../build/agv_controller/agv_controller.egg-info/requires.txt
[4.579s] writing top-level names to ../../build/agv_controller/agv_controller.egg-info/top_level.txt
[4.588s] reading manifest file '../../build/agv_controller/agv_controller.egg-info/SOURCES.txt'
[4.594s] writing manifest file '../../build/agv_controller/agv_controller.egg-info/SOURCES.txt'
[4.595s] running build
[4.595s] running build_py
[4.596s] copying agv_controller/diff_drive_controller.py -> /home/dinhsieu/turtlebot3_pi_ws/build/agv_controller/build/lib/agv_controller
[4.599s] running install
[4.601s] running install_lib
[4.605s] copying /home/dinhsieu/turtlebot3_pi_ws/build/agv_controller/build/lib/agv_controller/diff_drive_controller.py -> /home/dinhsieu/turtlebot3_pi_ws/install/agv_controller/lib/python3.10/site-packages/agv_controller
[4.609s] byte-compiling /home/dinhsieu/turtlebot3_pi_ws/install/agv_controller/lib/python3.10/site-packages/agv_controller/diff_drive_controller.py to diff_drive_controller.cpython-310.pyc
[4.618s] running install_data
[4.619s] running install_egg_info
[4.627s] removing '/home/dinhsieu/turtlebot3_pi_ws/install/agv_controller/lib/python3.10/site-packages/agv_controller-0.0.1-py3.10.egg-info' (and everything under it)
[4.628s] Copying ../../build/agv_controller/agv_controller.egg-info to /home/dinhsieu/turtlebot3_pi_ws/install/agv_controller/lib/python3.10/site-packages/agv_controller-0.0.1-py3.10.egg-info
[4.639s] running install_scripts
[4.720s] Installing diff_drive_controller script to /home/dinhsieu/turtlebot3_pi_ws/install/agv_controller/lib/agv_controller
[4.722s] writing list of installed files to '/home/dinhsieu/turtlebot3_pi_ws/build/agv_controller/install.log'
[4.843s] Invoked command in '/home/dinhsieu/turtlebot3_pi_ws/src/agv_controller' returned '0': PYTHONPATH=/home/dinhsieu/turtlebot3_pi_ws/build/agv_controller/prefix_override:/usr/lib/python3/dist-packages/colcon_core/task/python/colcon_distutils_commands:/home/dinhsieu/turtlebot3_pi_ws/install/agv_controller/lib/python3.10/site-packages:${PYTHONPATH} /usr/bin/python3 -W ignore:setup.py install is deprecated -W ignore:easy_install command is deprecated setup.py egg_info --egg-base ../../build/agv_controller build --build-base /home/dinhsieu/turtlebot3_pi_ws/build/agv_controller/build install --record /home/dinhsieu/turtlebot3_pi_ws/build/agv_controller/install.log --single-version-externally-managed install_data
