[1.185s] Invoking command in '/home/dinhsieu/turtlebot3_pi_ws/build/hls_lfcd_lds_driver': CMAKE_PREFIX_PATH=${CMAKE_PREFIX_PATH}:/home/dinhsieu/turtlebot3_pi_ws/install/stm32_monitor:/home/dinhsieu/turtlebot3_pi_ws/install/agv_controller:/opt/ros/humble /usr/bin/cmake /home/dinhsieu/turtlebot3_pi_ws/src/hls_lfcd_lds_driver -DCMAKE_INSTALL_PREFIX=/home/dinhsieu/turtlebot3_pi_ws/install/hls_lfcd_lds_driver
[1.495s] -- The C compiler identification is GNU 11.4.0
[1.780s] -- The CXX compiler identification is GNU 11.4.0
[1.812s] -- Detecting C compiler ABI info
[2.149s] -- Detecting C compiler ABI info - done
[2.176s] -- Check for working C compiler: /usr/bin/cc - skipped
[2.177s] -- Detecting C compile features
[2.179s] -- Detecting C compile features - done
[2.191s] -- Detecting CXX compiler ABI info
[2.569s] -- Detecting CXX compiler ABI info - done
[2.597s] -- Check for working CXX compiler: /usr/bin/c++ - skipped
[2.598s] -- Detecting CXX compile features
[2.601s] -- Detecting CXX compile features - done
[2.635s] -- Found ament_cmake: 1.3.12 (/opt/ros/humble/share/ament_cmake/cmake)
[3.469s] -- Found Python3: /usr/bin/python3 (found version "3.10.12") found components: Interpreter 
[4.075s] -- Found rclcpp: 16.0.17 (/opt/ros/humble/share/rclcpp/cmake)
[4.442s] -- Found rosidl_generator_c: 3.1.8 (/opt/ros/humble/share/rosidl_generator_c/cmake)
[4.495s] -- Found rosidl_adapter: 3.1.8 (/opt/ros/humble/share/rosidl_adapter/cmake)
[4.561s] -- Found rosidl_generator_cpp: 3.1.8 (/opt/ros/humble/share/rosidl_generator_cpp/cmake)
[4.643s] -- Using all available rosidl_typesupport_c: rosidl_typesupport_fastrtps_c;rosidl_typesupport_introspection_c
[4.758s] -- Using all available rosidl_typesupport_cpp: rosidl_typesupport_fastrtps_cpp;rosidl_typesupport_introspection_cpp
[5.078s] -- Found rmw_implementation_cmake: 6.1.2 (/opt/ros/humble/share/rmw_implementation_cmake/cmake)
[5.105s] -- Found rmw_cyclonedds_cpp: 1.3.4 (/opt/ros/humble/share/rmw_cyclonedds_cpp/cmake)
[5.250s] -- Using RMW implementation 'rmw_cyclonedds_cpp' as default
[5.360s] -- Looking for pthread.h
[5.749s] -- Looking for pthread.h - found
[5.751s] -- Performing Test CMAKE_HAVE_LIBC_PTHREAD
[6.123s] -- Performing Test CMAKE_HAVE_LIBC_PTHREAD - Success
[6.127s] -- Found Threads: TRUE  
[6.511s] -- Found sensor_msgs: 4.9.0 (/opt/ros/humble/share/sensor_msgs/cmake)
[6.904s] -- Found Boost: /usr/lib/aarch64-linux-gnu/cmake/Boost-1.74.0/BoostConfig.cmake (found version "1.74.0") found components: system 
[7.221s] -- Configuring done
[7.285s] -- Generating done
[7.302s] -- Build files have been written to: /home/dinhsieu/turtlebot3_pi_ws/build/hls_lfcd_lds_driver
