[3.066s] Invoking command in '/home/dinhsieu/turtlebot3_pi_ws/build/agv_controller': PYTHONPATH=/home/dinhsieu/turtlebot3_pi_ws/build/agv_controller/prefix_override:/usr/lib/python3/dist-packages/colcon_core/task/python/colcon_distutils_commands:/home/dinhsieu/turtlebot3_pi_ws/install/agv_controller/lib/python3.10/site-packages:${PYTHONPATH} /usr/bin/python3 -W ignore:setup.py install is deprecated -W ignore:easy_install command is deprecated setup.py develop --editable --build-directory /home/dinhsieu/turtlebot3_pi_ws/build/agv_controller/build --no-deps symlink_data --force
[4.638s] running develop
[6.030s] running egg_info
[6.034s] writing agv_controller.egg-info/PKG-INFO
[6.035s] writing dependency_links to agv_controller.egg-info/dependency_links.txt
[6.036s] writing entry points to agv_controller.egg-info/entry_points.txt
[6.038s] writing requirements to agv_controller.egg-info/requires.txt
[6.044s] writing top-level names to agv_controller.egg-info/top_level.txt
[6.051s] reading manifest file 'agv_controller.egg-info/SOURCES.txt'
[6.054s] writing manifest file 'agv_controller.egg-info/SOURCES.txt'
[6.061s] running build_ext
[6.062s] Creating /home/dinhsieu/turtlebot3_pi_ws/install/agv_controller/lib/python3.10/site-packages/agv-controller.egg-link (link to .)
[6.066s] Installing diff_drive_controller script to /home/dinhsieu/turtlebot3_pi_ws/install/agv_controller/lib/agv_controller
[6.068s] 
[6.070s] Installed /home/dinhsieu/turtlebot3_pi_ws/build/agv_controller
[6.071s] running symlink_data
[6.072s] symbolically linking /home/dinhsieu/turtlebot3_pi_ws/build/agv_controller/resource/agv_controller -> /home/dinhsieu/turtlebot3_pi_ws/install/agv_controller/share/ament_index/resource_index/packages
[6.073s] symbolically linking /home/dinhsieu/turtlebot3_pi_ws/build/agv_controller/package.xml -> /home/dinhsieu/turtlebot3_pi_ws/install/agv_controller/share/agv_controller
[6.074s] symbolically linking /home/dinhsieu/turtlebot3_pi_ws/build/agv_controller/launch/handheld_slam.launch.py -> /home/dinhsieu/turtlebot3_pi_ws/install/agv_controller/share/agv_controller/launch
[6.077s] symbolically linking /home/dinhsieu/turtlebot3_pi_ws/build/agv_controller/launch/nav2_custom.launch.py -> /home/dinhsieu/turtlebot3_pi_ws/install/agv_controller/share/agv_controller/launch
[6.080s] symbolically linking /home/dinhsieu/turtlebot3_pi_ws/build/agv_controller/config/slam_handheld.yaml -> /home/dinhsieu/turtlebot3_pi_ws/install/agv_controller/share/agv_controller/config
[6.083s] symbolically linking /home/dinhsieu/turtlebot3_pi_ws/build/agv_controller/config/my_nav2_params.yaml -> /home/dinhsieu/turtlebot3_pi_ws/install/agv_controller/share/agv_controller/config
[6.236s] Invoked command in '/home/dinhsieu/turtlebot3_pi_ws/build/agv_controller' returned '0': PYTHONPATH=/home/dinhsieu/turtlebot3_pi_ws/build/agv_controller/prefix_override:/usr/lib/python3/dist-packages/colcon_core/task/python/colcon_distutils_commands:/home/dinhsieu/turtlebot3_pi_ws/install/agv_controller/lib/python3.10/site-packages:${PYTHONPATH} /usr/bin/python3 -W ignore:setup.py install is deprecated -W ignore:easy_install command is deprecated setup.py develop --editable --build-directory /home/dinhsieu/turtlebot3_pi_ws/build/agv_controller/build --no-deps symlink_data --force
